[0.107s] DEBUG:colcon:Command line arguments: ['/usr/bin/colcon', 'build', '--symlink-install']
[0.107s] DEBUG:colcon:Parsed command line arguments: Namespace(log_base=None, log_level=None, verb_name='build', build_base='build', install_base='install', merge_install=False, symlink_install=True, test_result_base=None, continue_on_error=False, executor='parallel', parallel_workers=8, event_handlers=None, ignore_user_meta=False, metas=['./colcon.meta'], base_paths=['.'], packages_ignore=None, packages_ignore_regex=None, paths=None, packages_up_to=None, packages_up_to_regex=None, packages_above=None, packages_above_and_dependencies=None, packages_above_depth=None, packages_select_by_dep=None, packages_skip_by_dep=None, packages_skip_up_to=None, packages_select_build_failed=False, packages_skip_build_finished=False, packages_select_test_failures=False, packages_skip_test_passed=False, packages_select=None, packages_skip=None, packages_select_regex=None, packages_skip_regex=None, packages_start=None, packages_end=None, allow_overriding=[], cmake_args=None, cmake_target=None, cmake_target_skip_unavailable=False, cmake_clean_cache=False, cmake_clean_first=False, cmake_force_configure=False, ament_cmake_args=None, catkin_cmake_args=None, catkin_skip_building_tests=False, mixin_files=None, mixin=None, verb_parser=<colcon_mixin.mixin.mixin_argument.MixinArgumentDecorator object at 0x7fcb117a2110>, verb_extension=<colcon_core.verb.build.BuildVerb object at 0x7fcb1171ffd0>, main=<bound method BuildVerb.main of <colcon_core.verb.build.BuildVerb object at 0x7fcb1171ffd0>>, mixin_verb=('build',))
[0.343s] Level 1:colcon.colcon_core.package_discovery:discover_packages(colcon_meta) check parameters
[0.343s] Level 1:colcon.colcon_core.package_discovery:discover_packages(recursive) check parameters
[0.343s] Level 1:colcon.colcon_core.package_discovery:discover_packages(ignore) check parameters
[0.343s] Level 1:colcon.colcon_core.package_discovery:discover_packages(path) check parameters
[0.343s] Level 1:colcon.colcon_core.package_discovery:discover_packages(colcon_meta) discover
[0.343s] Level 1:colcon.colcon_core.package_discovery:discover_packages(recursive) discover
[0.343s] INFO:colcon.colcon_core.package_discovery:Crawling recursively for packages in '/home/lfvargas/amr_ws'
[0.343s] Level 1:colcon.colcon_core.package_identification:_identify(.) by extensions ['ignore', 'ignore_ament_install']
[0.343s] Level 1:colcon.colcon_core.package_identification:_identify(.) by extension 'ignore'
[0.343s] Level 1:colcon.colcon_core.package_identification:_identify(.) by extension 'ignore_ament_install'
[0.343s] Level 1:colcon.colcon_core.package_identification:_identify(.) by extensions ['colcon_pkg']
[0.343s] Level 1:colcon.colcon_core.package_identification:_identify(.) by extension 'colcon_pkg'
[0.343s] Level 1:colcon.colcon_core.package_identification:_identify(.) by extensions ['colcon_meta']
[0.343s] Level 1:colcon.colcon_core.package_identification:_identify(.) by extension 'colcon_meta'
[0.343s] Level 1:colcon.colcon_core.package_identification:_identify(.) by extensions ['ros']
[0.343s] Level 1:colcon.colcon_core.package_identification:_identify(.) by extension 'ros'
[0.353s] Level 1:colcon.colcon_core.package_identification:_identify(.) by extensions ['cmake', 'python']
[0.353s] Level 1:colcon.colcon_core.package_identification:_identify(.) by extension 'cmake'
[0.353s] Level 1:colcon.colcon_core.package_identification:_identify(.) by extension 'python'
[0.353s] Level 1:colcon.colcon_core.package_identification:_identify(.) by extensions ['python_setup_py']
[0.353s] Level 1:colcon.colcon_core.package_identification:_identify(.) by extension 'python_setup_py'
[0.353s] Level 1:colcon.colcon_core.package_identification:_identify(build) by extensions ['ignore', 'ignore_ament_install']
[0.353s] Level 1:colcon.colcon_core.package_identification:_identify(build) by extension 'ignore'
[0.353s] Level 1:colcon.colcon_core.package_identification:_identify(build) ignored
[0.353s] Level 1:colcon.colcon_core.package_identification:_identify(install) by extensions ['ignore', 'ignore_ament_install']
[0.353s] Level 1:colcon.colcon_core.package_identification:_identify(install) by extension 'ignore'
[0.353s] Level 1:colcon.colcon_core.package_identification:_identify(install) ignored
[0.353s] Level 1:colcon.colcon_core.package_identification:_identify(log) by extensions ['ignore', 'ignore_ament_install']
[0.353s] Level 1:colcon.colcon_core.package_identification:_identify(log) by extension 'ignore'
[0.353s] Level 1:colcon.colcon_core.package_identification:_identify(log) ignored
[0.353s] Level 1:colcon.colcon_core.package_identification:_identify(src) by extensions ['ignore', 'ignore_ament_install']
[0.353s] Level 1:colcon.colcon_core.package_identification:_identify(src) by extension 'ignore'
[0.354s] Level 1:colcon.colcon_core.package_identification:_identify(src) by extension 'ignore_ament_install'
[0.354s] Level 1:colcon.colcon_core.package_identification:_identify(src) by extensions ['colcon_pkg']
[0.354s] Level 1:colcon.colcon_core.package_identification:_identify(src) by extension 'colcon_pkg'
[0.354s] Level 1:colcon.colcon_core.package_identification:_identify(src) by extensions ['colcon_meta']
[0.354s] Level 1:colcon.colcon_core.package_identification:_identify(src) by extension 'colcon_meta'
[0.354s] Level 1:colcon.colcon_core.package_identification:_identify(src) by extensions ['ros']
[0.354s] Level 1:colcon.colcon_core.package_identification:_identify(src) by extension 'ros'
[0.354s] Level 1:colcon.colcon_core.package_identification:_identify(src) by extensions ['cmake', 'python']
[0.354s] Level 1:colcon.colcon_core.package_identification:_identify(src) by extension 'cmake'
[0.354s] Level 1:colcon.colcon_core.package_identification:_identify(src) by extension 'python'
[0.354s] Level 1:colcon.colcon_core.package_identification:_identify(src) by extensions ['python_setup_py']
[0.354s] Level 1:colcon.colcon_core.package_identification:_identify(src) by extension 'python_setup_py'
[0.354s] Level 1:colcon.colcon_core.package_identification:_identify(src/amr) by extensions ['ignore', 'ignore_ament_install']
[0.354s] Level 1:colcon.colcon_core.package_identification:_identify(src/amr) by extension 'ignore'
[0.354s] Level 1:colcon.colcon_core.package_identification:_identify(src/amr) by extension 'ignore_ament_install'
[0.354s] Level 1:colcon.colcon_core.package_identification:_identify(src/amr) by extensions ['colcon_pkg']
[0.354s] Level 1:colcon.colcon_core.package_identification:_identify(src/amr) by extension 'colcon_pkg'
[0.354s] Level 1:colcon.colcon_core.package_identification:_identify(src/amr) by extensions ['colcon_meta']
[0.354s] Level 1:colcon.colcon_core.package_identification:_identify(src/amr) by extension 'colcon_meta'
[0.354s] Level 1:colcon.colcon_core.package_identification:_identify(src/amr) by extensions ['ros']
[0.354s] Level 1:colcon.colcon_core.package_identification:_identify(src/amr) by extension 'ros'
[0.357s] DEBUG:colcon.colcon_core.package_identification:Package 'src/amr' with type 'ros.ament_python' and name 'amr'
[0.357s] Level 1:colcon.colcon_core.package_identification:_identify(src/amr_bringup) by extensions ['ignore', 'ignore_ament_install']
[0.357s] Level 1:colcon.colcon_core.package_identification:_identify(src/amr_bringup) by extension 'ignore'
[0.357s] Level 1:colcon.colcon_core.package_identification:_identify(src/amr_bringup) by extension 'ignore_ament_install'
[0.357s] Level 1:colcon.colcon_core.package_identification:_identify(src/amr_bringup) by extensions ['colcon_pkg']
[0.357s] Level 1:colcon.colcon_core.package_identification:_identify(src/amr_bringup) by extension 'colcon_pkg'
[0.357s] Level 1:colcon.colcon_core.package_identification:_identify(src/amr_bringup) by extensions ['colcon_meta']
[0.357s] Level 1:colcon.colcon_core.package_identification:_identify(src/amr_bringup) by extension 'colcon_meta'
[0.357s] Level 1:colcon.colcon_core.package_identification:_identify(src/amr_bringup) by extensions ['ros']
[0.357s] Level 1:colcon.colcon_core.package_identification:_identify(src/amr_bringup) by extension 'ros'
[0.358s] DEBUG:colcon.colcon_core.package_identification:Package 'src/amr_bringup' with type 'ros.ament_python' and name 'amr_bringup'
[0.358s] Level 1:colcon.colcon_core.package_identification:_identify(src/nav2_bringup) by extensions ['ignore', 'ignore_ament_install']
[0.358s] Level 1:colcon.colcon_core.package_identification:_identify(src/nav2_bringup) by extension 'ignore'
[0.358s] Level 1:colcon.colcon_core.package_identification:_identify(src/nav2_bringup) by extension 'ignore_ament_install'
[0.358s] Level 1:colcon.colcon_core.package_identification:_identify(src/nav2_bringup) by extensions ['colcon_pkg']
[0.358s] Level 1:colcon.colcon_core.package_identification:_identify(src/nav2_bringup) by extension 'colcon_pkg'
[0.358s] Level 1:colcon.colcon_core.package_identification:_identify(src/nav2_bringup) by extensions ['colcon_meta']
[0.358s] Level 1:colcon.colcon_core.package_identification:_identify(src/nav2_bringup) by extension 'colcon_meta'
[0.358s] Level 1:colcon.colcon_core.package_identification:_identify(src/nav2_bringup) by extensions ['ros']
[0.358s] Level 1:colcon.colcon_core.package_identification:_identify(src/nav2_bringup) by extension 'ros'
[0.359s] DEBUG:colcon.colcon_core.package_identification:Package 'src/nav2_bringup' with type 'ros.ament_cmake' and name 'nova_nav2_bringup'
[0.359s] Level 1:colcon.colcon_core.package_identification:_identify(web) by extensions ['ignore', 'ignore_ament_install']
[0.359s] Level 1:colcon.colcon_core.package_identification:_identify(web) by extension 'ignore'
[0.359s] Level 1:colcon.colcon_core.package_identification:_identify(web) by extension 'ignore_ament_install'
[0.359s] Level 1:colcon.colcon_core.package_identification:_identify(web) by extensions ['colcon_pkg']
[0.359s] Level 1:colcon.colcon_core.package_identification:_identify(web) by extension 'colcon_pkg'
[0.359s] Level 1:colcon.colcon_core.package_identification:_identify(web) by extensions ['colcon_meta']
[0.359s] Level 1:colcon.colcon_core.package_identification:_identify(web) by extension 'colcon_meta'
[0.359s] Level 1:colcon.colcon_core.package_identification:_identify(web) by extensions ['ros']
[0.359s] Level 1:colcon.colcon_core.package_identification:_identify(web) by extension 'ros'
[0.359s] Level 1:colcon.colcon_core.package_identification:_identify(web) by extensions ['cmake', 'python']
[0.359s] Level 1:colcon.colcon_core.package_identification:_identify(web) by extension 'cmake'
[0.359s] Level 1:colcon.colcon_core.package_identification:_identify(web) by extension 'python'
[0.359s] Level 1:colcon.colcon_core.package_identification:_identify(web) by extensions ['python_setup_py']
[0.359s] Level 1:colcon.colcon_core.package_identification:_identify(web) by extension 'python_setup_py'
[0.359s] Level 1:colcon.colcon_core.package_discovery:discover_packages(recursive) using defaults
[0.359s] Level 1:colcon.colcon_core.package_discovery:discover_packages(ignore) discover
[0.360s] Level 1:colcon.colcon_core.package_discovery:discover_packages(ignore) using defaults
[0.360s] Level 1:colcon.colcon_core.package_discovery:discover_packages(path) discover
[0.360s] Level 1:colcon.colcon_core.package_discovery:discover_packages(path) using defaults
[0.378s] Level 1:colcon.colcon_core.package_discovery:discover_packages(prefix_path) check parameters
[0.378s] Level 1:colcon.colcon_core.package_discovery:discover_packages(prefix_path) discover
[0.379s] DEBUG:colcon.colcon_installed_package_information.package_discovery:Found 3 installed packages in /home/lfvargas/amr_ws/install
[0.380s] DEBUG:colcon.colcon_installed_package_information.package_discovery:Found 17 installed packages in /home/lfvargas/ros2_ws/install
[0.382s] DEBUG:colcon.colcon_installed_package_information.package_discovery:Found 504 installed packages in /opt/ros/humble
[0.384s] Level 1:colcon.colcon_core.package_discovery:discover_packages(prefix_path) using defaults
[0.442s] Level 5:colcon.colcon_core.verb:set package 'amr' build argument 'cmake_args' from command line to 'None'
[0.442s] Level 5:colcon.colcon_core.verb:set package 'amr' build argument 'cmake_target' from command line to 'None'
[0.442s] Level 5:colcon.colcon_core.verb:set package 'amr' build argument 'cmake_target_skip_unavailable' from command line to 'False'
[0.442s] Level 5:colcon.colcon_core.verb:set package 'amr' build argument 'cmake_clean_cache' from command line to 'False'
[0.442s] Level 5:colcon.colcon_core.verb:set package 'amr' build argument 'cmake_clean_first' from command line to 'False'
[0.442s] Level 5:colcon.colcon_core.verb:set package 'amr' build argument 'cmake_force_configure' from command line to 'False'
[0.442s] Level 5:colcon.colcon_core.verb:set package 'amr' build argument 'ament_cmake_args' from command line to 'None'
[0.442s] Level 5:colcon.colcon_core.verb:set package 'amr' build argument 'catkin_cmake_args' from command line to 'None'
[0.442s] Level 5:colcon.colcon_core.verb:set package 'amr' build argument 'catkin_skip_building_tests' from command line to 'False'
[0.442s] DEBUG:colcon.colcon_core.verb:Building package 'amr' with the following arguments: {'ament_cmake_args': None, 'build_base': '/home/lfvargas/amr_ws/build/amr', 'catkin_cmake_args': None, 'catkin_skip_building_tests': False, 'cmake_args': None, 'cmake_clean_cache': False, 'cmake_clean_first': False, 'cmake_force_configure': False, 'cmake_target': None, 'cmake_target_skip_unavailable': False, 'install_base': '/home/lfvargas/amr_ws/install/amr', 'merge_install': False, 'path': '/home/lfvargas/amr_ws/src/amr', 'symlink_install': True, 'test_result_base': None}
[0.442s] Level 5:colcon.colcon_core.verb:set package 'amr_bringup' build argument 'cmake_args' from command line to 'None'
[0.442s] Level 5:colcon.colcon_core.verb:set package 'amr_bringup' build argument 'cmake_target' from command line to 'None'
[0.442s] Level 5:colcon.colcon_core.verb:set package 'amr_bringup' build argument 'cmake_target_skip_unavailable' from command line to 'False'
[0.442s] Level 5:colcon.colcon_core.verb:set package 'amr_bringup' build argument 'cmake_clean_cache' from command line to 'False'
[0.442s] Level 5:colcon.colcon_core.verb:set package 'amr_bringup' build argument 'cmake_clean_first' from command line to 'False'
[0.442s] Level 5:colcon.colcon_core.verb:set package 'amr_bringup' build argument 'cmake_force_configure' from command line to 'False'
[0.442s] Level 5:colcon.colcon_core.verb:set package 'amr_bringup' build argument 'ament_cmake_args' from command line to 'None'
[0.442s] Level 5:colcon.colcon_core.verb:set package 'amr_bringup' build argument 'catkin_cmake_args' from command line to 'None'
[0.442s] Level 5:colcon.colcon_core.verb:set package 'amr_bringup' build argument 'catkin_skip_building_tests' from command line to 'False'
[0.442s] DEBUG:colcon.colcon_core.verb:Building package 'amr_bringup' with the following arguments: {'ament_cmake_args': None, 'build_base': '/home/lfvargas/amr_ws/build/amr_bringup', 'catkin_cmake_args': None, 'catkin_skip_building_tests': False, 'cmake_args': None, 'cmake_clean_cache': False, 'cmake_clean_first': False, 'cmake_force_configure': False, 'cmake_target': None, 'cmake_target_skip_unavailable': False, 'install_base': '/home/lfvargas/amr_ws/install/amr_bringup', 'merge_install': False, 'path': '/home/lfvargas/amr_ws/src/amr_bringup', 'symlink_install': True, 'test_result_base': None}
[0.443s] Level 5:colcon.colcon_core.verb:set package 'nova_nav2_bringup' build argument 'cmake_args' from command line to 'None'
[0.443s] Level 5:colcon.colcon_core.verb:set package 'nova_nav2_bringup' build argument 'cmake_target' from command line to 'None'
[0.443s] Level 5:colcon.colcon_core.verb:set package 'nova_nav2_bringup' build argument 'cmake_target_skip_unavailable' from command line to 'False'
[0.443s] Level 5:colcon.colcon_core.verb:set package 'nova_nav2_bringup' build argument 'cmake_clean_cache' from command line to 'False'
[0.443s] Level 5:colcon.colcon_core.verb:set package 'nova_nav2_bringup' build argument 'cmake_clean_first' from command line to 'False'
[0.443s] Level 5:colcon.colcon_core.verb:set package 'nova_nav2_bringup' build argument 'cmake_force_configure' from command line to 'False'
[0.443s] Level 5:colcon.colcon_core.verb:set package 'nova_nav2_bringup' build argument 'ament_cmake_args' from command line to 'None'
[0.443s] Level 5:colcon.colcon_core.verb:set package 'nova_nav2_bringup' build argument 'catkin_cmake_args' from command line to 'None'
[0.443s] Level 5:colcon.colcon_core.verb:set package 'nova_nav2_bringup' build argument 'catkin_skip_building_tests' from command line to 'False'
[0.443s] DEBUG:colcon.colcon_core.verb:Building package 'nova_nav2_bringup' with the following arguments: {'ament_cmake_args': None, 'build_base': '/home/lfvargas/amr_ws/build/nova_nav2_bringup', 'catkin_cmake_args': None, 'catkin_skip_building_tests': False, 'cmake_args': None, 'cmake_clean_cache': False, 'cmake_clean_first': False, 'cmake_force_configure': False, 'cmake_target': None, 'cmake_target_skip_unavailable': False, 'install_base': '/home/lfvargas/amr_ws/install/nova_nav2_bringup', 'merge_install': False, 'path': '/home/lfvargas/amr_ws/src/nav2_bringup', 'symlink_install': True, 'test_result_base': None}
[0.443s] INFO:colcon.colcon_core.executor:Executing jobs using 'parallel' executor
[0.444s] DEBUG:colcon.colcon_parallel_executor.executor.parallel:run_until_complete
[0.444s] INFO:colcon.colcon_ros.task.ament_python.build:Building ROS package in '/home/lfvargas/amr_ws/src/amr' with build type 'ament_python'
[0.444s] Level 1:colcon.colcon_core.shell:create_environment_hook('amr', 'ament_prefix_path')
[0.446s] INFO:colcon.colcon_core.plugin_system:Skipping extension 'colcon_core.shell.bat': Not used on non-Windows systems
[0.446s] INFO:colcon.colcon_core.shell:Creating environment hook '/home/lfvargas/amr_ws/install/amr/share/amr/hook/ament_prefix_path.ps1'
[0.447s] INFO:colcon.colcon_core.shell:Creating environment descriptor '/home/lfvargas/amr_ws/install/amr/share/amr/hook/ament_prefix_path.dsv'
[0.447s] INFO:colcon.colcon_core.shell:Creating environment hook '/home/lfvargas/amr_ws/install/amr/share/amr/hook/ament_prefix_path.sh'
[0.448s] INFO:colcon.colcon_core.shell:Skip shell extension 'powershell' for command environment: Not usable outside of PowerShell
[0.448s] DEBUG:colcon.colcon_core.shell:Skip shell extension 'dsv' for command environment
[0.452s] INFO:colcon.colcon_ros.task.ament_python.build:Building ROS package in '/home/lfvargas/amr_ws/src/amr_bringup' with build type 'ament_python'
[0.452s] Level 1:colcon.colcon_core.shell:create_environment_hook('amr_bringup', 'ament_prefix_path')
[0.452s] INFO:colcon.colcon_core.shell:Creating environment hook '/home/lfvargas/amr_ws/install/amr_bringup/share/amr_bringup/hook/ament_prefix_path.ps1'
[0.453s] INFO:colcon.colcon_core.shell:Creating environment descriptor '/home/lfvargas/amr_ws/install/amr_bringup/share/amr_bringup/hook/ament_prefix_path.dsv'
[0.453s] INFO:colcon.colcon_core.shell:Creating environment hook '/home/lfvargas/amr_ws/install/amr_bringup/share/amr_bringup/hook/ament_prefix_path.sh'
[0.454s] INFO:colcon.colcon_core.shell:Skip shell extension 'powershell' for command environment: Not usable outside of PowerShell
[0.454s] DEBUG:colcon.colcon_core.shell:Skip shell extension 'dsv' for command environment
[0.458s] INFO:colcon.colcon_ros.task.ament_cmake.build:Building ROS package in '/home/lfvargas/amr_ws/src/nav2_bringup' with build type 'ament_cmake'
[0.458s] INFO:colcon.colcon_cmake.task.cmake.build:Building CMake package in '/home/lfvargas/amr_ws/src/nav2_bringup'
[0.458s] INFO:colcon.colcon_core.shell:Skip shell extension 'powershell' for command environment: Not usable outside of PowerShell
[0.459s] DEBUG:colcon.colcon_core.shell:Skip shell extension 'dsv' for command environment
[0.781s] INFO:colcon.colcon_core.task.python.build:Building Python package in '/home/lfvargas/amr_ws/src/amr'
[0.781s] INFO:colcon.colcon_core.shell:Skip shell extension 'powershell' for command environment: Not usable outside of PowerShell
[0.781s] DEBUG:colcon.colcon_core.shell:Skip shell extension 'dsv' for command environment
[1.093s] INFO:colcon.colcon_core.task.python.build:Building Python package in '/home/lfvargas/amr_ws/src/amr_bringup'
[1.093s] INFO:colcon.colcon_core.shell:Skip shell extension 'powershell' for command environment: Not usable outside of PowerShell
[1.093s] DEBUG:colcon.colcon_core.shell:Skip shell extension 'dsv' for command environment
[1.102s] DEBUG:colcon.colcon_core.event_handler.log_command:Invoking command in '/home/lfvargas/amr_ws/build/nova_nav2_bringup': CMAKE_PREFIX_PATH=${CMAKE_PREFIX_PATH}:/home/lfvargas/amr_ws/install/amr_bringup:/home/lfvargas/amr_ws/install/amr /usr/bin/cmake --build /home/lfvargas/amr_ws/build/nova_nav2_bringup -- -j8 -l8
[1.143s] DEBUG:colcon.colcon_core.event_handler.log_command:Invoked command in '/home/lfvargas/amr_ws/build/nova_nav2_bringup' returned '0': CMAKE_PREFIX_PATH=${CMAKE_PREFIX_PATH}:/home/lfvargas/amr_ws/install/amr_bringup:/home/lfvargas/amr_ws/install/amr /usr/bin/cmake --build /home/lfvargas/amr_ws/build/nova_nav2_bringup -- -j8 -l8
[1.154s] DEBUG:colcon.colcon_core.event_handler.log_command:Invoking command in '/home/lfvargas/amr_ws/build/nova_nav2_bringup': CMAKE_PREFIX_PATH=${CMAKE_PREFIX_PATH}:/home/lfvargas/amr_ws/install/amr_bringup:/home/lfvargas/amr_ws/install/amr /usr/bin/cmake --install /home/lfvargas/amr_ws/build/nova_nav2_bringup
[1.182s] Level 1:colcon.colcon_core.environment:create_environment_scripts_only(nova_nav2_bringup)
[1.183s] DEBUG:colcon.colcon_core.event_handler.log_command:Invoked command in '/home/lfvargas/amr_ws/build/nova_nav2_bringup' returned '0': CMAKE_PREFIX_PATH=${CMAKE_PREFIX_PATH}:/home/lfvargas/amr_ws/install/amr_bringup:/home/lfvargas/amr_ws/install/amr /usr/bin/cmake --install /home/lfvargas/amr_ws/build/nova_nav2_bringup
[1.185s] Level 1:colcon.colcon_core.environment:checking '/home/lfvargas/amr_ws/install/nova_nav2_bringup' for CMake module files
[1.185s] Level 1:colcon.colcon_core.environment:checking '/home/lfvargas/amr_ws/install/nova_nav2_bringup' for CMake config files
[1.185s] Level 1:colcon.colcon_core.shell:create_environment_hook('nova_nav2_bringup', 'cmake_prefix_path')
[1.186s] INFO:colcon.colcon_core.shell:Creating environment hook '/home/lfvargas/amr_ws/install/nova_nav2_bringup/share/nova_nav2_bringup/hook/cmake_prefix_path.ps1'
[1.186s] INFO:colcon.colcon_core.shell:Creating environment descriptor '/home/lfvargas/amr_ws/install/nova_nav2_bringup/share/nova_nav2_bringup/hook/cmake_prefix_path.dsv'
[1.187s] INFO:colcon.colcon_core.shell:Creating environment hook '/home/lfvargas/amr_ws/install/nova_nav2_bringup/share/nova_nav2_bringup/hook/cmake_prefix_path.sh'
[1.187s] Level 1:colcon.colcon_core.environment:checking '/home/lfvargas/amr_ws/install/nova_nav2_bringup/bin'
[1.187s] Level 1:colcon.colcon_core.environment:checking '/home/lfvargas/amr_ws/install/nova_nav2_bringup/lib/pkgconfig/nova_nav2_bringup.pc'
[1.187s] Level 1:colcon.colcon_core.environment:checking '/home/lfvargas/amr_ws/install/nova_nav2_bringup/lib/python3.10/site-packages'
[1.188s] Level 1:colcon.colcon_core.environment:checking '/home/lfvargas/amr_ws/install/nova_nav2_bringup/bin'
[1.188s] INFO:colcon.colcon_core.shell:Creating package script '/home/lfvargas/amr_ws/install/nova_nav2_bringup/share/nova_nav2_bringup/package.ps1'
[1.189s] INFO:colcon.colcon_core.shell:Creating package descriptor '/home/lfvargas/amr_ws/install/nova_nav2_bringup/share/nova_nav2_bringup/package.dsv'
[1.189s] INFO:colcon.colcon_core.shell:Creating package script '/home/lfvargas/amr_ws/install/nova_nav2_bringup/share/nova_nav2_bringup/package.sh'
[1.190s] INFO:colcon.colcon_core.shell:Creating package script '/home/lfvargas/amr_ws/install/nova_nav2_bringup/share/nova_nav2_bringup/package.bash'
[1.191s] INFO:colcon.colcon_core.shell:Creating package script '/home/lfvargas/amr_ws/install/nova_nav2_bringup/share/nova_nav2_bringup/package.zsh'
[1.191s] Level 1:colcon.colcon_core.environment:create_file_with_runtime_dependencies(/home/lfvargas/amr_ws/install/nova_nav2_bringup/share/colcon-core/packages/nova_nav2_bringup)
[1.192s] Level 1:colcon.colcon_core.environment:create_environment_scripts_only(nova_nav2_bringup)
[1.192s] Level 1:colcon.colcon_core.environment:checking '/home/lfvargas/amr_ws/install/nova_nav2_bringup' for CMake module files
[1.192s] Level 1:colcon.colcon_core.environment:checking '/home/lfvargas/amr_ws/install/nova_nav2_bringup' for CMake config files
[1.193s] Level 1:colcon.colcon_core.shell:create_environment_hook('nova_nav2_bringup', 'cmake_prefix_path')
[1.193s] INFO:colcon.colcon_core.shell:Creating environment hook '/home/lfvargas/amr_ws/install/nova_nav2_bringup/share/nova_nav2_bringup/hook/cmake_prefix_path.ps1'
[1.193s] INFO:colcon.colcon_core.shell:Creating environment descriptor '/home/lfvargas/amr_ws/install/nova_nav2_bringup/share/nova_nav2_bringup/hook/cmake_prefix_path.dsv'
[1.193s] INFO:colcon.colcon_core.shell:Creating environment hook '/home/lfvargas/amr_ws/install/nova_nav2_bringup/share/nova_nav2_bringup/hook/cmake_prefix_path.sh'
[1.194s] Level 1:colcon.colcon_core.environment:checking '/home/lfvargas/amr_ws/install/nova_nav2_bringup/bin'
[1.194s] Level 1:colcon.colcon_core.environment:checking '/home/lfvargas/amr_ws/install/nova_nav2_bringup/lib/pkgconfig/nova_nav2_bringup.pc'
[1.194s] Level 1:colcon.colcon_core.environment:checking '/home/lfvargas/amr_ws/install/nova_nav2_bringup/lib/python3.10/site-packages'
[1.195s] Level 1:colcon.colcon_core.environment:checking '/home/lfvargas/amr_ws/install/nova_nav2_bringup/bin'
[1.195s] INFO:colcon.colcon_core.shell:Creating package script '/home/lfvargas/amr_ws/install/nova_nav2_bringup/share/nova_nav2_bringup/package.ps1'
[1.195s] INFO:colcon.colcon_core.shell:Creating package descriptor '/home/lfvargas/amr_ws/install/nova_nav2_bringup/share/nova_nav2_bringup/package.dsv'
[1.196s] INFO:colcon.colcon_core.shell:Creating package script '/home/lfvargas/amr_ws/install/nova_nav2_bringup/share/nova_nav2_bringup/package.sh'
[1.196s] INFO:colcon.colcon_core.shell:Creating package script '/home/lfvargas/amr_ws/install/nova_nav2_bringup/share/nova_nav2_bringup/package.bash'
[1.196s] INFO:colcon.colcon_core.shell:Creating package script '/home/lfvargas/amr_ws/install/nova_nav2_bringup/share/nova_nav2_bringup/package.zsh'
[1.197s] Level 1:colcon.colcon_core.environment:create_file_with_runtime_dependencies(/home/lfvargas/amr_ws/install/nova_nav2_bringup/share/colcon-core/packages/nova_nav2_bringup)
[1.590s] DEBUG:colcon.colcon_core.event_handler.log_command:Invoking command in '/home/lfvargas/amr_ws/build/amr': PYTHONPATH=/home/lfvargas/amr_ws/build/amr/prefix_override:/usr/lib/python3/dist-packages/colcon_core/task/python/colcon_distutils_commands:/home/lfvargas/amr_ws/install/amr/lib/python3.10/site-packages:${PYTHONPATH} /usr/bin/python3 -W ignore:setup.py install is deprecated -W ignore:easy_install command is deprecated setup.py develop --editable --build-directory /home/lfvargas/amr_ws/build/amr/build --no-deps symlink_data
[1.603s] DEBUG:colcon.colcon_core.event_handler.log_command:Invoking command in '/home/lfvargas/amr_ws/build/amr_bringup': PYTHONPATH=/home/lfvargas/amr_ws/build/amr_bringup/prefix_override:/usr/lib/python3/dist-packages/colcon_core/task/python/colcon_distutils_commands:/home/lfvargas/amr_ws/install/amr_bringup/lib/python3.10/site-packages:${PYTHONPATH} /usr/bin/python3 -W ignore:setup.py install is deprecated -W ignore:easy_install command is deprecated setup.py develop --editable --build-directory /home/lfvargas/amr_ws/build/amr_bringup/build --no-deps symlink_data
[2.237s] Level 1:colcon.colcon_core.shell:create_environment_hook('amr', 'pythonpath_develop')
[2.237s] DEBUG:colcon.colcon_core.event_handler.log_command:Invoked command in '/home/lfvargas/amr_ws/build/amr' returned '0': PYTHONPATH=/home/lfvargas/amr_ws/build/amr/prefix_override:/usr/lib/python3/dist-packages/colcon_core/task/python/colcon_distutils_commands:/home/lfvargas/amr_ws/install/amr/lib/python3.10/site-packages:${PYTHONPATH} /usr/bin/python3 -W ignore:setup.py install is deprecated -W ignore:easy_install command is deprecated setup.py develop --editable --build-directory /home/lfvargas/amr_ws/build/amr/build --no-deps symlink_data
[2.237s] INFO:colcon.colcon_core.shell:Creating environment hook '/home/lfvargas/amr_ws/build/amr/share/amr/hook/pythonpath_develop.ps1'
[2.238s] INFO:colcon.colcon_core.shell:Creating environment descriptor '/home/lfvargas/amr_ws/build/amr/share/amr/hook/pythonpath_develop.dsv'
[2.238s] INFO:colcon.colcon_core.shell:Creating environment hook '/home/lfvargas/amr_ws/build/amr/share/amr/hook/pythonpath_develop.sh'
[2.239s] Level 1:colcon.colcon_core.environment:checking '/home/lfvargas/amr_ws/install/amr' for CMake module files
[2.239s] Level 1:colcon.colcon_core.environment:checking '/home/lfvargas/amr_ws/install/amr' for CMake config files
[2.240s] Level 1:colcon.colcon_core.environment:checking '/home/lfvargas/amr_ws/install/amr/lib'
[2.240s] Level 1:colcon.colcon_core.environment:checking '/home/lfvargas/amr_ws/install/amr/bin'
[2.240s] Level 1:colcon.colcon_core.environment:checking '/home/lfvargas/amr_ws/install/amr/lib/pkgconfig/amr.pc'
[2.240s] Level 1:colcon.colcon_core.environment:checking '/home/lfvargas/amr_ws/install/amr/lib/python3.10/site-packages'
[2.240s] Level 1:colcon.colcon_core.shell:create_environment_hook('amr', 'pythonpath')
[2.240s] INFO:colcon.colcon_core.shell:Creating environment hook '/home/lfvargas/amr_ws/install/amr/share/amr/hook/pythonpath.ps1'
[2.241s] INFO:colcon.colcon_core.shell:Creating environment descriptor '/home/lfvargas/amr_ws/install/amr/share/amr/hook/pythonpath.dsv'
[2.241s] INFO:colcon.colcon_core.shell:Creating environment hook '/home/lfvargas/amr_ws/install/amr/share/amr/hook/pythonpath.sh'
[2.242s] Level 1:colcon.colcon_core.environment:checking '/home/lfvargas/amr_ws/install/amr/bin'
[2.242s] Level 1:colcon.colcon_core.environment:create_environment_scripts_only(amr)
[2.242s] INFO:colcon.colcon_core.shell:Creating package script '/home/lfvargas/amr_ws/install/amr/share/amr/package.ps1'
[2.243s] INFO:colcon.colcon_core.shell:Creating package descriptor '/home/lfvargas/amr_ws/install/amr/share/amr/package.dsv'
[2.243s] INFO:colcon.colcon_core.shell:Creating package script '/home/lfvargas/amr_ws/install/amr/share/amr/package.sh'
[2.243s] INFO:colcon.colcon_core.shell:Creating package script '/home/lfvargas/amr_ws/install/amr/share/amr/package.bash'
[2.244s] INFO:colcon.colcon_core.shell:Creating package script '/home/lfvargas/amr_ws/install/amr/share/amr/package.zsh'
[2.244s] Level 1:colcon.colcon_core.environment:create_file_with_runtime_dependencies(/home/lfvargas/amr_ws/install/amr/share/colcon-core/packages/amr)
[2.259s] Level 1:colcon.colcon_core.shell:create_environment_hook('amr_bringup', 'pythonpath_develop')
[2.259s] INFO:colcon.colcon_core.shell:Creating environment hook '/home/lfvargas/amr_ws/build/amr_bringup/share/amr_bringup/hook/pythonpath_develop.ps1'
[2.260s] DEBUG:colcon.colcon_core.event_handler.log_command:Invoked command in '/home/lfvargas/amr_ws/build/amr_bringup' returned '0': PYTHONPATH=/home/lfvargas/amr_ws/build/amr_bringup/prefix_override:/usr/lib/python3/dist-packages/colcon_core/task/python/colcon_distutils_commands:/home/lfvargas/amr_ws/install/amr_bringup/lib/python3.10/site-packages:${PYTHONPATH} /usr/bin/python3 -W ignore:setup.py install is deprecated -W ignore:easy_install command is deprecated setup.py develop --editable --build-directory /home/lfvargas/amr_ws/build/amr_bringup/build --no-deps symlink_data
[2.260s] INFO:colcon.colcon_core.shell:Creating environment descriptor '/home/lfvargas/amr_ws/build/amr_bringup/share/amr_bringup/hook/pythonpath_develop.dsv'
[2.260s] INFO:colcon.colcon_core.shell:Creating environment hook '/home/lfvargas/amr_ws/build/amr_bringup/share/amr_bringup/hook/pythonpath_develop.sh'
[2.261s] Level 1:colcon.colcon_core.environment:checking '/home/lfvargas/amr_ws/install/amr_bringup' for CMake module files
[2.261s] Level 1:colcon.colcon_core.environment:checking '/home/lfvargas/amr_ws/install/amr_bringup' for CMake config files
[2.262s] Level 1:colcon.colcon_core.environment:checking '/home/lfvargas/amr_ws/install/amr_bringup/lib'
[2.262s] Level 1:colcon.colcon_core.environment:checking '/home/lfvargas/amr_ws/install/amr_bringup/bin'
[2.262s] Level 1:colcon.colcon_core.environment:checking '/home/lfvargas/amr_ws/install/amr_bringup/lib/pkgconfig/amr_bringup.pc'
[2.262s] Level 1:colcon.colcon_core.environment:checking '/home/lfvargas/amr_ws/install/amr_bringup/lib/python3.10/site-packages'
[2.262s] Level 1:colcon.colcon_core.shell:create_environment_hook('amr_bringup', 'pythonpath')
[2.262s] INFO:colcon.colcon_core.shell:Creating environment hook '/home/lfvargas/amr_ws/install/amr_bringup/share/amr_bringup/hook/pythonpath.ps1'
[2.262s] INFO:colcon.colcon_core.shell:Creating environment descriptor '/home/lfvargas/amr_ws/install/amr_bringup/share/amr_bringup/hook/pythonpath.dsv'
[2.263s] INFO:colcon.colcon_core.shell:Creating environment hook '/home/lfvargas/amr_ws/install/amr_bringup/share/amr_bringup/hook/pythonpath.sh'
[2.263s] Level 1:colcon.colcon_core.environment:checking '/home/lfvargas/amr_ws/install/amr_bringup/bin'
[2.263s] Level 1:colcon.colcon_core.environment:create_environment_scripts_only(amr_bringup)
[2.264s] INFO:colcon.colcon_core.shell:Creating package script '/home/lfvargas/amr_ws/install/amr_bringup/share/amr_bringup/package.ps1'
[2.264s] INFO:colcon.colcon_core.shell:Creating package descriptor '/home/lfvargas/amr_ws/install/amr_bringup/share/amr_bringup/package.dsv'
[2.264s] INFO:colcon.colcon_core.shell:Creating package script '/home/lfvargas/amr_ws/install/amr_bringup/share/amr_bringup/package.sh'
[2.265s] INFO:colcon.colcon_core.shell:Creating package script '/home/lfvargas/amr_ws/install/amr_bringup/share/amr_bringup/package.bash'
[2.265s] INFO:colcon.colcon_core.shell:Creating package script '/home/lfvargas/amr_ws/install/amr_bringup/share/amr_bringup/package.zsh'
[2.265s] Level 1:colcon.colcon_core.environment:create_file_with_runtime_dependencies(/home/lfvargas/amr_ws/install/amr_bringup/share/colcon-core/packages/amr_bringup)
[2.266s] DEBUG:colcon.colcon_parallel_executor.executor.parallel:closing loop
[2.266s] DEBUG:colcon.colcon_parallel_executor.executor.parallel:loop closed
[2.266s] DEBUG:colcon.colcon_parallel_executor.executor.parallel:run_until_complete finished with '0'
[2.266s] DEBUG:colcon.colcon_core.event_reactor:joining thread
[2.271s] INFO:colcon.colcon_core.plugin_system:Skipping extension 'colcon_notification.desktop_notification.terminal_notifier': Not used on non-Darwin systems
[2.271s] INFO:colcon.colcon_core.plugin_system:Skipping extension 'colcon_notification.desktop_notification.win32': Not used on non-Windows systems
[2.271s] INFO:colcon.colcon_notification.desktop_notification:Sending desktop notification using 'notify2'
[2.280s] DEBUG:colcon.colcon_core.event_reactor:joined thread
[2.280s] INFO:colcon.colcon_core.shell:Creating prefix script '/home/lfvargas/amr_ws/install/local_setup.ps1'
[2.281s] INFO:colcon.colcon_core.shell:Creating prefix util module '/home/lfvargas/amr_ws/install/_local_setup_util_ps1.py'
[2.282s] INFO:colcon.colcon_core.shell:Creating prefix chain script '/home/lfvargas/amr_ws/install/setup.ps1'
[2.283s] INFO:colcon.colcon_core.shell:Creating prefix script '/home/lfvargas/amr_ws/install/local_setup.sh'
[2.284s] INFO:colcon.colcon_core.shell:Creating prefix util module '/home/lfvargas/amr_ws/install/_local_setup_util_sh.py'
[2.284s] INFO:colcon.colcon_core.shell:Creating prefix chain script '/home/lfvargas/amr_ws/install/setup.sh'
[2.285s] INFO:colcon.colcon_core.shell:Creating prefix script '/home/lfvargas/amr_ws/install/local_setup.bash'
[2.286s] INFO:colcon.colcon_core.shell:Creating prefix chain script '/home/lfvargas/amr_ws/install/setup.bash'
[2.287s] INFO:colcon.colcon_core.shell:Creating prefix script '/home/lfvargas/amr_ws/install/local_setup.zsh'
[2.287s] INFO:colcon.colcon_core.shell:Creating prefix chain script '/home/lfvargas/amr_ws/install/setup.zsh'
