running develop
running egg_info
writing amr.egg-info/PKG-INFO
writing dependency_links to amr.egg-info/dependency_links.txt
writing entry points to amr.egg-info/entry_points.txt
writing requirements to amr.egg-info/requires.txt
writing top-level names to amr.egg-info/top_level.txt
reading manifest file 'amr.egg-info/SOURCES.txt'
writing manifest file 'amr.egg-info/SOURCES.txt'
running build_ext
Creating /home/lfvargas/amr_ws/install/amr/lib/python3.10/site-packages/amr.egg-link (link to .)
Installing node_trigger_goal_1 script to /home/lfvargas/amr_ws/install/amr/lib/amr
Installing node_trigger_goal_2 script to /home/lfvargas/amr_ws/install/amr/lib/amr
Installing node_trigger_goal_3 script to /home/lfvargas/amr_ws/install/amr/lib/amr
Installing node_trigger_goal_4 script to /home/lfvargas/amr_ws/install/amr/lib/amr
Installing node_trigger_goal_tb3_1 script to /home/lfvargas/amr_ws/install/amr/lib/amr
Installing node_trigger_goal_tb3_2 script to /home/lfvargas/amr_ws/install/amr/lib/amr
Installing node_trigger_goal_tb3_3 script to /home/lfvargas/amr_ws/install/amr/lib/amr
Installing node_trigger_goal_tb3_4 script to /home/lfvargas/amr_ws/install/amr/lib/amr

Installed /home/lfvargas/amr_ws/build/amr
running symlink_data
