[1.171s] Invoking command in '/home/lfvargas/amr_ws/build/amr_bringup': PYTHONPATH=/home/lfvargas/amr_ws/build/amr_bringup/prefix_override:/usr/lib/python3/dist-packages/colcon_core/task/python/colcon_distutils_commands:/home/lfvargas/amr_ws/install/amr_bringup/lib/python3.10/site-packages:${PYTHONPATH} /usr/bin/python3 -W ignore:setup.py install is deprecated -W ignore:easy_install command is deprecated setup.py develop --editable --build-directory /home/lfvargas/amr_ws/build/amr_bringup/build --no-deps symlink_data
[1.542s] running develop
[1.801s] running egg_info
[1.802s] creating amr_bringup.egg-info
[1.802s] writing amr_bringup.egg-info/PKG-INFO
[1.802s] writing dependency_links to amr_bringup.egg-info/dependency_links.txt
[1.802s] writing entry points to amr_bringup.egg-info/entry_points.txt
[1.802s] writing requirements to amr_bringup.egg-info/requires.txt
[1.802s] writing top-level names to amr_bringup.egg-info/top_level.txt
[1.803s] writing manifest file 'amr_bringup.egg-info/SOURCES.txt'
[1.805s] reading manifest file 'amr_bringup.egg-info/SOURCES.txt'
[1.805s] writing manifest file 'amr_bringup.egg-info/SOURCES.txt'
[1.857s] running build_ext
[1.857s] Creating /home/lfvargas/amr_ws/install/amr_bringup/lib/python3.10/site-packages/amr-bringup.egg-link (link to .)
[1.857s] 
[1.857s] Installed /home/lfvargas/amr_ws/build/amr_bringup
[1.857s] running symlink_data
[1.857s] creating /home/lfvargas/amr_ws/install/amr_bringup/share/ament_index
[1.857s] creating /home/lfvargas/amr_ws/install/amr_bringup/share/ament_index/resource_index
[1.857s] creating /home/lfvargas/amr_ws/install/amr_bringup/share/ament_index/resource_index/packages
[1.857s] symbolically linking /home/lfvargas/amr_ws/build/amr_bringup/resource/amr_bringup -> /home/lfvargas/amr_ws/install/amr_bringup/share/ament_index/resource_index/packages
[1.858s] symbolically linking /home/lfvargas/amr_ws/build/amr_bringup/package.xml -> /home/lfvargas/amr_ws/install/amr_bringup/share/amr_bringup
[1.858s] creating /home/lfvargas/amr_ws/install/amr_bringup/share/amr_bringup/config
[1.858s] symbolically linking /home/lfvargas/amr_ws/build/amr_bringup/config/amr_diff_controller.yaml -> /home/lfvargas/amr_ws/install/amr_bringup/share/amr_bringup/config
[1.921s] Invoked command in '/home/lfvargas/amr_ws/build/amr_bringup' returned '0': PYTHONPATH=/home/lfvargas/amr_ws/build/amr_bringup/prefix_override:/usr/lib/python3/dist-packages/colcon_core/task/python/colcon_distutils_commands:/home/lfvargas/amr_ws/install/amr_bringup/lib/python3.10/site-packages:${PYTHONPATH} /usr/bin/python3 -W ignore:setup.py install is deprecated -W ignore:easy_install command is deprecated setup.py develop --editable --build-directory /home/lfvargas/amr_ws/build/amr_bringup/build --no-deps symlink_data
