[0.487s] DEBUG:colcon:Command line arguments: ['/usr/bin/colcon', 'build', '--symlink-install']
[0.487s] DEBUG:colcon:Parsed command line arguments: Namespace(log_base=None, log_level=None, verb_name='build', build_base='build', install_base='install', merge_install=False, symlink_install=True, test_result_base=None, continue_on_error=False, executor='parallel', parallel_workers=8, event_handlers=None, ignore_user_meta=False, metas=['./colcon.meta'], base_paths=['.'], packages_ignore=None, packages_ignore_regex=None, paths=None, packages_up_to=None, packages_up_to_regex=None, packages_above=None, packages_above_and_dependencies=None, packages_above_depth=None, packages_select_by_dep=None, packages_skip_by_dep=None, packages_skip_up_to=None, packages_select_build_failed=False, packages_skip_build_finished=False, packages_select_test_failures=False, packages_skip_test_passed=False, packages_select=None, packages_skip=None, packages_select_regex=None, packages_skip_regex=None, packages_start=None, packages_end=None, allow_overriding=[], cmake_args=None, cmake_target=None, cmake_target_skip_unavailable=False, cmake_clean_cache=False, cmake_clean_first=False, cmake_force_configure=False, ament_cmake_args=None, catkin_cmake_args=None, catkin_skip_building_tests=False, mixin_files=None, mixin=None, verb_parser=<colcon_mixin.mixin.mixin_argument.MixinArgumentDecorator object at 0x7b08010b5420>, verb_extension=<colcon_core.verb.build.BuildVerb object at 0x7b0801197370>, main=<bound method BuildVerb.main of <colcon_core.verb.build.BuildVerb object at 0x7b0801197370>>, mixin_verb=('build',))
[9.263s] Level 1:colcon.colcon_core.package_discovery:discover_packages(colcon_meta) check parameters
[9.263s] Level 1:colcon.colcon_core.package_discovery:discover_packages(recursive) check parameters
[9.263s] Level 1:colcon.colcon_core.package_discovery:discover_packages(ignore) check parameters
[9.263s] Level 1:colcon.colcon_core.package_discovery:discover_packages(path) check parameters
[9.263s] Level 1:colcon.colcon_core.package_discovery:discover_packages(colcon_meta) discover
[9.263s] Level 1:colcon.colcon_core.package_discovery:discover_packages(recursive) discover
[9.263s] INFO:colcon.colcon_core.package_discovery:Crawling recursively for packages in '/home/lfvargas/amr_ws'
[9.263s] Level 1:colcon.colcon_core.package_identification:_identify(.) by extensions ['ignore', 'ignore_ament_install']
[9.263s] Level 1:colcon.colcon_core.package_identification:_identify(.) by extension 'ignore'
[9.263s] Level 1:colcon.colcon_core.package_identification:_identify(.) by extension 'ignore_ament_install'
[9.263s] Level 1:colcon.colcon_core.package_identification:_identify(.) by extensions ['colcon_pkg']
[9.263s] Level 1:colcon.colcon_core.package_identification:_identify(.) by extension 'colcon_pkg'
[9.263s] Level 1:colcon.colcon_core.package_identification:_identify(.) by extensions ['colcon_meta']
[9.263s] Level 1:colcon.colcon_core.package_identification:_identify(.) by extension 'colcon_meta'
[9.263s] Level 1:colcon.colcon_core.package_identification:_identify(.) by extensions ['ros']
[9.263s] Level 1:colcon.colcon_core.package_identification:_identify(.) by extension 'ros'
[9.295s] Level 1:colcon.colcon_core.package_identification:_identify(.) by extensions ['cmake', 'python']
[9.295s] Level 1:colcon.colcon_core.package_identification:_identify(.) by extension 'cmake'
[9.295s] Level 1:colcon.colcon_core.package_identification:_identify(.) by extension 'python'
[9.295s] Level 1:colcon.colcon_core.package_identification:_identify(.) by extensions ['python_setup_py']
[9.295s] Level 1:colcon.colcon_core.package_identification:_identify(.) by extension 'python_setup_py'
[9.295s] Level 1:colcon.colcon_core.package_identification:_identify(build) by extensions ['ignore', 'ignore_ament_install']
[9.295s] Level 1:colcon.colcon_core.package_identification:_identify(build) by extension 'ignore'
[9.295s] Level 1:colcon.colcon_core.package_identification:_identify(build) ignored
[9.295s] Level 1:colcon.colcon_core.package_identification:_identify(install) by extensions ['ignore', 'ignore_ament_install']
[9.295s] Level 1:colcon.colcon_core.package_identification:_identify(install) by extension 'ignore'
[9.295s] Level 1:colcon.colcon_core.package_identification:_identify(install) ignored
[9.295s] Level 1:colcon.colcon_core.package_identification:_identify(log) by extensions ['ignore', 'ignore_ament_install']
[9.296s] Level 1:colcon.colcon_core.package_identification:_identify(log) by extension 'ignore'
[9.296s] Level 1:colcon.colcon_core.package_identification:_identify(log) ignored
[9.296s] Level 1:colcon.colcon_core.package_identification:_identify(src) by extensions ['ignore', 'ignore_ament_install']
[9.296s] Level 1:colcon.colcon_core.package_identification:_identify(src) by extension 'ignore'
[9.296s] Level 1:colcon.colcon_core.package_identification:_identify(src) by extension 'ignore_ament_install'
[9.296s] Level 1:colcon.colcon_core.package_identification:_identify(src) by extensions ['colcon_pkg']
[9.296s] Level 1:colcon.colcon_core.package_identification:_identify(src) by extension 'colcon_pkg'
[9.296s] Level 1:colcon.colcon_core.package_identification:_identify(src) by extensions ['colcon_meta']
[9.296s] Level 1:colcon.colcon_core.package_identification:_identify(src) by extension 'colcon_meta'
[9.296s] Level 1:colcon.colcon_core.package_identification:_identify(src) by extensions ['ros']
[9.296s] Level 1:colcon.colcon_core.package_identification:_identify(src) by extension 'ros'
[9.296s] Level 1:colcon.colcon_core.package_identification:_identify(src) by extensions ['cmake', 'python']
[9.296s] Level 1:colcon.colcon_core.package_identification:_identify(src) by extension 'cmake'
[9.296s] Level 1:colcon.colcon_core.package_identification:_identify(src) by extension 'python'
[9.296s] Level 1:colcon.colcon_core.package_identification:_identify(src) by extensions ['python_setup_py']
[9.296s] Level 1:colcon.colcon_core.package_identification:_identify(src) by extension 'python_setup_py'
[9.296s] Level 1:colcon.colcon_core.package_identification:_identify(src/amr) by extensions ['ignore', 'ignore_ament_install']
[9.296s] Level 1:colcon.colcon_core.package_identification:_identify(src/amr) by extension 'ignore'
[9.296s] Level 1:colcon.colcon_core.package_identification:_identify(src/amr) by extension 'ignore_ament_install'
[9.296s] Level 1:colcon.colcon_core.package_identification:_identify(src/amr) by extensions ['colcon_pkg']
[9.296s] Level 1:colcon.colcon_core.package_identification:_identify(src/amr) by extension 'colcon_pkg'
[9.296s] Level 1:colcon.colcon_core.package_identification:_identify(src/amr) by extensions ['colcon_meta']
[9.296s] Level 1:colcon.colcon_core.package_identification:_identify(src/amr) by extension 'colcon_meta'
[9.297s] Level 1:colcon.colcon_core.package_identification:_identify(src/amr) by extensions ['ros']
[9.297s] Level 1:colcon.colcon_core.package_identification:_identify(src/amr) by extension 'ros'
[9.323s] DEBUG:colcon.colcon_core.package_identification:Package 'src/amr' with type 'ros.ament_python' and name 'amr'
[9.323s] Level 1:colcon.colcon_core.package_identification:_identify(src/amr_bringup) by extensions ['ignore', 'ignore_ament_install']
[9.323s] Level 1:colcon.colcon_core.package_identification:_identify(src/amr_bringup) by extension 'ignore'
[9.323s] Level 1:colcon.colcon_core.package_identification:_identify(src/amr_bringup) by extension 'ignore_ament_install'
[9.323s] Level 1:colcon.colcon_core.package_identification:_identify(src/amr_bringup) by extensions ['colcon_pkg']
[9.323s] Level 1:colcon.colcon_core.package_identification:_identify(src/amr_bringup) by extension 'colcon_pkg'
[9.323s] Level 1:colcon.colcon_core.package_identification:_identify(src/amr_bringup) by extensions ['colcon_meta']
[9.323s] Level 1:colcon.colcon_core.package_identification:_identify(src/amr_bringup) by extension 'colcon_meta'
[9.323s] Level 1:colcon.colcon_core.package_identification:_identify(src/amr_bringup) by extensions ['ros']
[9.323s] Level 1:colcon.colcon_core.package_identification:_identify(src/amr_bringup) by extension 'ros'
[9.324s] DEBUG:colcon.colcon_core.package_identification:Package 'src/amr_bringup' with type 'ros.ament_python' and name 'amr_bringup'
[9.324s] Level 1:colcon.colcon_core.package_identification:_identify(src/nav2_bringup) by extensions ['ignore', 'ignore_ament_install']
[9.325s] Level 1:colcon.colcon_core.package_identification:_identify(src/nav2_bringup) by extension 'ignore'
[9.325s] Level 1:colcon.colcon_core.package_identification:_identify(src/nav2_bringup) by extension 'ignore_ament_install'
[9.325s] Level 1:colcon.colcon_core.package_identification:_identify(src/nav2_bringup) by extensions ['colcon_pkg']
[9.325s] Level 1:colcon.colcon_core.package_identification:_identify(src/nav2_bringup) by extension 'colcon_pkg'
[9.325s] Level 1:colcon.colcon_core.package_identification:_identify(src/nav2_bringup) by extensions ['colcon_meta']
[9.325s] Level 1:colcon.colcon_core.package_identification:_identify(src/nav2_bringup) by extension 'colcon_meta'
[9.325s] Level 1:colcon.colcon_core.package_identification:_identify(src/nav2_bringup) by extensions ['ros']
[9.325s] Level 1:colcon.colcon_core.package_identification:_identify(src/nav2_bringup) by extension 'ros'
[9.334s] DEBUG:colcon.colcon_core.package_identification:Package 'src/nav2_bringup' with type 'ros.ament_cmake' and name 'nova_nav2_bringup'
[9.334s] Level 1:colcon.colcon_core.package_identification:_identify(web) by extensions ['ignore', 'ignore_ament_install']
[9.334s] Level 1:colcon.colcon_core.package_identification:_identify(web) by extension 'ignore'
[9.334s] Level 1:colcon.colcon_core.package_identification:_identify(web) by extension 'ignore_ament_install'
[9.334s] Level 1:colcon.colcon_core.package_identification:_identify(web) by extensions ['colcon_pkg']
[9.334s] Level 1:colcon.colcon_core.package_identification:_identify(web) by extension 'colcon_pkg'
[9.334s] Level 1:colcon.colcon_core.package_identification:_identify(web) by extensions ['colcon_meta']
[9.334s] Level 1:colcon.colcon_core.package_identification:_identify(web) by extension 'colcon_meta'
[9.334s] Level 1:colcon.colcon_core.package_identification:_identify(web) by extensions ['ros']
[9.334s] Level 1:colcon.colcon_core.package_identification:_identify(web) by extension 'ros'
[9.335s] Level 1:colcon.colcon_core.package_identification:_identify(web) by extensions ['cmake', 'python']
[9.335s] Level 1:colcon.colcon_core.package_identification:_identify(web) by extension 'cmake'
[9.335s] Level 1:colcon.colcon_core.package_identification:_identify(web) by extension 'python'
[9.335s] Level 1:colcon.colcon_core.package_identification:_identify(web) by extensions ['python_setup_py']
[9.335s] Level 1:colcon.colcon_core.package_identification:_identify(web) by extension 'python_setup_py'
[9.335s] Level 1:colcon.colcon_core.package_discovery:discover_packages(recursive) using defaults
[9.335s] Level 1:colcon.colcon_core.package_discovery:discover_packages(ignore) discover
[9.335s] Level 1:colcon.colcon_core.package_discovery:discover_packages(ignore) using defaults
[9.335s] Level 1:colcon.colcon_core.package_discovery:discover_packages(path) discover
[9.335s] Level 1:colcon.colcon_core.package_discovery:discover_packages(path) using defaults
[9.530s] Level 1:colcon.colcon_core.package_discovery:discover_packages(prefix_path) check parameters
[9.530s] Level 1:colcon.colcon_core.package_discovery:discover_packages(prefix_path) discover
[9.578s] DEBUG:colcon.colcon_installed_package_information.package_discovery:Found 17 installed packages in /home/lfvargas/ros2_ws/install
[9.586s] DEBUG:colcon.colcon_installed_package_information.package_discovery:Found 504 installed packages in /opt/ros/humble
[9.594s] Level 1:colcon.colcon_core.package_discovery:discover_packages(prefix_path) using defaults
[9.930s] Level 5:colcon.colcon_core.verb:set package 'amr' build argument 'cmake_args' from command line to 'None'
[9.930s] Level 5:colcon.colcon_core.verb:set package 'amr' build argument 'cmake_target' from command line to 'None'
[9.930s] Level 5:colcon.colcon_core.verb:set package 'amr' build argument 'cmake_target_skip_unavailable' from command line to 'False'
[9.930s] Level 5:colcon.colcon_core.verb:set package 'amr' build argument 'cmake_clean_cache' from command line to 'False'
[9.930s] Level 5:colcon.colcon_core.verb:set package 'amr' build argument 'cmake_clean_first' from command line to 'False'
[9.930s] Level 5:colcon.colcon_core.verb:set package 'amr' build argument 'cmake_force_configure' from command line to 'False'
[9.930s] Level 5:colcon.colcon_core.verb:set package 'amr' build argument 'ament_cmake_args' from command line to 'None'
[9.930s] Level 5:colcon.colcon_core.verb:set package 'amr' build argument 'catkin_cmake_args' from command line to 'None'
[9.930s] Level 5:colcon.colcon_core.verb:set package 'amr' build argument 'catkin_skip_building_tests' from command line to 'False'
[9.930s] DEBUG:colcon.colcon_core.verb:Building package 'amr' with the following arguments: {'ament_cmake_args': None, 'build_base': '/home/lfvargas/amr_ws/build/amr', 'catkin_cmake_args': None, 'catkin_skip_building_tests': False, 'cmake_args': None, 'cmake_clean_cache': False, 'cmake_clean_first': False, 'cmake_force_configure': False, 'cmake_target': None, 'cmake_target_skip_unavailable': False, 'install_base': '/home/lfvargas/amr_ws/install/amr', 'merge_install': False, 'path': '/home/lfvargas/amr_ws/src/amr', 'symlink_install': True, 'test_result_base': None}
[9.930s] Level 5:colcon.colcon_core.verb:set package 'amr_bringup' build argument 'cmake_args' from command line to 'None'
[9.930s] Level 5:colcon.colcon_core.verb:set package 'amr_bringup' build argument 'cmake_target' from command line to 'None'
[9.930s] Level 5:colcon.colcon_core.verb:set package 'amr_bringup' build argument 'cmake_target_skip_unavailable' from command line to 'False'
[9.930s] Level 5:colcon.colcon_core.verb:set package 'amr_bringup' build argument 'cmake_clean_cache' from command line to 'False'
[9.930s] Level 5:colcon.colcon_core.verb:set package 'amr_bringup' build argument 'cmake_clean_first' from command line to 'False'
[9.930s] Level 5:colcon.colcon_core.verb:set package 'amr_bringup' build argument 'cmake_force_configure' from command line to 'False'
[9.930s] Level 5:colcon.colcon_core.verb:set package 'amr_bringup' build argument 'ament_cmake_args' from command line to 'None'
[9.930s] Level 5:colcon.colcon_core.verb:set package 'amr_bringup' build argument 'catkin_cmake_args' from command line to 'None'
[9.930s] Level 5:colcon.colcon_core.verb:set package 'amr_bringup' build argument 'catkin_skip_building_tests' from command line to 'False'
[9.930s] DEBUG:colcon.colcon_core.verb:Building package 'amr_bringup' with the following arguments: {'ament_cmake_args': None, 'build_base': '/home/lfvargas/amr_ws/build/amr_bringup', 'catkin_cmake_args': None, 'catkin_skip_building_tests': False, 'cmake_args': None, 'cmake_clean_cache': False, 'cmake_clean_first': False, 'cmake_force_configure': False, 'cmake_target': None, 'cmake_target_skip_unavailable': False, 'install_base': '/home/lfvargas/amr_ws/install/amr_bringup', 'merge_install': False, 'path': '/home/lfvargas/amr_ws/src/amr_bringup', 'symlink_install': True, 'test_result_base': None}
[9.931s] Level 5:colcon.colcon_core.verb:set package 'nova_nav2_bringup' build argument 'cmake_args' from command line to 'None'
[9.931s] Level 5:colcon.colcon_core.verb:set package 'nova_nav2_bringup' build argument 'cmake_target' from command line to 'None'
[9.931s] Level 5:colcon.colcon_core.verb:set package 'nova_nav2_bringup' build argument 'cmake_target_skip_unavailable' from command line to 'False'
[9.931s] Level 5:colcon.colcon_core.verb:set package 'nova_nav2_bringup' build argument 'cmake_clean_cache' from command line to 'False'
[9.931s] Level 5:colcon.colcon_core.verb:set package 'nova_nav2_bringup' build argument 'cmake_clean_first' from command line to 'False'
[9.931s] Level 5:colcon.colcon_core.verb:set package 'nova_nav2_bringup' build argument 'cmake_force_configure' from command line to 'False'
[9.931s] Level 5:colcon.colcon_core.verb:set package 'nova_nav2_bringup' build argument 'ament_cmake_args' from command line to 'None'
[9.931s] Level 5:colcon.colcon_core.verb:set package 'nova_nav2_bringup' build argument 'catkin_cmake_args' from command line to 'None'
[9.931s] Level 5:colcon.colcon_core.verb:set package 'nova_nav2_bringup' build argument 'catkin_skip_building_tests' from command line to 'False'
[9.931s] DEBUG:colcon.colcon_core.verb:Building package 'nova_nav2_bringup' with the following arguments: {'ament_cmake_args': None, 'build_base': '/home/lfvargas/amr_ws/build/nova_nav2_bringup', 'catkin_cmake_args': None, 'catkin_skip_building_tests': False, 'cmake_args': None, 'cmake_clean_cache': False, 'cmake_clean_first': False, 'cmake_force_configure': False, 'cmake_target': None, 'cmake_target_skip_unavailable': False, 'install_base': '/home/lfvargas/amr_ws/install/nova_nav2_bringup', 'merge_install': False, 'path': '/home/lfvargas/amr_ws/src/nav2_bringup', 'symlink_install': True, 'test_result_base': None}
[9.931s] INFO:colcon.colcon_core.executor:Executing jobs using 'parallel' executor
[9.932s] DEBUG:colcon.colcon_parallel_executor.executor.parallel:run_until_complete
[9.932s] INFO:colcon.colcon_ros.task.ament_python.build:Building ROS package in '/home/lfvargas/amr_ws/src/amr' with build type 'ament_python'
[9.932s] Level 1:colcon.colcon_core.shell:create_environment_hook('amr', 'ament_prefix_path')
[9.951s] INFO:colcon.colcon_core.plugin_system:Skipping extension 'colcon_core.shell.bat': Not used on non-Windows systems
[9.951s] INFO:colcon.colcon_core.shell:Creating environment hook '/home/lfvargas/amr_ws/install/amr/share/amr/hook/ament_prefix_path.ps1'
[9.953s] INFO:colcon.colcon_core.shell:Creating environment descriptor '/home/lfvargas/amr_ws/install/amr/share/amr/hook/ament_prefix_path.dsv'
[9.976s] INFO:colcon.colcon_core.shell:Creating environment hook '/home/lfvargas/amr_ws/install/amr/share/amr/hook/ament_prefix_path.sh'
[9.977s] INFO:colcon.colcon_core.shell:Skip shell extension 'powershell' for command environment: Not usable outside of PowerShell
[9.977s] DEBUG:colcon.colcon_core.shell:Skip shell extension 'dsv' for command environment
[9.983s] INFO:colcon.colcon_ros.task.ament_python.build:Building ROS package in '/home/lfvargas/amr_ws/src/amr_bringup' with build type 'ament_python'
[9.983s] Level 1:colcon.colcon_core.shell:create_environment_hook('amr_bringup', 'ament_prefix_path')
[9.983s] INFO:colcon.colcon_core.shell:Creating environment hook '/home/lfvargas/amr_ws/install/amr_bringup/share/amr_bringup/hook/ament_prefix_path.ps1'
[9.984s] INFO:colcon.colcon_core.shell:Creating environment descriptor '/home/lfvargas/amr_ws/install/amr_bringup/share/amr_bringup/hook/ament_prefix_path.dsv'
[9.984s] INFO:colcon.colcon_core.shell:Creating environment hook '/home/lfvargas/amr_ws/install/amr_bringup/share/amr_bringup/hook/ament_prefix_path.sh'
[9.985s] INFO:colcon.colcon_core.shell:Skip shell extension 'powershell' for command environment: Not usable outside of PowerShell
[9.985s] DEBUG:colcon.colcon_core.shell:Skip shell extension 'dsv' for command environment
[9.988s] INFO:colcon.colcon_ros.task.ament_cmake.build:Building ROS package in '/home/lfvargas/amr_ws/src/nav2_bringup' with build type 'ament_cmake'
[9.988s] INFO:colcon.colcon_cmake.task.cmake.build:Building CMake package in '/home/lfvargas/amr_ws/src/nav2_bringup'
[9.989s] INFO:colcon.colcon_core.shell:Skip shell extension 'powershell' for command environment: Not usable outside of PowerShell
[9.989s] DEBUG:colcon.colcon_core.shell:Skip shell extension 'dsv' for command environment
[10.357s] INFO:colcon.colcon_core.task.python.build:Building Python package in '/home/lfvargas/amr_ws/src/amr'
[10.358s] INFO:colcon.colcon_core.shell:Skip shell extension 'powershell' for command environment: Not usable outside of PowerShell
[10.358s] DEBUG:colcon.colcon_core.shell:Skip shell extension 'dsv' for command environment
[10.722s] INFO:colcon.colcon_core.task.python.build:Building Python package in '/home/lfvargas/amr_ws/src/amr_bringup'
[10.722s] INFO:colcon.colcon_core.shell:Skip shell extension 'powershell' for command environment: Not usable outside of PowerShell
[10.723s] DEBUG:colcon.colcon_core.shell:Skip shell extension 'dsv' for command environment
[10.789s] DEBUG:colcon.colcon_core.event_handler.log_command:Invoking command in '/home/lfvargas/amr_ws/build/nova_nav2_bringup': CMAKE_PREFIX_PATH=${CMAKE_PREFIX_PATH}:/home/lfvargas/ros2_ws/install /usr/bin/cmake --build /home/lfvargas/amr_ws/build/nova_nav2_bringup -- -j8 -l8
[11.926s] DEBUG:colcon.colcon_core.event_handler.log_command:Invoked command in '/home/lfvargas/amr_ws/build/nova_nav2_bringup' returned '0': CMAKE_PREFIX_PATH=${CMAKE_PREFIX_PATH}:/home/lfvargas/ros2_ws/install /usr/bin/cmake --build /home/lfvargas/amr_ws/build/nova_nav2_bringup -- -j8 -l8
[11.953s] DEBUG:colcon.colcon_core.event_handler.log_command:Invoking command in '/home/lfvargas/amr_ws/build/nova_nav2_bringup': CMAKE_PREFIX_PATH=${CMAKE_PREFIX_PATH}:/home/lfvargas/ros2_ws/install /usr/bin/cmake --install /home/lfvargas/amr_ws/build/nova_nav2_bringup
[12.537s] Level 1:colcon.colcon_core.environment:create_environment_scripts_only(nova_nav2_bringup)
[12.539s] DEBUG:colcon.colcon_core.event_handler.log_command:Invoked command in '/home/lfvargas/amr_ws/build/nova_nav2_bringup' returned '0': CMAKE_PREFIX_PATH=${CMAKE_PREFIX_PATH}:/home/lfvargas/ros2_ws/install /usr/bin/cmake --install /home/lfvargas/amr_ws/build/nova_nav2_bringup
[12.603s] Level 1:colcon.colcon_core.environment:checking '/home/lfvargas/amr_ws/install/nova_nav2_bringup' for CMake module files
[12.605s] Level 1:colcon.colcon_core.environment:checking '/home/lfvargas/amr_ws/install/nova_nav2_bringup' for CMake config files
[12.606s] Level 1:colcon.colcon_core.shell:create_environment_hook('nova_nav2_bringup', 'cmake_prefix_path')
[12.607s] INFO:colcon.colcon_core.shell:Creating environment hook '/home/lfvargas/amr_ws/install/nova_nav2_bringup/share/nova_nav2_bringup/hook/cmake_prefix_path.ps1'
[12.609s] INFO:colcon.colcon_core.shell:Creating environment descriptor '/home/lfvargas/amr_ws/install/nova_nav2_bringup/share/nova_nav2_bringup/hook/cmake_prefix_path.dsv'
[12.610s] INFO:colcon.colcon_core.shell:Creating environment hook '/home/lfvargas/amr_ws/install/nova_nav2_bringup/share/nova_nav2_bringup/hook/cmake_prefix_path.sh'
[12.613s] Level 1:colcon.colcon_core.environment:checking '/home/lfvargas/amr_ws/install/nova_nav2_bringup/bin'
[12.613s] Level 1:colcon.colcon_core.environment:checking '/home/lfvargas/amr_ws/install/nova_nav2_bringup/lib/pkgconfig/nova_nav2_bringup.pc'
[12.614s] Level 1:colcon.colcon_core.environment:checking '/home/lfvargas/amr_ws/install/nova_nav2_bringup/lib/python3.10/site-packages'
[12.615s] Level 1:colcon.colcon_core.environment:checking '/home/lfvargas/amr_ws/install/nova_nav2_bringup/bin'
[12.617s] INFO:colcon.colcon_core.shell:Creating package script '/home/lfvargas/amr_ws/install/nova_nav2_bringup/share/nova_nav2_bringup/package.ps1'
[12.620s] INFO:colcon.colcon_core.shell:Creating package descriptor '/home/lfvargas/amr_ws/install/nova_nav2_bringup/share/nova_nav2_bringup/package.dsv'
[12.623s] INFO:colcon.colcon_core.shell:Creating package script '/home/lfvargas/amr_ws/install/nova_nav2_bringup/share/nova_nav2_bringup/package.sh'
[12.625s] INFO:colcon.colcon_core.shell:Creating package script '/home/lfvargas/amr_ws/install/nova_nav2_bringup/share/nova_nav2_bringup/package.bash'
[12.641s] INFO:colcon.colcon_core.shell:Creating package script '/home/lfvargas/amr_ws/install/nova_nav2_bringup/share/nova_nav2_bringup/package.zsh'
[12.670s] Level 1:colcon.colcon_core.environment:create_file_with_runtime_dependencies(/home/lfvargas/amr_ws/install/nova_nav2_bringup/share/colcon-core/packages/nova_nav2_bringup)
[12.672s] Level 1:colcon.colcon_core.environment:create_environment_scripts_only(nova_nav2_bringup)
[12.673s] Level 1:colcon.colcon_core.environment:checking '/home/lfvargas/amr_ws/install/nova_nav2_bringup' for CMake module files
[12.675s] Level 1:colcon.colcon_core.environment:checking '/home/lfvargas/amr_ws/install/nova_nav2_bringup' for CMake config files
[12.676s] Level 1:colcon.colcon_core.shell:create_environment_hook('nova_nav2_bringup', 'cmake_prefix_path')
[12.677s] INFO:colcon.colcon_core.shell:Creating environment hook '/home/lfvargas/amr_ws/install/nova_nav2_bringup/share/nova_nav2_bringup/hook/cmake_prefix_path.ps1'
[12.678s] INFO:colcon.colcon_core.shell:Creating environment descriptor '/home/lfvargas/amr_ws/install/nova_nav2_bringup/share/nova_nav2_bringup/hook/cmake_prefix_path.dsv'
[12.679s] INFO:colcon.colcon_core.shell:Creating environment hook '/home/lfvargas/amr_ws/install/nova_nav2_bringup/share/nova_nav2_bringup/hook/cmake_prefix_path.sh'
[12.681s] Level 1:colcon.colcon_core.environment:checking '/home/lfvargas/amr_ws/install/nova_nav2_bringup/bin'
[12.682s] Level 1:colcon.colcon_core.environment:checking '/home/lfvargas/amr_ws/install/nova_nav2_bringup/lib/pkgconfig/nova_nav2_bringup.pc'
[12.682s] Level 1:colcon.colcon_core.environment:checking '/home/lfvargas/amr_ws/install/nova_nav2_bringup/lib/python3.10/site-packages'
[12.684s] Level 1:colcon.colcon_core.environment:checking '/home/lfvargas/amr_ws/install/nova_nav2_bringup/bin'
[12.686s] INFO:colcon.colcon_core.shell:Creating package script '/home/lfvargas/amr_ws/install/nova_nav2_bringup/share/nova_nav2_bringup/package.ps1'
[12.688s] INFO:colcon.colcon_core.shell:Creating package descriptor '/home/lfvargas/amr_ws/install/nova_nav2_bringup/share/nova_nav2_bringup/package.dsv'
[12.689s] INFO:colcon.colcon_core.shell:Creating package script '/home/lfvargas/amr_ws/install/nova_nav2_bringup/share/nova_nav2_bringup/package.sh'
[12.691s] INFO:colcon.colcon_core.shell:Creating package script '/home/lfvargas/amr_ws/install/nova_nav2_bringup/share/nova_nav2_bringup/package.bash'
[12.692s] INFO:colcon.colcon_core.shell:Creating package script '/home/lfvargas/amr_ws/install/nova_nav2_bringup/share/nova_nav2_bringup/package.zsh'
[12.694s] Level 1:colcon.colcon_core.environment:create_file_with_runtime_dependencies(/home/lfvargas/amr_ws/install/nova_nav2_bringup/share/colcon-core/packages/nova_nav2_bringup)
[13.068s] DEBUG:colcon.colcon_core.event_handler.log_command:Invoking command in '/home/lfvargas/amr_ws/build/amr': PYTHONPATH=/home/lfvargas/amr_ws/build/amr/prefix_override:/usr/lib/python3/dist-packages/colcon_core/task/python/colcon_distutils_commands:/home/lfvargas/amr_ws/install/amr/lib/python3.10/site-packages:${PYTHONPATH} /usr/bin/python3 -W ignore:setup.py install is deprecated -W ignore:easy_install command is deprecated setup.py develop --editable --build-directory /home/lfvargas/amr_ws/build/amr/build --no-deps symlink_data
[13.070s] DEBUG:colcon.colcon_core.event_handler.log_command:Invoking command in '/home/lfvargas/amr_ws/build/amr_bringup': PYTHONPATH=/home/lfvargas/amr_ws/build/amr_bringup/prefix_override:/usr/lib/python3/dist-packages/colcon_core/task/python/colcon_distutils_commands:/home/lfvargas/amr_ws/install/amr_bringup/lib/python3.10/site-packages:${PYTHONPATH} /usr/bin/python3 -W ignore:setup.py install is deprecated -W ignore:easy_install command is deprecated setup.py develop --editable --build-directory /home/lfvargas/amr_ws/build/amr_bringup/build --no-deps symlink_data
[13.819s] Level 1:colcon.colcon_core.shell:create_environment_hook('amr_bringup', 'pythonpath_develop')
[13.819s] INFO:colcon.colcon_core.shell:Creating environment hook '/home/lfvargas/amr_ws/build/amr_bringup/share/amr_bringup/hook/pythonpath_develop.ps1'
[13.820s] DEBUG:colcon.colcon_core.event_handler.log_command:Invoked command in '/home/lfvargas/amr_ws/build/amr_bringup' returned '0': PYTHONPATH=/home/lfvargas/amr_ws/build/amr_bringup/prefix_override:/usr/lib/python3/dist-packages/colcon_core/task/python/colcon_distutils_commands:/home/lfvargas/amr_ws/install/amr_bringup/lib/python3.10/site-packages:${PYTHONPATH} /usr/bin/python3 -W ignore:setup.py install is deprecated -W ignore:easy_install command is deprecated setup.py develop --editable --build-directory /home/lfvargas/amr_ws/build/amr_bringup/build --no-deps symlink_data
[13.820s] INFO:colcon.colcon_core.shell:Creating environment descriptor '/home/lfvargas/amr_ws/build/amr_bringup/share/amr_bringup/hook/pythonpath_develop.dsv'
[13.821s] INFO:colcon.colcon_core.shell:Creating environment hook '/home/lfvargas/amr_ws/build/amr_bringup/share/amr_bringup/hook/pythonpath_develop.sh'
[13.821s] Level 1:colcon.colcon_core.environment:checking '/home/lfvargas/amr_ws/install/amr_bringup' for CMake module files
[13.822s] Level 1:colcon.colcon_core.environment:checking '/home/lfvargas/amr_ws/install/amr_bringup' for CMake config files
[13.824s] Level 1:colcon.colcon_core.environment:checking '/home/lfvargas/amr_ws/install/amr_bringup/lib'
[13.825s] Level 1:colcon.colcon_core.environment:checking '/home/lfvargas/amr_ws/install/amr_bringup/bin'
[13.825s] Level 1:colcon.colcon_core.environment:checking '/home/lfvargas/amr_ws/install/amr_bringup/lib/pkgconfig/amr_bringup.pc'
[13.825s] Level 1:colcon.colcon_core.environment:checking '/home/lfvargas/amr_ws/install/amr_bringup/lib/python3.10/site-packages'
[13.825s] Level 1:colcon.colcon_core.shell:create_environment_hook('amr_bringup', 'pythonpath')
[13.825s] INFO:colcon.colcon_core.shell:Creating environment hook '/home/lfvargas/amr_ws/install/amr_bringup/share/amr_bringup/hook/pythonpath.ps1'
[13.825s] INFO:colcon.colcon_core.shell:Creating environment descriptor '/home/lfvargas/amr_ws/install/amr_bringup/share/amr_bringup/hook/pythonpath.dsv'
[13.826s] INFO:colcon.colcon_core.shell:Creating environment hook '/home/lfvargas/amr_ws/install/amr_bringup/share/amr_bringup/hook/pythonpath.sh'
[13.826s] Level 1:colcon.colcon_core.environment:checking '/home/lfvargas/amr_ws/install/amr_bringup/bin'
[13.826s] Level 1:colcon.colcon_core.environment:create_environment_scripts_only(amr_bringup)
[13.827s] INFO:colcon.colcon_core.shell:Creating package script '/home/lfvargas/amr_ws/install/amr_bringup/share/amr_bringup/package.ps1'
[13.827s] INFO:colcon.colcon_core.shell:Creating package descriptor '/home/lfvargas/amr_ws/install/amr_bringup/share/amr_bringup/package.dsv'
[13.828s] INFO:colcon.colcon_core.shell:Creating package script '/home/lfvargas/amr_ws/install/amr_bringup/share/amr_bringup/package.sh'
[13.828s] INFO:colcon.colcon_core.shell:Creating package script '/home/lfvargas/amr_ws/install/amr_bringup/share/amr_bringup/package.bash'
[13.828s] INFO:colcon.colcon_core.shell:Creating package script '/home/lfvargas/amr_ws/install/amr_bringup/share/amr_bringup/package.zsh'
[13.829s] Level 1:colcon.colcon_core.environment:create_file_with_runtime_dependencies(/home/lfvargas/amr_ws/install/amr_bringup/share/colcon-core/packages/amr_bringup)
[13.830s] Level 1:colcon.colcon_core.shell:create_environment_hook('amr', 'pythonpath_develop')
[13.830s] INFO:colcon.colcon_core.shell:Creating environment hook '/home/lfvargas/amr_ws/build/amr/share/amr/hook/pythonpath_develop.ps1'
[13.830s] INFO:colcon.colcon_core.shell:Creating environment descriptor '/home/lfvargas/amr_ws/build/amr/share/amr/hook/pythonpath_develop.dsv'
[13.831s] DEBUG:colcon.colcon_core.event_handler.log_command:Invoked command in '/home/lfvargas/amr_ws/build/amr' returned '0': PYTHONPATH=/home/lfvargas/amr_ws/build/amr/prefix_override:/usr/lib/python3/dist-packages/colcon_core/task/python/colcon_distutils_commands:/home/lfvargas/amr_ws/install/amr/lib/python3.10/site-packages:${PYTHONPATH} /usr/bin/python3 -W ignore:setup.py install is deprecated -W ignore:easy_install command is deprecated setup.py develop --editable --build-directory /home/lfvargas/amr_ws/build/amr/build --no-deps symlink_data
[13.831s] INFO:colcon.colcon_core.shell:Creating environment hook '/home/lfvargas/amr_ws/build/amr/share/amr/hook/pythonpath_develop.sh'
[13.831s] Level 1:colcon.colcon_core.environment:checking '/home/lfvargas/amr_ws/install/amr' for CMake module files
[13.832s] Level 1:colcon.colcon_core.environment:checking '/home/lfvargas/amr_ws/install/amr' for CMake config files
[13.839s] Level 1:colcon.colcon_core.environment:checking '/home/lfvargas/amr_ws/install/amr/lib'
[13.840s] Level 1:colcon.colcon_core.environment:checking '/home/lfvargas/amr_ws/install/amr/bin'
[13.840s] Level 1:colcon.colcon_core.environment:checking '/home/lfvargas/amr_ws/install/amr/lib/pkgconfig/amr.pc'
[13.841s] Level 1:colcon.colcon_core.environment:checking '/home/lfvargas/amr_ws/install/amr/lib/python3.10/site-packages'
[13.841s] Level 1:colcon.colcon_core.shell:create_environment_hook('amr', 'pythonpath')
[13.842s] INFO:colcon.colcon_core.shell:Creating environment hook '/home/lfvargas/amr_ws/install/amr/share/amr/hook/pythonpath.ps1'
[13.843s] INFO:colcon.colcon_core.shell:Creating environment descriptor '/home/lfvargas/amr_ws/install/amr/share/amr/hook/pythonpath.dsv'
[13.845s] INFO:colcon.colcon_core.shell:Creating environment hook '/home/lfvargas/amr_ws/install/amr/share/amr/hook/pythonpath.sh'
[13.847s] Level 1:colcon.colcon_core.environment:checking '/home/lfvargas/amr_ws/install/amr/bin'
[13.848s] Level 1:colcon.colcon_core.environment:create_environment_scripts_only(amr)
[13.849s] INFO:colcon.colcon_core.shell:Creating package script '/home/lfvargas/amr_ws/install/amr/share/amr/package.ps1'
[13.851s] INFO:colcon.colcon_core.shell:Creating package descriptor '/home/lfvargas/amr_ws/install/amr/share/amr/package.dsv'
[13.852s] INFO:colcon.colcon_core.shell:Creating package script '/home/lfvargas/amr_ws/install/amr/share/amr/package.sh'
[13.854s] INFO:colcon.colcon_core.shell:Creating package script '/home/lfvargas/amr_ws/install/amr/share/amr/package.bash'
[13.855s] INFO:colcon.colcon_core.shell:Creating package script '/home/lfvargas/amr_ws/install/amr/share/amr/package.zsh'
[13.857s] Level 1:colcon.colcon_core.environment:create_file_with_runtime_dependencies(/home/lfvargas/amr_ws/install/amr/share/colcon-core/packages/amr)
[13.857s] DEBUG:colcon.colcon_parallel_executor.executor.parallel:closing loop
[13.859s] DEBUG:colcon.colcon_parallel_executor.executor.parallel:loop closed
[13.859s] DEBUG:colcon.colcon_parallel_executor.executor.parallel:run_until_complete finished with '0'
[13.859s] DEBUG:colcon.colcon_core.event_reactor:joining thread
[13.904s] INFO:colcon.colcon_core.plugin_system:Skipping extension 'colcon_notification.desktop_notification.terminal_notifier': Not used on non-Darwin systems
[13.904s] INFO:colcon.colcon_core.plugin_system:Skipping extension 'colcon_notification.desktop_notification.win32': Not used on non-Windows systems
[13.905s] INFO:colcon.colcon_notification.desktop_notification:Sending desktop notification using 'notify2'
[14.290s] DEBUG:colcon.colcon_core.event_reactor:joined thread
[14.291s] INFO:colcon.colcon_core.shell:Creating prefix script '/home/lfvargas/amr_ws/install/local_setup.ps1'
[14.295s] INFO:colcon.colcon_core.shell:Creating prefix util module '/home/lfvargas/amr_ws/install/_local_setup_util_ps1.py'
[14.300s] INFO:colcon.colcon_core.shell:Creating prefix chain script '/home/lfvargas/amr_ws/install/setup.ps1'
[14.303s] INFO:colcon.colcon_core.shell:Creating prefix script '/home/lfvargas/amr_ws/install/local_setup.sh'
[14.305s] INFO:colcon.colcon_core.shell:Creating prefix util module '/home/lfvargas/amr_ws/install/_local_setup_util_sh.py'
[14.306s] INFO:colcon.colcon_core.shell:Creating prefix chain script '/home/lfvargas/amr_ws/install/setup.sh'
[14.309s] INFO:colcon.colcon_core.shell:Creating prefix script '/home/lfvargas/amr_ws/install/local_setup.bash'
[14.311s] INFO:colcon.colcon_core.shell:Creating prefix chain script '/home/lfvargas/amr_ws/install/setup.bash'
[14.313s] INFO:colcon.colcon_core.shell:Creating prefix script '/home/lfvargas/amr_ws/install/local_setup.zsh'
[14.315s] INFO:colcon.colcon_core.shell:Creating prefix chain script '/home/lfvargas/amr_ws/install/setup.zsh'
