running develop
running egg_info
creating amr.egg-info
writing amr.egg-info/PKG-INFO
writing dependency_links to amr.egg-info/dependency_links.txt
writing entry points to amr.egg-info/entry_points.txt
writing requirements to amr.egg-info/requires.txt
writing top-level names to amr.egg-info/top_level.txt
writing manifest file 'amr.egg-info/SOURCES.txt'
reading manifest file 'amr.egg-info/SOURCES.txt'
writing manifest file 'amr.egg-info/SOURCES.txt'
running build_ext
Creating /home/lfvargas/amr_ws/install/amr/lib/python3.10/site-packages/amr.egg-link (link to .)
Installing node_trigger_goal_1 script to /home/lfvargas/amr_ws/install/amr/lib/amr
Installing node_trigger_goal_2 script to /home/lfvargas/amr_ws/install/amr/lib/amr
Installing node_trigger_goal_3 script to /home/lfvargas/amr_ws/install/amr/lib/amr
Installing node_trigger_goal_4 script to /home/lfvargas/amr_ws/install/amr/lib/amr
Installing node_trigger_goal_tb3_1 script to /home/lfvargas/amr_ws/install/amr/lib/amr
Installing node_trigger_goal_tb3_2 script to /home/lfvargas/amr_ws/install/amr/lib/amr

Installed /home/lfvargas/amr_ws/build/amr
running symlink_data
creating /home/lfvargas/amr_ws/install/amr/share/ament_index
creating /home/lfvargas/amr_ws/install/amr/share/ament_index/resource_index
creating /home/lfvargas/amr_ws/install/amr/share/ament_index/resource_index/packages
symbolically linking /home/lfvargas/amr_ws/build/amr/resource/amr -> /home/lfvargas/amr_ws/install/amr/share/ament_index/resource_index/packages
symbolically linking /home/lfvargas/amr_ws/build/amr/package.xml -> /home/lfvargas/amr_ws/install/amr/share/amr
creating /home/lfvargas/amr_ws/install/amr/share/amr/launch
symbolically linking /home/lfvargas/amr_ws/build/amr/launch/nav2_multi_tb3_launch.launch.py -> /home/lfvargas/amr_ws/install/amr/share/amr/launch
symbolically linking /home/lfvargas/amr_ws/build/amr/launch/node_trigger_multirobot_launch.launch.py -> /home/lfvargas/amr_ws/install/amr/share/amr/launch
symbolically linking /home/lfvargas/amr_ws/build/amr/launch/node_trigger_multi_tb3_launch.launch.py -> /home/lfvargas/amr_ws/install/amr/share/amr/launch
symbolically linking /home/lfvargas/amr_ws/build/amr/launch/multi_tb3_project_launch.launch.py -> /home/lfvargas/amr_ws/install/amr/share/amr/launch
symbolically linking /home/lfvargas/amr_ws/build/amr/launch/multi_amr_project_launch.launch.py -> /home/lfvargas/amr_ws/install/amr/share/amr/launch
symbolically linking /home/lfvargas/amr_ws/build/amr/launch/nav2_multirobot_launch.launch.py -> /home/lfvargas/amr_ws/install/amr/share/amr/launch
creating /home/lfvargas/amr_ws/install/amr/share/amr/param
symbolically linking /home/lfvargas/amr_ws/build/amr/param/nav2_multirobot_params_3.yaml -> /home/lfvargas/amr_ws/install/amr/share/amr/param
symbolically linking /home/lfvargas/amr_ws/build/amr/param/nav2_multirobot_params_2.yaml -> /home/lfvargas/amr_ws/install/amr/share/amr/param
symbolically linking /home/lfvargas/amr_ws/build/amr/param/nav2_multirobot_params_tb3_2.yaml -> /home/lfvargas/amr_ws/install/amr/share/amr/param
symbolically linking /home/lfvargas/amr_ws/build/amr/param/nav2_multirobot_params_4.yaml -> /home/lfvargas/amr_ws/install/amr/share/amr/param
symbolically linking /home/lfvargas/amr_ws/build/amr/param/diff_drive_controller.yaml -> /home/lfvargas/amr_ws/install/amr/share/amr/param
symbolically linking /home/lfvargas/amr_ws/build/amr/param/nav2_multirobot_params_1.yaml -> /home/lfvargas/amr_ws/install/amr/share/amr/param
symbolically linking /home/lfvargas/amr_ws/build/amr/param/nav2_multirobot_params_tb3_1.yaml -> /home/lfvargas/amr_ws/install/amr/share/amr/param
creating /home/lfvargas/amr_ws/install/amr/share/amr/urdf
symbolically linking /home/lfvargas/amr_ws/build/amr/urdf/amr.urdf -> /home/lfvargas/amr_ws/install/amr/share/amr/urdf
symbolically linking /home/lfvargas/amr_ws/build/amr/models/lds.dae -> /home/lfvargas/amr_ws/install/amr/share/amr/launch
symbolically linking /home/lfvargas/amr_ws/build/amr/models/amr_chasis.dae -> /home/lfvargas/amr_ws/install/amr/share/amr/launch
symbolically linking /home/lfvargas/amr_ws/build/amr/models/waffle_base.dae -> /home/lfvargas/amr_ws/install/amr/share/amr/launch
symbolically linking /home/lfvargas/amr_ws/build/amr/models/r200.dae -> /home/lfvargas/amr_ws/install/amr/share/amr/launch
symbolically linking /home/lfvargas/amr_ws/build/amr/models/tire.dae -> /home/lfvargas/amr_ws/install/amr/share/amr/launch
creating /home/lfvargas/amr_ws/install/amr/share/amr/worlds
symbolically linking /home/lfvargas/amr_ws/build/amr/worlds/factory.world -> /home/lfvargas/amr_ws/install/amr/share/amr/worlds
creating /home/lfvargas/amr_ws/install/amr/share/amr/map
symbolically linking /home/lfvargas/amr_ws/build/amr/map/factory_map_copy_1.yaml -> /home/lfvargas/amr_ws/install/amr/share/amr/map
symbolically linking /home/lfvargas/amr_ws/build/amr/map/factory_map_copy_1.pgm -> /home/lfvargas/amr_ws/install/amr/share/amr/map
symbolically linking /home/lfvargas/amr_ws/build/amr/map/map_house_1.pgm -> /home/lfvargas/amr_ws/install/amr/share/amr/map
symbolically linking /home/lfvargas/amr_ws/build/amr/map/map_house.pgm -> /home/lfvargas/amr_ws/install/amr/share/amr/map
symbolically linking /home/lfvargas/amr_ws/build/amr/map/map_house.yaml -> /home/lfvargas/amr_ws/install/amr/share/amr/map
symbolically linking /home/lfvargas/amr_ws/build/amr/map/map_house_1.yaml -> /home/lfvargas/amr_ws/install/amr/share/amr/map
creating /home/lfvargas/amr_ws/install/amr/share/amr/models
symbolically linking /home/lfvargas/amr_ws/build/amr/models/lds.dae -> /home/lfvargas/amr_ws/install/amr/share/amr/models
symbolically linking /home/lfvargas/amr_ws/build/amr/models/amr_chasis.dae -> /home/lfvargas/amr_ws/install/amr/share/amr/models
symbolically linking /home/lfvargas/amr_ws/build/amr/models/waffle_base.dae -> /home/lfvargas/amr_ws/install/amr/share/amr/models
symbolically linking /home/lfvargas/amr_ws/build/amr/models/r200.dae -> /home/lfvargas/amr_ws/install/amr/share/amr/models
symbolically linking /home/lfvargas/amr_ws/build/amr/models/tire.dae -> /home/lfvargas/amr_ws/install/amr/share/amr/models
