[0.442s] DEBUG:colcon:Command line arguments: ['/usr/bin/colcon', 'build', '--symlink-install']
[0.443s] DEBUG:colcon:Parsed command line arguments: Namespace(log_base=None, log_level=None, verb_name='build', build_base='build', install_base='install', merge_install=False, symlink_install=True, test_result_base=None, continue_on_error=False, executor='parallel', parallel_workers=8, event_handlers=None, ignore_user_meta=False, metas=['./colcon.meta'], base_paths=['.'], packages_ignore=None, packages_ignore_regex=None, paths=None, packages_up_to=None, packages_up_to_regex=None, packages_above=None, packages_above_and_dependencies=None, packages_above_depth=None, packages_select_by_dep=None, packages_skip_by_dep=None, packages_skip_up_to=None, packages_select_build_failed=False, packages_skip_build_finished=False, packages_select_test_failures=False, packages_skip_test_passed=False, packages_select=None, packages_skip=None, packages_select_regex=None, packages_skip_regex=None, packages_start=None, packages_end=None, allow_overriding=[], cmake_args=None, cmake_target=None, cmake_target_skip_unavailable=False, cmake_clean_cache=False, cmake_clean_first=False, cmake_force_configure=False, ament_cmake_args=None, catkin_cmake_args=None, catkin_skip_building_tests=False, mixin_files=None, mixin=None, verb_parser=<colcon_mixin.mixin.mixin_argument.MixinArgumentDecorator object at 0x73c9391a2350>, verb_extension=<colcon_core.verb.build.BuildVerb object at 0x73c9391239a0>, main=<bound method BuildVerb.main of <colcon_core.verb.build.BuildVerb object at 0x73c9391239a0>>, mixin_verb=('build',))
[1.290s] Level 1:colcon.colcon_core.package_discovery:discover_packages(colcon_meta) check parameters
[1.290s] Level 1:colcon.colcon_core.package_discovery:discover_packages(recursive) check parameters
[1.290s] Level 1:colcon.colcon_core.package_discovery:discover_packages(ignore) check parameters
[1.290s] Level 1:colcon.colcon_core.package_discovery:discover_packages(path) check parameters
[1.290s] Level 1:colcon.colcon_core.package_discovery:discover_packages(colcon_meta) discover
[1.290s] Level 1:colcon.colcon_core.package_discovery:discover_packages(recursive) discover
[1.290s] INFO:colcon.colcon_core.package_discovery:Crawling recursively for packages in '/home/lfvargas/amr_ws'
[1.290s] Level 1:colcon.colcon_core.package_identification:_identify(.) by extensions ['ignore', 'ignore_ament_install']
[1.290s] Level 1:colcon.colcon_core.package_identification:_identify(.) by extension 'ignore'
[1.290s] Level 1:colcon.colcon_core.package_identification:_identify(.) by extension 'ignore_ament_install'
[1.290s] Level 1:colcon.colcon_core.package_identification:_identify(.) by extensions ['colcon_pkg']
[1.290s] Level 1:colcon.colcon_core.package_identification:_identify(.) by extension 'colcon_pkg'
[1.290s] Level 1:colcon.colcon_core.package_identification:_identify(.) by extensions ['colcon_meta']
[1.290s] Level 1:colcon.colcon_core.package_identification:_identify(.) by extension 'colcon_meta'
[1.290s] Level 1:colcon.colcon_core.package_identification:_identify(.) by extensions ['ros']
[1.290s] Level 1:colcon.colcon_core.package_identification:_identify(.) by extension 'ros'
[1.306s] Level 1:colcon.colcon_core.package_identification:_identify(.) by extensions ['cmake', 'python']
[1.306s] Level 1:colcon.colcon_core.package_identification:_identify(.) by extension 'cmake'
[1.306s] Level 1:colcon.colcon_core.package_identification:_identify(.) by extension 'python'
[1.306s] Level 1:colcon.colcon_core.package_identification:_identify(.) by extensions ['python_setup_py']
[1.306s] Level 1:colcon.colcon_core.package_identification:_identify(.) by extension 'python_setup_py'
[1.307s] Level 1:colcon.colcon_core.package_identification:_identify(build) by extensions ['ignore', 'ignore_ament_install']
[1.307s] Level 1:colcon.colcon_core.package_identification:_identify(build) by extension 'ignore'
[1.307s] Level 1:colcon.colcon_core.package_identification:_identify(build) ignored
[1.307s] Level 1:colcon.colcon_core.package_identification:_identify(install) by extensions ['ignore', 'ignore_ament_install']
[1.307s] Level 1:colcon.colcon_core.package_identification:_identify(install) by extension 'ignore'
[1.307s] Level 1:colcon.colcon_core.package_identification:_identify(install) ignored
[1.307s] Level 1:colcon.colcon_core.package_identification:_identify(log) by extensions ['ignore', 'ignore_ament_install']
[1.308s] Level 1:colcon.colcon_core.package_identification:_identify(log) by extension 'ignore'
[1.308s] Level 1:colcon.colcon_core.package_identification:_identify(log) ignored
[1.308s] Level 1:colcon.colcon_core.package_identification:_identify(src) by extensions ['ignore', 'ignore_ament_install']
[1.308s] Level 1:colcon.colcon_core.package_identification:_identify(src) by extension 'ignore'
[1.308s] Level 1:colcon.colcon_core.package_identification:_identify(src) by extension 'ignore_ament_install'
[1.308s] Level 1:colcon.colcon_core.package_identification:_identify(src) by extensions ['colcon_pkg']
[1.308s] Level 1:colcon.colcon_core.package_identification:_identify(src) by extension 'colcon_pkg'
[1.308s] Level 1:colcon.colcon_core.package_identification:_identify(src) by extensions ['colcon_meta']
[1.308s] Level 1:colcon.colcon_core.package_identification:_identify(src) by extension 'colcon_meta'
[1.308s] Level 1:colcon.colcon_core.package_identification:_identify(src) by extensions ['ros']
[1.308s] Level 1:colcon.colcon_core.package_identification:_identify(src) by extension 'ros'
[1.308s] Level 1:colcon.colcon_core.package_identification:_identify(src) by extensions ['cmake', 'python']
[1.308s] Level 1:colcon.colcon_core.package_identification:_identify(src) by extension 'cmake'
[1.308s] Level 1:colcon.colcon_core.package_identification:_identify(src) by extension 'python'
[1.308s] Level 1:colcon.colcon_core.package_identification:_identify(src) by extensions ['python_setup_py']
[1.308s] Level 1:colcon.colcon_core.package_identification:_identify(src) by extension 'python_setup_py'
[1.308s] Level 1:colcon.colcon_core.package_identification:_identify(src/amr) by extensions ['ignore', 'ignore_ament_install']
[1.308s] Level 1:colcon.colcon_core.package_identification:_identify(src/amr) by extension 'ignore'
[1.308s] Level 1:colcon.colcon_core.package_identification:_identify(src/amr) by extension 'ignore_ament_install'
[1.308s] Level 1:colcon.colcon_core.package_identification:_identify(src/amr) by extensions ['colcon_pkg']
[1.308s] Level 1:colcon.colcon_core.package_identification:_identify(src/amr) by extension 'colcon_pkg'
[1.308s] Level 1:colcon.colcon_core.package_identification:_identify(src/amr) by extensions ['colcon_meta']
[1.309s] Level 1:colcon.colcon_core.package_identification:_identify(src/amr) by extension 'colcon_meta'
[1.309s] Level 1:colcon.colcon_core.package_identification:_identify(src/amr) by extensions ['ros']
[1.309s] Level 1:colcon.colcon_core.package_identification:_identify(src/amr) by extension 'ros'
[1.313s] DEBUG:colcon.colcon_core.package_identification:Package 'src/amr' with type 'ros.ament_python' and name 'amr'
[1.313s] Level 1:colcon.colcon_core.package_identification:_identify(src/amr_bringup) by extensions ['ignore', 'ignore_ament_install']
[1.313s] Level 1:colcon.colcon_core.package_identification:_identify(src/amr_bringup) by extension 'ignore'
[1.313s] Level 1:colcon.colcon_core.package_identification:_identify(src/amr_bringup) by extension 'ignore_ament_install'
[1.313s] Level 1:colcon.colcon_core.package_identification:_identify(src/amr_bringup) by extensions ['colcon_pkg']
[1.313s] Level 1:colcon.colcon_core.package_identification:_identify(src/amr_bringup) by extension 'colcon_pkg'
[1.313s] Level 1:colcon.colcon_core.package_identification:_identify(src/amr_bringup) by extensions ['colcon_meta']
[1.313s] Level 1:colcon.colcon_core.package_identification:_identify(src/amr_bringup) by extension 'colcon_meta'
[1.313s] Level 1:colcon.colcon_core.package_identification:_identify(src/amr_bringup) by extensions ['ros']
[1.313s] Level 1:colcon.colcon_core.package_identification:_identify(src/amr_bringup) by extension 'ros'
[1.314s] DEBUG:colcon.colcon_core.package_identification:Package 'src/amr_bringup' with type 'ros.ament_python' and name 'amr_bringup'
[1.314s] Level 1:colcon.colcon_core.package_identification:_identify(src/nav2_bringup) by extensions ['ignore', 'ignore_ament_install']
[1.315s] Level 1:colcon.colcon_core.package_identification:_identify(src/nav2_bringup) by extension 'ignore'
[1.315s] Level 1:colcon.colcon_core.package_identification:_identify(src/nav2_bringup) by extension 'ignore_ament_install'
[1.315s] Level 1:colcon.colcon_core.package_identification:_identify(src/nav2_bringup) by extensions ['colcon_pkg']
[1.315s] Level 1:colcon.colcon_core.package_identification:_identify(src/nav2_bringup) by extension 'colcon_pkg'
[1.315s] Level 1:colcon.colcon_core.package_identification:_identify(src/nav2_bringup) by extensions ['colcon_meta']
[1.315s] Level 1:colcon.colcon_core.package_identification:_identify(src/nav2_bringup) by extension 'colcon_meta'
[1.315s] Level 1:colcon.colcon_core.package_identification:_identify(src/nav2_bringup) by extensions ['ros']
[1.315s] Level 1:colcon.colcon_core.package_identification:_identify(src/nav2_bringup) by extension 'ros'
[1.316s] DEBUG:colcon.colcon_core.package_identification:Package 'src/nav2_bringup' with type 'ros.ament_cmake' and name 'nova_nav2_bringup'
[1.316s] Level 1:colcon.colcon_core.package_identification:_identify(web) by extensions ['ignore', 'ignore_ament_install']
[1.316s] Level 1:colcon.colcon_core.package_identification:_identify(web) by extension 'ignore'
[1.316s] Level 1:colcon.colcon_core.package_identification:_identify(web) by extension 'ignore_ament_install'
[1.316s] Level 1:colcon.colcon_core.package_identification:_identify(web) by extensions ['colcon_pkg']
[1.316s] Level 1:colcon.colcon_core.package_identification:_identify(web) by extension 'colcon_pkg'
[1.316s] Level 1:colcon.colcon_core.package_identification:_identify(web) by extensions ['colcon_meta']
[1.316s] Level 1:colcon.colcon_core.package_identification:_identify(web) by extension 'colcon_meta'
[1.316s] Level 1:colcon.colcon_core.package_identification:_identify(web) by extensions ['ros']
[1.316s] Level 1:colcon.colcon_core.package_identification:_identify(web) by extension 'ros'
[1.317s] Level 1:colcon.colcon_core.package_identification:_identify(web) by extensions ['cmake', 'python']
[1.317s] Level 1:colcon.colcon_core.package_identification:_identify(web) by extension 'cmake'
[1.317s] Level 1:colcon.colcon_core.package_identification:_identify(web) by extension 'python'
[1.317s] Level 1:colcon.colcon_core.package_identification:_identify(web) by extensions ['python_setup_py']
[1.317s] Level 1:colcon.colcon_core.package_identification:_identify(web) by extension 'python_setup_py'
[1.317s] Level 1:colcon.colcon_core.package_discovery:discover_packages(recursive) using defaults
[1.317s] Level 1:colcon.colcon_core.package_discovery:discover_packages(ignore) discover
[1.317s] Level 1:colcon.colcon_core.package_discovery:discover_packages(ignore) using defaults
[1.317s] Level 1:colcon.colcon_core.package_discovery:discover_packages(path) discover
[1.317s] Level 1:colcon.colcon_core.package_discovery:discover_packages(path) using defaults
[1.344s] Level 1:colcon.colcon_core.package_discovery:discover_packages(prefix_path) check parameters
[1.345s] Level 1:colcon.colcon_core.package_discovery:discover_packages(prefix_path) discover
[1.475s] DEBUG:colcon.colcon_installed_package_information.package_discovery:Found 3 installed packages in /home/lfvargas/ros2_ws2/install
[1.479s] DEBUG:colcon.colcon_installed_package_information.package_discovery:Found 17 installed packages in /home/lfvargas/ros2_ws/install
[1.486s] DEBUG:colcon.colcon_installed_package_information.package_discovery:Found 3 installed packages in /home/lfvargas/amr_ws/install
[1.494s] DEBUG:colcon.colcon_installed_package_information.package_discovery:Found 504 installed packages in /opt/ros/humble
[1.504s] Level 1:colcon.colcon_core.package_discovery:discover_packages(prefix_path) using defaults
[1.715s] Level 5:colcon.colcon_core.verb:set package 'amr' build argument 'cmake_args' from command line to 'None'
[1.715s] Level 5:colcon.colcon_core.verb:set package 'amr' build argument 'cmake_target' from command line to 'None'
[1.715s] Level 5:colcon.colcon_core.verb:set package 'amr' build argument 'cmake_target_skip_unavailable' from command line to 'False'
[1.715s] Level 5:colcon.colcon_core.verb:set package 'amr' build argument 'cmake_clean_cache' from command line to 'False'
[1.716s] Level 5:colcon.colcon_core.verb:set package 'amr' build argument 'cmake_clean_first' from command line to 'False'
[1.716s] Level 5:colcon.colcon_core.verb:set package 'amr' build argument 'cmake_force_configure' from command line to 'False'
[1.716s] Level 5:colcon.colcon_core.verb:set package 'amr' build argument 'ament_cmake_args' from command line to 'None'
[1.716s] Level 5:colcon.colcon_core.verb:set package 'amr' build argument 'catkin_cmake_args' from command line to 'None'
[1.716s] Level 5:colcon.colcon_core.verb:set package 'amr' build argument 'catkin_skip_building_tests' from command line to 'False'
[1.716s] DEBUG:colcon.colcon_core.verb:Building package 'amr' with the following arguments: {'ament_cmake_args': None, 'build_base': '/home/lfvargas/amr_ws/build/amr', 'catkin_cmake_args': None, 'catkin_skip_building_tests': False, 'cmake_args': None, 'cmake_clean_cache': False, 'cmake_clean_first': False, 'cmake_force_configure': False, 'cmake_target': None, 'cmake_target_skip_unavailable': False, 'install_base': '/home/lfvargas/amr_ws/install/amr', 'merge_install': False, 'path': '/home/lfvargas/amr_ws/src/amr', 'symlink_install': True, 'test_result_base': None}
[1.716s] Level 5:colcon.colcon_core.verb:set package 'amr_bringup' build argument 'cmake_args' from command line to 'None'
[1.716s] Level 5:colcon.colcon_core.verb:set package 'amr_bringup' build argument 'cmake_target' from command line to 'None'
[1.716s] Level 5:colcon.colcon_core.verb:set package 'amr_bringup' build argument 'cmake_target_skip_unavailable' from command line to 'False'
[1.716s] Level 5:colcon.colcon_core.verb:set package 'amr_bringup' build argument 'cmake_clean_cache' from command line to 'False'
[1.716s] Level 5:colcon.colcon_core.verb:set package 'amr_bringup' build argument 'cmake_clean_first' from command line to 'False'
[1.716s] Level 5:colcon.colcon_core.verb:set package 'amr_bringup' build argument 'cmake_force_configure' from command line to 'False'
[1.716s] Level 5:colcon.colcon_core.verb:set package 'amr_bringup' build argument 'ament_cmake_args' from command line to 'None'
[1.716s] Level 5:colcon.colcon_core.verb:set package 'amr_bringup' build argument 'catkin_cmake_args' from command line to 'None'
[1.716s] Level 5:colcon.colcon_core.verb:set package 'amr_bringup' build argument 'catkin_skip_building_tests' from command line to 'False'
[1.716s] DEBUG:colcon.colcon_core.verb:Building package 'amr_bringup' with the following arguments: {'ament_cmake_args': None, 'build_base': '/home/lfvargas/amr_ws/build/amr_bringup', 'catkin_cmake_args': None, 'catkin_skip_building_tests': False, 'cmake_args': None, 'cmake_clean_cache': False, 'cmake_clean_first': False, 'cmake_force_configure': False, 'cmake_target': None, 'cmake_target_skip_unavailable': False, 'install_base': '/home/lfvargas/amr_ws/install/amr_bringup', 'merge_install': False, 'path': '/home/lfvargas/amr_ws/src/amr_bringup', 'symlink_install': True, 'test_result_base': None}
[1.717s] Level 5:colcon.colcon_core.verb:set package 'nova_nav2_bringup' build argument 'cmake_args' from command line to 'None'
[1.717s] Level 5:colcon.colcon_core.verb:set package 'nova_nav2_bringup' build argument 'cmake_target' from command line to 'None'
[1.717s] Level 5:colcon.colcon_core.verb:set package 'nova_nav2_bringup' build argument 'cmake_target_skip_unavailable' from command line to 'False'
[1.717s] Level 5:colcon.colcon_core.verb:set package 'nova_nav2_bringup' build argument 'cmake_clean_cache' from command line to 'False'
[1.717s] Level 5:colcon.colcon_core.verb:set package 'nova_nav2_bringup' build argument 'cmake_clean_first' from command line to 'False'
[1.717s] Level 5:colcon.colcon_core.verb:set package 'nova_nav2_bringup' build argument 'cmake_force_configure' from command line to 'False'
[1.717s] Level 5:colcon.colcon_core.verb:set package 'nova_nav2_bringup' build argument 'ament_cmake_args' from command line to 'None'
[1.717s] Level 5:colcon.colcon_core.verb:set package 'nova_nav2_bringup' build argument 'catkin_cmake_args' from command line to 'None'
[1.717s] Level 5:colcon.colcon_core.verb:set package 'nova_nav2_bringup' build argument 'catkin_skip_building_tests' from command line to 'False'
[1.717s] DEBUG:colcon.colcon_core.verb:Building package 'nova_nav2_bringup' with the following arguments: {'ament_cmake_args': None, 'build_base': '/home/lfvargas/amr_ws/build/nova_nav2_bringup', 'catkin_cmake_args': None, 'catkin_skip_building_tests': False, 'cmake_args': None, 'cmake_clean_cache': False, 'cmake_clean_first': False, 'cmake_force_configure': False, 'cmake_target': None, 'cmake_target_skip_unavailable': False, 'install_base': '/home/lfvargas/amr_ws/install/nova_nav2_bringup', 'merge_install': False, 'path': '/home/lfvargas/amr_ws/src/nav2_bringup', 'symlink_install': True, 'test_result_base': None}
[1.717s] INFO:colcon.colcon_core.executor:Executing jobs using 'parallel' executor
[1.718s] DEBUG:colcon.colcon_parallel_executor.executor.parallel:run_until_complete
[1.718s] INFO:colcon.colcon_ros.task.ament_python.build:Building ROS package in '/home/lfvargas/amr_ws/src/amr' with build type 'ament_python'
[1.718s] Level 1:colcon.colcon_core.shell:create_environment_hook('amr', 'ament_prefix_path')
[1.728s] INFO:colcon.colcon_core.plugin_system:Skipping extension 'colcon_core.shell.bat': Not used on non-Windows systems
[1.728s] INFO:colcon.colcon_core.shell:Creating environment hook '/home/lfvargas/amr_ws/install/amr/share/amr/hook/ament_prefix_path.ps1'
[1.788s] INFO:colcon.colcon_core.shell:Creating environment descriptor '/home/lfvargas/amr_ws/install/amr/share/amr/hook/ament_prefix_path.dsv'
[1.790s] INFO:colcon.colcon_core.shell:Creating environment hook '/home/lfvargas/amr_ws/install/amr/share/amr/hook/ament_prefix_path.sh'
[1.794s] INFO:colcon.colcon_core.shell:Skip shell extension 'powershell' for command environment: Not usable outside of PowerShell
[1.794s] DEBUG:colcon.colcon_core.shell:Skip shell extension 'dsv' for command environment
[1.814s] INFO:colcon.colcon_ros.task.ament_python.build:Building ROS package in '/home/lfvargas/amr_ws/src/amr_bringup' with build type 'ament_python'
[1.815s] Level 1:colcon.colcon_core.shell:create_environment_hook('amr_bringup', 'ament_prefix_path')
[1.816s] INFO:colcon.colcon_core.shell:Creating environment hook '/home/lfvargas/amr_ws/install/amr_bringup/share/amr_bringup/hook/ament_prefix_path.ps1'
[1.817s] INFO:colcon.colcon_core.shell:Creating environment descriptor '/home/lfvargas/amr_ws/install/amr_bringup/share/amr_bringup/hook/ament_prefix_path.dsv'
[1.819s] INFO:colcon.colcon_core.shell:Creating environment hook '/home/lfvargas/amr_ws/install/amr_bringup/share/amr_bringup/hook/ament_prefix_path.sh'
[1.822s] INFO:colcon.colcon_core.shell:Skip shell extension 'powershell' for command environment: Not usable outside of PowerShell
[1.822s] DEBUG:colcon.colcon_core.shell:Skip shell extension 'dsv' for command environment
[1.834s] INFO:colcon.colcon_ros.task.ament_cmake.build:Building ROS package in '/home/lfvargas/amr_ws/src/nav2_bringup' with build type 'ament_cmake'
[1.834s] INFO:colcon.colcon_cmake.task.cmake.build:Building CMake package in '/home/lfvargas/amr_ws/src/nav2_bringup'
[1.835s] INFO:colcon.colcon_core.shell:Skip shell extension 'powershell' for command environment: Not usable outside of PowerShell
[1.835s] DEBUG:colcon.colcon_core.shell:Skip shell extension 'dsv' for command environment
[2.158s] INFO:colcon.colcon_core.task.python.build:Building Python package in '/home/lfvargas/amr_ws/src/amr'
[2.158s] INFO:colcon.colcon_core.shell:Skip shell extension 'powershell' for command environment: Not usable outside of PowerShell
[2.158s] DEBUG:colcon.colcon_core.shell:Skip shell extension 'dsv' for command environment
[2.478s] INFO:colcon.colcon_core.task.python.build:Building Python package in '/home/lfvargas/amr_ws/src/amr_bringup'
[2.478s] INFO:colcon.colcon_core.shell:Skip shell extension 'powershell' for command environment: Not usable outside of PowerShell
[2.478s] DEBUG:colcon.colcon_core.shell:Skip shell extension 'dsv' for command environment
[2.501s] DEBUG:colcon.colcon_core.event_handler.log_command:Invoking command in '/home/lfvargas/amr_ws/build/nova_nav2_bringup': CMAKE_PREFIX_PATH=${CMAKE_PREFIX_PATH}:/home/lfvargas/amr_ws/install/amr_bringup:/home/lfvargas/amr_ws/install/amr /usr/bin/cmake --build /home/lfvargas/amr_ws/build/nova_nav2_bringup -- -j8 -l8
[2.674s] DEBUG:colcon.colcon_core.event_handler.log_command:Invoked command in '/home/lfvargas/amr_ws/build/nova_nav2_bringup' returned '0': CMAKE_PREFIX_PATH=${CMAKE_PREFIX_PATH}:/home/lfvargas/amr_ws/install/amr_bringup:/home/lfvargas/amr_ws/install/amr /usr/bin/cmake --build /home/lfvargas/amr_ws/build/nova_nav2_bringup -- -j8 -l8
[2.686s] DEBUG:colcon.colcon_core.event_handler.log_command:Invoking command in '/home/lfvargas/amr_ws/build/nova_nav2_bringup': CMAKE_PREFIX_PATH=${CMAKE_PREFIX_PATH}:/home/lfvargas/amr_ws/install/amr_bringup:/home/lfvargas/amr_ws/install/amr /usr/bin/cmake --install /home/lfvargas/amr_ws/build/nova_nav2_bringup
[2.776s] Level 1:colcon.colcon_core.environment:create_environment_scripts_only(nova_nav2_bringup)
[2.776s] DEBUG:colcon.colcon_core.event_handler.log_command:Invoked command in '/home/lfvargas/amr_ws/build/nova_nav2_bringup' returned '0': CMAKE_PREFIX_PATH=${CMAKE_PREFIX_PATH}:/home/lfvargas/amr_ws/install/amr_bringup:/home/lfvargas/amr_ws/install/amr /usr/bin/cmake --install /home/lfvargas/amr_ws/build/nova_nav2_bringup
[2.783s] Level 1:colcon.colcon_core.environment:checking '/home/lfvargas/amr_ws/install/nova_nav2_bringup' for CMake module files
[2.784s] Level 1:colcon.colcon_core.environment:checking '/home/lfvargas/amr_ws/install/nova_nav2_bringup' for CMake config files
[2.784s] Level 1:colcon.colcon_core.shell:create_environment_hook('nova_nav2_bringup', 'cmake_prefix_path')
[2.785s] INFO:colcon.colcon_core.shell:Creating environment hook '/home/lfvargas/amr_ws/install/nova_nav2_bringup/share/nova_nav2_bringup/hook/cmake_prefix_path.ps1'
[2.785s] INFO:colcon.colcon_core.shell:Creating environment descriptor '/home/lfvargas/amr_ws/install/nova_nav2_bringup/share/nova_nav2_bringup/hook/cmake_prefix_path.dsv'
[2.786s] INFO:colcon.colcon_core.shell:Creating environment hook '/home/lfvargas/amr_ws/install/nova_nav2_bringup/share/nova_nav2_bringup/hook/cmake_prefix_path.sh'
[2.787s] Level 1:colcon.colcon_core.environment:checking '/home/lfvargas/amr_ws/install/nova_nav2_bringup/bin'
[2.787s] Level 1:colcon.colcon_core.environment:checking '/home/lfvargas/amr_ws/install/nova_nav2_bringup/lib/pkgconfig/nova_nav2_bringup.pc'
[2.788s] Level 1:colcon.colcon_core.environment:checking '/home/lfvargas/amr_ws/install/nova_nav2_bringup/lib/python3.10/site-packages'
[2.788s] Level 1:colcon.colcon_core.environment:checking '/home/lfvargas/amr_ws/install/nova_nav2_bringup/bin'
[2.789s] INFO:colcon.colcon_core.shell:Creating package script '/home/lfvargas/amr_ws/install/nova_nav2_bringup/share/nova_nav2_bringup/package.ps1'
[2.790s] INFO:colcon.colcon_core.shell:Creating package descriptor '/home/lfvargas/amr_ws/install/nova_nav2_bringup/share/nova_nav2_bringup/package.dsv'
[2.792s] INFO:colcon.colcon_core.shell:Creating package script '/home/lfvargas/amr_ws/install/nova_nav2_bringup/share/nova_nav2_bringup/package.sh'
[2.793s] INFO:colcon.colcon_core.shell:Creating package script '/home/lfvargas/amr_ws/install/nova_nav2_bringup/share/nova_nav2_bringup/package.bash'
[2.795s] INFO:colcon.colcon_core.shell:Creating package script '/home/lfvargas/amr_ws/install/nova_nav2_bringup/share/nova_nav2_bringup/package.zsh'
[2.797s] Level 1:colcon.colcon_core.environment:create_file_with_runtime_dependencies(/home/lfvargas/amr_ws/install/nova_nav2_bringup/share/colcon-core/packages/nova_nav2_bringup)
[2.798s] Level 1:colcon.colcon_core.environment:create_environment_scripts_only(nova_nav2_bringup)
[2.798s] Level 1:colcon.colcon_core.environment:checking '/home/lfvargas/amr_ws/install/nova_nav2_bringup' for CMake module files
[2.799s] Level 1:colcon.colcon_core.environment:checking '/home/lfvargas/amr_ws/install/nova_nav2_bringup' for CMake config files
[2.799s] Level 1:colcon.colcon_core.shell:create_environment_hook('nova_nav2_bringup', 'cmake_prefix_path')
[2.800s] INFO:colcon.colcon_core.shell:Creating environment hook '/home/lfvargas/amr_ws/install/nova_nav2_bringup/share/nova_nav2_bringup/hook/cmake_prefix_path.ps1'
[2.800s] INFO:colcon.colcon_core.shell:Creating environment descriptor '/home/lfvargas/amr_ws/install/nova_nav2_bringup/share/nova_nav2_bringup/hook/cmake_prefix_path.dsv'
[2.801s] INFO:colcon.colcon_core.shell:Creating environment hook '/home/lfvargas/amr_ws/install/nova_nav2_bringup/share/nova_nav2_bringup/hook/cmake_prefix_path.sh'
[2.801s] Level 1:colcon.colcon_core.environment:checking '/home/lfvargas/amr_ws/install/nova_nav2_bringup/bin'
[2.801s] Level 1:colcon.colcon_core.environment:checking '/home/lfvargas/amr_ws/install/nova_nav2_bringup/lib/pkgconfig/nova_nav2_bringup.pc'
[2.802s] Level 1:colcon.colcon_core.environment:checking '/home/lfvargas/amr_ws/install/nova_nav2_bringup/lib/python3.10/site-packages'
[2.802s] Level 1:colcon.colcon_core.environment:checking '/home/lfvargas/amr_ws/install/nova_nav2_bringup/bin'
[2.803s] INFO:colcon.colcon_core.shell:Creating package script '/home/lfvargas/amr_ws/install/nova_nav2_bringup/share/nova_nav2_bringup/package.ps1'
[2.803s] INFO:colcon.colcon_core.shell:Creating package descriptor '/home/lfvargas/amr_ws/install/nova_nav2_bringup/share/nova_nav2_bringup/package.dsv'
[2.804s] INFO:colcon.colcon_core.shell:Creating package script '/home/lfvargas/amr_ws/install/nova_nav2_bringup/share/nova_nav2_bringup/package.sh'
[2.805s] INFO:colcon.colcon_core.shell:Creating package script '/home/lfvargas/amr_ws/install/nova_nav2_bringup/share/nova_nav2_bringup/package.bash'
[2.805s] INFO:colcon.colcon_core.shell:Creating package script '/home/lfvargas/amr_ws/install/nova_nav2_bringup/share/nova_nav2_bringup/package.zsh'
[2.806s] Level 1:colcon.colcon_core.environment:create_file_with_runtime_dependencies(/home/lfvargas/amr_ws/install/nova_nav2_bringup/share/colcon-core/packages/nova_nav2_bringup)
[3.107s] DEBUG:colcon.colcon_core.event_handler.log_command:Invoking command in '/home/lfvargas/amr_ws/build/amr': PYTHONPATH=/home/lfvargas/amr_ws/build/amr/prefix_override:/usr/lib/python3/dist-packages/colcon_core/task/python/colcon_distutils_commands:/home/lfvargas/amr_ws/install/amr/lib/python3.10/site-packages:${PYTHONPATH} /usr/bin/python3 -W ignore:setup.py install is deprecated -W ignore:easy_install command is deprecated setup.py develop --editable --build-directory /home/lfvargas/amr_ws/build/amr/build --no-deps symlink_data
[3.109s] DEBUG:colcon.colcon_core.event_handler.log_command:Invoking command in '/home/lfvargas/amr_ws/build/amr_bringup': PYTHONPATH=/home/lfvargas/amr_ws/build/amr_bringup/prefix_override:/usr/lib/python3/dist-packages/colcon_core/task/python/colcon_distutils_commands:/home/lfvargas/amr_ws/install/amr_bringup/lib/python3.10/site-packages:${PYTHONPATH} /usr/bin/python3 -W ignore:setup.py install is deprecated -W ignore:easy_install command is deprecated setup.py develop --editable --build-directory /home/lfvargas/amr_ws/build/amr_bringup/build --no-deps symlink_data
[3.769s] Level 1:colcon.colcon_core.shell:create_environment_hook('amr', 'pythonpath_develop')
[3.770s] INFO:colcon.colcon_core.shell:Creating environment hook '/home/lfvargas/amr_ws/build/amr/share/amr/hook/pythonpath_develop.ps1'
[3.770s] DEBUG:colcon.colcon_core.event_handler.log_command:Invoked command in '/home/lfvargas/amr_ws/build/amr' returned '0': PYTHONPATH=/home/lfvargas/amr_ws/build/amr/prefix_override:/usr/lib/python3/dist-packages/colcon_core/task/python/colcon_distutils_commands:/home/lfvargas/amr_ws/install/amr/lib/python3.10/site-packages:${PYTHONPATH} /usr/bin/python3 -W ignore:setup.py install is deprecated -W ignore:easy_install command is deprecated setup.py develop --editable --build-directory /home/lfvargas/amr_ws/build/amr/build --no-deps symlink_data
[3.770s] INFO:colcon.colcon_core.shell:Creating environment descriptor '/home/lfvargas/amr_ws/build/amr/share/amr/hook/pythonpath_develop.dsv'
[3.772s] INFO:colcon.colcon_core.shell:Creating environment hook '/home/lfvargas/amr_ws/build/amr/share/amr/hook/pythonpath_develop.sh'
[3.772s] Level 1:colcon.colcon_core.environment:checking '/home/lfvargas/amr_ws/install/amr' for CMake module files
[3.773s] Level 1:colcon.colcon_core.environment:checking '/home/lfvargas/amr_ws/install/amr' for CMake config files
[3.776s] Level 1:colcon.colcon_core.environment:checking '/home/lfvargas/amr_ws/install/amr/lib'
[3.776s] Level 1:colcon.colcon_core.environment:checking '/home/lfvargas/amr_ws/install/amr/bin'
[3.776s] Level 1:colcon.colcon_core.environment:checking '/home/lfvargas/amr_ws/install/amr/lib/pkgconfig/amr.pc'
[3.776s] Level 1:colcon.colcon_core.environment:checking '/home/lfvargas/amr_ws/install/amr/lib/python3.10/site-packages'
[3.776s] Level 1:colcon.colcon_core.shell:create_environment_hook('amr', 'pythonpath')
[3.777s] INFO:colcon.colcon_core.shell:Creating environment hook '/home/lfvargas/amr_ws/install/amr/share/amr/hook/pythonpath.ps1'
[3.777s] INFO:colcon.colcon_core.shell:Creating environment descriptor '/home/lfvargas/amr_ws/install/amr/share/amr/hook/pythonpath.dsv'
[3.777s] INFO:colcon.colcon_core.shell:Creating environment hook '/home/lfvargas/amr_ws/install/amr/share/amr/hook/pythonpath.sh'
[3.778s] Level 1:colcon.colcon_core.environment:checking '/home/lfvargas/amr_ws/install/amr/bin'
[3.778s] Level 1:colcon.colcon_core.environment:create_environment_scripts_only(amr)
[3.778s] INFO:colcon.colcon_core.shell:Creating package script '/home/lfvargas/amr_ws/install/amr/share/amr/package.ps1'
[3.779s] INFO:colcon.colcon_core.shell:Creating package descriptor '/home/lfvargas/amr_ws/install/amr/share/amr/package.dsv'
[3.779s] INFO:colcon.colcon_core.shell:Creating package script '/home/lfvargas/amr_ws/install/amr/share/amr/package.sh'
[3.779s] INFO:colcon.colcon_core.shell:Creating package script '/home/lfvargas/amr_ws/install/amr/share/amr/package.bash'
[3.780s] INFO:colcon.colcon_core.shell:Creating package script '/home/lfvargas/amr_ws/install/amr/share/amr/package.zsh'
[3.780s] Level 1:colcon.colcon_core.environment:create_file_with_runtime_dependencies(/home/lfvargas/amr_ws/install/amr/share/colcon-core/packages/amr)
[3.781s] Level 1:colcon.colcon_core.shell:create_environment_hook('amr_bringup', 'pythonpath_develop')
[3.781s] INFO:colcon.colcon_core.shell:Creating environment hook '/home/lfvargas/amr_ws/build/amr_bringup/share/amr_bringup/hook/pythonpath_develop.ps1'
[3.782s] INFO:colcon.colcon_core.shell:Creating environment descriptor '/home/lfvargas/amr_ws/build/amr_bringup/share/amr_bringup/hook/pythonpath_develop.dsv'
[3.782s] DEBUG:colcon.colcon_core.event_handler.log_command:Invoked command in '/home/lfvargas/amr_ws/build/amr_bringup' returned '0': PYTHONPATH=/home/lfvargas/amr_ws/build/amr_bringup/prefix_override:/usr/lib/python3/dist-packages/colcon_core/task/python/colcon_distutils_commands:/home/lfvargas/amr_ws/install/amr_bringup/lib/python3.10/site-packages:${PYTHONPATH} /usr/bin/python3 -W ignore:setup.py install is deprecated -W ignore:easy_install command is deprecated setup.py develop --editable --build-directory /home/lfvargas/amr_ws/build/amr_bringup/build --no-deps symlink_data
[3.783s] INFO:colcon.colcon_core.shell:Creating environment hook '/home/lfvargas/amr_ws/build/amr_bringup/share/amr_bringup/hook/pythonpath_develop.sh'
[3.784s] Level 1:colcon.colcon_core.environment:checking '/home/lfvargas/amr_ws/install/amr_bringup' for CMake module files
[3.786s] Level 1:colcon.colcon_core.environment:checking '/home/lfvargas/amr_ws/install/amr_bringup' for CMake config files
[3.800s] Level 1:colcon.colcon_core.environment:checking '/home/lfvargas/amr_ws/install/amr_bringup/lib'
[3.801s] Level 1:colcon.colcon_core.environment:checking '/home/lfvargas/amr_ws/install/amr_bringup/bin'
[3.801s] Level 1:colcon.colcon_core.environment:checking '/home/lfvargas/amr_ws/install/amr_bringup/lib/pkgconfig/amr_bringup.pc'
[3.802s] Level 1:colcon.colcon_core.environment:checking '/home/lfvargas/amr_ws/install/amr_bringup/lib/python3.10/site-packages'
[3.802s] Level 1:colcon.colcon_core.shell:create_environment_hook('amr_bringup', 'pythonpath')
[3.803s] INFO:colcon.colcon_core.shell:Creating environment hook '/home/lfvargas/amr_ws/install/amr_bringup/share/amr_bringup/hook/pythonpath.ps1'
[3.804s] INFO:colcon.colcon_core.shell:Creating environment descriptor '/home/lfvargas/amr_ws/install/amr_bringup/share/amr_bringup/hook/pythonpath.dsv'
[3.805s] INFO:colcon.colcon_core.shell:Creating environment hook '/home/lfvargas/amr_ws/install/amr_bringup/share/amr_bringup/hook/pythonpath.sh'
[3.806s] Level 1:colcon.colcon_core.environment:checking '/home/lfvargas/amr_ws/install/amr_bringup/bin'
[3.806s] Level 1:colcon.colcon_core.environment:create_environment_scripts_only(amr_bringup)
[3.806s] INFO:colcon.colcon_core.shell:Creating package script '/home/lfvargas/amr_ws/install/amr_bringup/share/amr_bringup/package.ps1'
[3.806s] INFO:colcon.colcon_core.shell:Creating package descriptor '/home/lfvargas/amr_ws/install/amr_bringup/share/amr_bringup/package.dsv'
[3.807s] INFO:colcon.colcon_core.shell:Creating package script '/home/lfvargas/amr_ws/install/amr_bringup/share/amr_bringup/package.sh'
[3.807s] INFO:colcon.colcon_core.shell:Creating package script '/home/lfvargas/amr_ws/install/amr_bringup/share/amr_bringup/package.bash'
[3.807s] INFO:colcon.colcon_core.shell:Creating package script '/home/lfvargas/amr_ws/install/amr_bringup/share/amr_bringup/package.zsh'
[3.808s] Level 1:colcon.colcon_core.environment:create_file_with_runtime_dependencies(/home/lfvargas/amr_ws/install/amr_bringup/share/colcon-core/packages/amr_bringup)
[3.808s] DEBUG:colcon.colcon_parallel_executor.executor.parallel:closing loop
[3.808s] DEBUG:colcon.colcon_parallel_executor.executor.parallel:loop closed
[3.808s] DEBUG:colcon.colcon_parallel_executor.executor.parallel:run_until_complete finished with '0'
[3.808s] DEBUG:colcon.colcon_core.event_reactor:joining thread
[3.836s] INFO:colcon.colcon_core.plugin_system:Skipping extension 'colcon_notification.desktop_notification.terminal_notifier': Not used on non-Darwin systems
[3.836s] INFO:colcon.colcon_core.plugin_system:Skipping extension 'colcon_notification.desktop_notification.win32': Not used on non-Windows systems
[3.836s] INFO:colcon.colcon_notification.desktop_notification:Sending desktop notification using 'notify2'
[3.851s] DEBUG:colcon.colcon_core.event_reactor:joined thread
[3.851s] INFO:colcon.colcon_core.shell:Creating prefix script '/home/lfvargas/amr_ws/install/local_setup.ps1'
[3.852s] INFO:colcon.colcon_core.shell:Creating prefix util module '/home/lfvargas/amr_ws/install/_local_setup_util_ps1.py'
[3.855s] INFO:colcon.colcon_core.shell:Creating prefix chain script '/home/lfvargas/amr_ws/install/setup.ps1'
[3.857s] INFO:colcon.colcon_core.shell:Creating prefix script '/home/lfvargas/amr_ws/install/local_setup.sh'
[3.859s] INFO:colcon.colcon_core.shell:Creating prefix util module '/home/lfvargas/amr_ws/install/_local_setup_util_sh.py'
[3.860s] INFO:colcon.colcon_core.shell:Creating prefix chain script '/home/lfvargas/amr_ws/install/setup.sh'
[3.862s] INFO:colcon.colcon_core.shell:Creating prefix script '/home/lfvargas/amr_ws/install/local_setup.bash'
[3.863s] INFO:colcon.colcon_core.shell:Creating prefix chain script '/home/lfvargas/amr_ws/install/setup.bash'
[3.865s] INFO:colcon.colcon_core.shell:Creating prefix script '/home/lfvargas/amr_ws/install/local_setup.zsh'
[3.866s] INFO:colcon.colcon_core.shell:Creating prefix chain script '/home/lfvargas/amr_ws/install/setup.zsh'
