[1.203s] Invoking command in '/home/lfvargas/amr_ws/build/nova_nav2_bringup': CMAKE_PREFIX_PATH=${CMAKE_PREFIX_PATH}:/home/lfvargas/ros2_ws/install /usr/bin/cmake --build /home/lfvargas/amr_ws/build/nova_nav2_bringup -- -j8 -l8
[3.392s] -- Found ament_cmake: 1.3.12 (/opt/ros/humble/share/ament_cmake/cmake)
[4.289s] -- Override CMake install command with custom implementation using symlinks instead of copying resources
[4.562s] -- Found nav2_common: 1.1.20 (/opt/ros/humble/share/nav2_common/cmake)
[4.596s] -- Found navigation2: 1.1.20 (/opt/ros/humble/share/navigation2/cmake)
[4.635s] -- Found ament_lint_auto: 0.12.14 (/opt/ros/humble/share/ament_lint_auto/cmake)
[5.763s] -- Added test 'copyright' to check source files copyright and LICENSE
[5.956s] -- Added test 'flake8' to check Python code syntax and style conventions
[5.958s] -- Added test 'lint_cmake' to check CMake code style
[5.959s] -- Added test 'pep257' to check Python code against some of the docstring style conventions in PEP 257
[5.967s] -- Added test 'xmllint' to check XML markup files
[6.046s] -- Configuring done
[6.056s] -- Generating done
[6.058s] -- Build files have been written to: /home/lfvargas/amr_ws/build/nova_nav2_bringup
[6.083s] Invoked command in '/home/lfvargas/amr_ws/build/nova_nav2_bringup' returned '0': CMAKE_PREFIX_PATH=${CMAKE_PREFIX_PATH}:/home/lfvargas/ros2_ws/install /usr/bin/cmake --build /home/lfvargas/amr_ws/build/nova_nav2_bringup -- -j8 -l8
[6.136s] Invoking command in '/home/lfvargas/amr_ws/build/nova_nav2_bringup': CMAKE_PREFIX_PATH=${CMAKE_PREFIX_PATH}:/home/lfvargas/ros2_ws/install /usr/bin/cmake --install /home/lfvargas/amr_ws/build/nova_nav2_bringup
[6.144s] -- Install configuration: "Release"
[6.145s] -- Execute custom install script
[6.146s] -- Up-to-date symlink: /home/lfvargas/amr_ws/install/nova_nav2_bringup/share/nova_nav2_bringup/launch/amr_simulation_launch.py
[6.147s] -- Up-to-date symlink: /home/lfvargas/amr_ws/install/nova_nav2_bringup/share/nova_nav2_bringup/launch/bringup_launch.py
[6.147s] -- Up-to-date symlink: /home/lfvargas/amr_ws/install/nova_nav2_bringup/share/nova_nav2_bringup/launch/cloned_multi_tb3_simulation_launch.py
[6.147s] -- Up-to-date symlink: /home/lfvargas/amr_ws/install/nova_nav2_bringup/share/nova_nav2_bringup/launch/localization_launch.py
[6.147s] -- Up-to-date symlink: /home/lfvargas/amr_ws/install/nova_nav2_bringup/share/nova_nav2_bringup/launch/navigation_launch.py
[6.148s] -- Up-to-date symlink: /home/lfvargas/amr_ws/install/nova_nav2_bringup/share/nova_nav2_bringup/launch/nova_launch.py
[6.148s] -- Up-to-date symlink: /home/lfvargas/amr_ws/install/nova_nav2_bringup/share/nova_nav2_bringup/launch/rviz_launch.py
[6.148s] -- Up-to-date symlink: /home/lfvargas/amr_ws/install/nova_nav2_bringup/share/nova_nav2_bringup/launch/slam_launch.py
[6.149s] -- Up-to-date symlink: /home/lfvargas/amr_ws/install/nova_nav2_bringup/share/nova_nav2_bringup/launch/tb3_real_launch.py
[6.149s] -- Up-to-date symlink: /home/lfvargas/amr_ws/install/nova_nav2_bringup/share/nova_nav2_bringup/launch/unique_multi_tb3_simulation_launch.py
[6.149s] -- Up-to-date symlink: /home/lfvargas/amr_ws/install/nova_nav2_bringup/share/nova_nav2_bringup/maps/turtlebot3_world.pgm
[6.150s] -- Up-to-date symlink: /home/lfvargas/amr_ws/install/nova_nav2_bringup/share/nova_nav2_bringup/maps/turtlebot3_world.yaml
[6.150s] -- Up-to-date symlink: /home/lfvargas/amr_ws/install/nova_nav2_bringup/share/nova_nav2_bringup/rviz/nav2_default_view.rviz
[6.150s] -- Up-to-date symlink: /home/lfvargas/amr_ws/install/nova_nav2_bringup/share/nova_nav2_bringup/rviz/nav2_namespaced_view.rviz
[6.151s] -- Up-to-date symlink: /home/lfvargas/amr_ws/install/nova_nav2_bringup/share/nova_nav2_bringup/worlds/model.sdf
[6.151s] -- Up-to-date symlink: /home/lfvargas/amr_ws/install/nova_nav2_bringup/share/nova_nav2_bringup/worlds/waffle.model
[6.151s] -- Up-to-date symlink: /home/lfvargas/amr_ws/install/nova_nav2_bringup/share/nova_nav2_bringup/worlds/world_only.model
[6.152s] -- Up-to-date symlink: /home/lfvargas/amr_ws/install/nova_nav2_bringup/share/nova_nav2_bringup/params/nav2_multirobot_params_1.yaml
[6.152s] -- Up-to-date symlink: /home/lfvargas/amr_ws/install/nova_nav2_bringup/share/nova_nav2_bringup/params/nav2_multirobot_params_2.yaml
[6.153s] -- Up-to-date symlink: /home/lfvargas/amr_ws/install/nova_nav2_bringup/share/nova_nav2_bringup/params/nav2_multirobot_params_all.yaml
[6.153s] -- Up-to-date symlink: /home/lfvargas/amr_ws/install/nova_nav2_bringup/share/nova_nav2_bringup/params/nav2_params.yaml
[6.153s] -- Up-to-date symlink: /home/lfvargas/amr_ws/install/nova_nav2_bringup/share/nova_nav2_bringup/params/old_params.yaml
[6.154s] -- Up-to-date symlink: /home/lfvargas/amr_ws/install/nova_nav2_bringup/share/nova_nav2_bringup/urdf/turtlebot3_waffle.urdf
[6.155s] -- Up-to-date symlink: /home/lfvargas/amr_ws/install/nova_nav2_bringup/share/nova_nav2_bringup/urdf/turtlebot3_waffle_1.urdf
[6.156s] -- Up-to-date symlink: /home/lfvargas/amr_ws/install/nova_nav2_bringup/share/ament_index/resource_index/package_run_dependencies/nova_nav2_bringup
[6.156s] -- Up-to-date symlink: /home/lfvargas/amr_ws/install/nova_nav2_bringup/share/ament_index/resource_index/parent_prefix_path/nova_nav2_bringup
[6.157s] -- Up-to-date symlink: /home/lfvargas/amr_ws/install/nova_nav2_bringup/share/nova_nav2_bringup/environment/ament_prefix_path.sh
[6.157s] -- Up-to-date symlink: /home/lfvargas/amr_ws/install/nova_nav2_bringup/share/nova_nav2_bringup/environment/ament_prefix_path.dsv
[6.158s] -- Up-to-date symlink: /home/lfvargas/amr_ws/install/nova_nav2_bringup/share/nova_nav2_bringup/environment/path.sh
[6.158s] -- Up-to-date symlink: /home/lfvargas/amr_ws/install/nova_nav2_bringup/share/nova_nav2_bringup/environment/path.dsv
[6.159s] -- Up-to-date symlink: /home/lfvargas/amr_ws/install/nova_nav2_bringup/share/nova_nav2_bringup/local_setup.bash
[6.159s] -- Up-to-date symlink: /home/lfvargas/amr_ws/install/nova_nav2_bringup/share/nova_nav2_bringup/local_setup.sh
[6.159s] -- Up-to-date symlink: /home/lfvargas/amr_ws/install/nova_nav2_bringup/share/nova_nav2_bringup/local_setup.zsh
[6.159s] -- Up-to-date symlink: /home/lfvargas/amr_ws/install/nova_nav2_bringup/share/nova_nav2_bringup/local_setup.dsv
[6.160s] -- Symlinking: /home/lfvargas/amr_ws/install/nova_nav2_bringup/share/nova_nav2_bringup/package.dsv
[6.169s] -- Up-to-date symlink: /home/lfvargas/amr_ws/install/nova_nav2_bringup/share/ament_index/resource_index/packages/nova_nav2_bringup
[6.170s] -- Up-to-date symlink: /home/lfvargas/amr_ws/install/nova_nav2_bringup/share/nova_nav2_bringup/cmake/nova_nav2_bringupConfig.cmake
[6.171s] -- Up-to-date symlink: /home/lfvargas/amr_ws/install/nova_nav2_bringup/share/nova_nav2_bringup/cmake/nova_nav2_bringupConfig-version.cmake
[6.172s] -- Up-to-date symlink: /home/lfvargas/amr_ws/install/nova_nav2_bringup/share/nova_nav2_bringup/package.xml
[6.174s] Invoked command in '/home/lfvargas/amr_ws/build/nova_nav2_bringup' returned '0': CMAKE_PREFIX_PATH=${CMAKE_PREFIX_PATH}:/home/lfvargas/ros2_ws/install /usr/bin/cmake --install /home/lfvargas/amr_ws/build/nova_nav2_bringup
