[0.105s] DEBUG:colcon:Command line arguments: ['/usr/bin/colcon', 'build', '--symlink-install']
[0.105s] DEBUG:colcon:Parsed command line arguments: Namespace(log_base=None, log_level=None, verb_name='build', build_base='build', install_base='install', merge_install=False, symlink_install=True, test_result_base=None, continue_on_error=False, executor='parallel', parallel_workers=8, event_handlers=None, ignore_user_meta=False, metas=['./colcon.meta'], base_paths=['.'], packages_ignore=None, packages_ignore_regex=None, paths=None, packages_up_to=None, packages_up_to_regex=None, packages_above=None, packages_above_and_dependencies=None, packages_above_depth=None, packages_select_by_dep=None, packages_skip_by_dep=None, packages_skip_up_to=None, packages_select_build_failed=False, packages_skip_build_finished=False, packages_select_test_failures=False, packages_skip_test_passed=False, packages_select=None, packages_skip=None, packages_select_regex=None, packages_skip_regex=None, packages_start=None, packages_end=None, allow_overriding=[], cmake_args=None, cmake_target=None, cmake_target_skip_unavailable=False, cmake_clean_cache=False, cmake_clean_first=False, cmake_force_configure=False, ament_cmake_args=None, catkin_cmake_args=None, catkin_skip_building_tests=False, mixin_files=None, mixin=None, verb_parser=<colcon_mixin.mixin.mixin_argument.MixinArgumentDecorator object at 0x740d867a6290>, verb_extension=<colcon_core.verb.build.BuildVerb object at 0x740d867238e0>, main=<bound method BuildVerb.main of <colcon_core.verb.build.BuildVerb object at 0x740d867238e0>>, mixin_verb=('build',))
[0.338s] Level 1:colcon.colcon_core.package_discovery:discover_packages(colcon_meta) check parameters
[0.338s] Level 1:colcon.colcon_core.package_discovery:discover_packages(recursive) check parameters
[0.338s] Level 1:colcon.colcon_core.package_discovery:discover_packages(ignore) check parameters
[0.338s] Level 1:colcon.colcon_core.package_discovery:discover_packages(path) check parameters
[0.338s] Level 1:colcon.colcon_core.package_discovery:discover_packages(colcon_meta) discover
[0.338s] Level 1:colcon.colcon_core.package_discovery:discover_packages(recursive) discover
[0.338s] INFO:colcon.colcon_core.package_discovery:Crawling recursively for packages in '/home/lfvargas/amr_ws'
[0.338s] Level 1:colcon.colcon_core.package_identification:_identify(.) by extensions ['ignore', 'ignore_ament_install']
[0.339s] Level 1:colcon.colcon_core.package_identification:_identify(.) by extension 'ignore'
[0.339s] Level 1:colcon.colcon_core.package_identification:_identify(.) by extension 'ignore_ament_install'
[0.339s] Level 1:colcon.colcon_core.package_identification:_identify(.) by extensions ['colcon_pkg']
[0.339s] Level 1:colcon.colcon_core.package_identification:_identify(.) by extension 'colcon_pkg'
[0.339s] Level 1:colcon.colcon_core.package_identification:_identify(.) by extensions ['colcon_meta']
[0.339s] Level 1:colcon.colcon_core.package_identification:_identify(.) by extension 'colcon_meta'
[0.339s] Level 1:colcon.colcon_core.package_identification:_identify(.) by extensions ['ros']
[0.339s] Level 1:colcon.colcon_core.package_identification:_identify(.) by extension 'ros'
[0.348s] Level 1:colcon.colcon_core.package_identification:_identify(.) by extensions ['cmake', 'python']
[0.348s] Level 1:colcon.colcon_core.package_identification:_identify(.) by extension 'cmake'
[0.348s] Level 1:colcon.colcon_core.package_identification:_identify(.) by extension 'python'
[0.348s] Level 1:colcon.colcon_core.package_identification:_identify(.) by extensions ['python_setup_py']
[0.348s] Level 1:colcon.colcon_core.package_identification:_identify(.) by extension 'python_setup_py'
[0.348s] Level 1:colcon.colcon_core.package_identification:_identify(build) by extensions ['ignore', 'ignore_ament_install']
[0.348s] Level 1:colcon.colcon_core.package_identification:_identify(build) by extension 'ignore'
[0.348s] Level 1:colcon.colcon_core.package_identification:_identify(build) ignored
[0.348s] Level 1:colcon.colcon_core.package_identification:_identify(install) by extensions ['ignore', 'ignore_ament_install']
[0.348s] Level 1:colcon.colcon_core.package_identification:_identify(install) by extension 'ignore'
[0.349s] Level 1:colcon.colcon_core.package_identification:_identify(install) ignored
[0.349s] Level 1:colcon.colcon_core.package_identification:_identify(log) by extensions ['ignore', 'ignore_ament_install']
[0.349s] Level 1:colcon.colcon_core.package_identification:_identify(log) by extension 'ignore'
[0.349s] Level 1:colcon.colcon_core.package_identification:_identify(log) ignored
[0.349s] Level 1:colcon.colcon_core.package_identification:_identify(src) by extensions ['ignore', 'ignore_ament_install']
[0.349s] Level 1:colcon.colcon_core.package_identification:_identify(src) by extension 'ignore'
[0.349s] Level 1:colcon.colcon_core.package_identification:_identify(src) by extension 'ignore_ament_install'
[0.349s] Level 1:colcon.colcon_core.package_identification:_identify(src) by extensions ['colcon_pkg']
[0.349s] Level 1:colcon.colcon_core.package_identification:_identify(src) by extension 'colcon_pkg'
[0.349s] Level 1:colcon.colcon_core.package_identification:_identify(src) by extensions ['colcon_meta']
[0.349s] Level 1:colcon.colcon_core.package_identification:_identify(src) by extension 'colcon_meta'
[0.349s] Level 1:colcon.colcon_core.package_identification:_identify(src) by extensions ['ros']
[0.349s] Level 1:colcon.colcon_core.package_identification:_identify(src) by extension 'ros'
[0.349s] Level 1:colcon.colcon_core.package_identification:_identify(src) by extensions ['cmake', 'python']
[0.349s] Level 1:colcon.colcon_core.package_identification:_identify(src) by extension 'cmake'
[0.349s] Level 1:colcon.colcon_core.package_identification:_identify(src) by extension 'python'
[0.349s] Level 1:colcon.colcon_core.package_identification:_identify(src) by extensions ['python_setup_py']
[0.349s] Level 1:colcon.colcon_core.package_identification:_identify(src) by extension 'python_setup_py'
[0.349s] Level 1:colcon.colcon_core.package_identification:_identify(src/amr) by extensions ['ignore', 'ignore_ament_install']
[0.349s] Level 1:colcon.colcon_core.package_identification:_identify(src/amr) by extension 'ignore'
[0.349s] Level 1:colcon.colcon_core.package_identification:_identify(src/amr) by extension 'ignore_ament_install'
[0.350s] Level 1:colcon.colcon_core.package_identification:_identify(src/amr) by extensions ['colcon_pkg']
[0.350s] Level 1:colcon.colcon_core.package_identification:_identify(src/amr) by extension 'colcon_pkg'
[0.350s] Level 1:colcon.colcon_core.package_identification:_identify(src/amr) by extensions ['colcon_meta']
[0.350s] Level 1:colcon.colcon_core.package_identification:_identify(src/amr) by extension 'colcon_meta'
[0.350s] Level 1:colcon.colcon_core.package_identification:_identify(src/amr) by extensions ['ros']
[0.350s] Level 1:colcon.colcon_core.package_identification:_identify(src/amr) by extension 'ros'
[0.352s] DEBUG:colcon.colcon_core.package_identification:Package 'src/amr' with type 'ros.ament_python' and name 'amr'
[0.352s] Level 1:colcon.colcon_core.package_identification:_identify(src/amr_bringup) by extensions ['ignore', 'ignore_ament_install']
[0.352s] Level 1:colcon.colcon_core.package_identification:_identify(src/amr_bringup) by extension 'ignore'
[0.352s] Level 1:colcon.colcon_core.package_identification:_identify(src/amr_bringup) by extension 'ignore_ament_install'
[0.352s] Level 1:colcon.colcon_core.package_identification:_identify(src/amr_bringup) by extensions ['colcon_pkg']
[0.352s] Level 1:colcon.colcon_core.package_identification:_identify(src/amr_bringup) by extension 'colcon_pkg'
[0.352s] Level 1:colcon.colcon_core.package_identification:_identify(src/amr_bringup) by extensions ['colcon_meta']
[0.353s] Level 1:colcon.colcon_core.package_identification:_identify(src/amr_bringup) by extension 'colcon_meta'
[0.353s] Level 1:colcon.colcon_core.package_identification:_identify(src/amr_bringup) by extensions ['ros']
[0.353s] Level 1:colcon.colcon_core.package_identification:_identify(src/amr_bringup) by extension 'ros'
[0.353s] DEBUG:colcon.colcon_core.package_identification:Package 'src/amr_bringup' with type 'ros.ament_python' and name 'amr_bringup'
[0.353s] Level 1:colcon.colcon_core.package_identification:_identify(src/nav2_bringup) by extensions ['ignore', 'ignore_ament_install']
[0.353s] Level 1:colcon.colcon_core.package_identification:_identify(src/nav2_bringup) by extension 'ignore'
[0.353s] Level 1:colcon.colcon_core.package_identification:_identify(src/nav2_bringup) by extension 'ignore_ament_install'
[0.353s] Level 1:colcon.colcon_core.package_identification:_identify(src/nav2_bringup) by extensions ['colcon_pkg']
[0.353s] Level 1:colcon.colcon_core.package_identification:_identify(src/nav2_bringup) by extension 'colcon_pkg'
[0.353s] Level 1:colcon.colcon_core.package_identification:_identify(src/nav2_bringup) by extensions ['colcon_meta']
[0.353s] Level 1:colcon.colcon_core.package_identification:_identify(src/nav2_bringup) by extension 'colcon_meta'
[0.354s] Level 1:colcon.colcon_core.package_identification:_identify(src/nav2_bringup) by extensions ['ros']
[0.354s] Level 1:colcon.colcon_core.package_identification:_identify(src/nav2_bringup) by extension 'ros'
[0.354s] DEBUG:colcon.colcon_core.package_identification:Package 'src/nav2_bringup' with type 'ros.ament_cmake' and name 'nova_nav2_bringup'
[0.354s] Level 1:colcon.colcon_core.package_identification:_identify(web) by extensions ['ignore', 'ignore_ament_install']
[0.354s] Level 1:colcon.colcon_core.package_identification:_identify(web) by extension 'ignore'
[0.354s] Level 1:colcon.colcon_core.package_identification:_identify(web) by extension 'ignore_ament_install'
[0.354s] Level 1:colcon.colcon_core.package_identification:_identify(web) by extensions ['colcon_pkg']
[0.354s] Level 1:colcon.colcon_core.package_identification:_identify(web) by extension 'colcon_pkg'
[0.354s] Level 1:colcon.colcon_core.package_identification:_identify(web) by extensions ['colcon_meta']
[0.354s] Level 1:colcon.colcon_core.package_identification:_identify(web) by extension 'colcon_meta'
[0.355s] Level 1:colcon.colcon_core.package_identification:_identify(web) by extensions ['ros']
[0.355s] Level 1:colcon.colcon_core.package_identification:_identify(web) by extension 'ros'
[0.355s] Level 1:colcon.colcon_core.package_identification:_identify(web) by extensions ['cmake', 'python']
[0.355s] Level 1:colcon.colcon_core.package_identification:_identify(web) by extension 'cmake'
[0.355s] Level 1:colcon.colcon_core.package_identification:_identify(web) by extension 'python'
[0.355s] Level 1:colcon.colcon_core.package_identification:_identify(web) by extensions ['python_setup_py']
[0.355s] Level 1:colcon.colcon_core.package_identification:_identify(web) by extension 'python_setup_py'
[0.355s] Level 1:colcon.colcon_core.package_discovery:discover_packages(recursive) using defaults
[0.355s] Level 1:colcon.colcon_core.package_discovery:discover_packages(ignore) discover
[0.355s] Level 1:colcon.colcon_core.package_discovery:discover_packages(ignore) using defaults
[0.355s] Level 1:colcon.colcon_core.package_discovery:discover_packages(path) discover
[0.355s] Level 1:colcon.colcon_core.package_discovery:discover_packages(path) using defaults
[0.372s] Level 1:colcon.colcon_core.package_discovery:discover_packages(prefix_path) check parameters
[0.372s] Level 1:colcon.colcon_core.package_discovery:discover_packages(prefix_path) discover
[0.373s] WARNING:colcon.colcon_ros.prefix_path.ament:The path '/home/lfvargas/amr_ws/install/nova_nav2_bringup' in the environment variable AMENT_PREFIX_PATH doesn't exist
[0.373s] WARNING:colcon.colcon_ros.prefix_path.ament:The path '/home/lfvargas/amr_ws/install/amr_bringup' in the environment variable AMENT_PREFIX_PATH doesn't exist
[0.373s] WARNING:colcon.colcon_ros.prefix_path.ament:The path '/home/lfvargas/amr_ws/install/amr' in the environment variable AMENT_PREFIX_PATH doesn't exist
[0.373s] WARNING:colcon.colcon_ros.prefix_path.catkin:The path '/home/lfvargas/amr_ws/install/nova_nav2_bringup' in the environment variable CMAKE_PREFIX_PATH doesn't exist
[0.374s] DEBUG:colcon.colcon_installed_package_information.package_discovery:Found 0 installed packages in /home/lfvargas/amr_ws/install
[0.375s] DEBUG:colcon.colcon_installed_package_information.package_discovery:Found 17 installed packages in /home/lfvargas/ros2_ws/install
[0.377s] DEBUG:colcon.colcon_installed_package_information.package_discovery:Found 504 installed packages in /opt/ros/humble
[0.379s] Level 1:colcon.colcon_core.package_discovery:discover_packages(prefix_path) using defaults
[0.439s] Level 5:colcon.colcon_core.verb:set package 'amr' build argument 'cmake_args' from command line to 'None'
[0.439s] Level 5:colcon.colcon_core.verb:set package 'amr' build argument 'cmake_target' from command line to 'None'
[0.439s] Level 5:colcon.colcon_core.verb:set package 'amr' build argument 'cmake_target_skip_unavailable' from command line to 'False'
[0.439s] Level 5:colcon.colcon_core.verb:set package 'amr' build argument 'cmake_clean_cache' from command line to 'False'
[0.439s] Level 5:colcon.colcon_core.verb:set package 'amr' build argument 'cmake_clean_first' from command line to 'False'
[0.439s] Level 5:colcon.colcon_core.verb:set package 'amr' build argument 'cmake_force_configure' from command line to 'False'
[0.439s] Level 5:colcon.colcon_core.verb:set package 'amr' build argument 'ament_cmake_args' from command line to 'None'
[0.439s] Level 5:colcon.colcon_core.verb:set package 'amr' build argument 'catkin_cmake_args' from command line to 'None'
[0.439s] Level 5:colcon.colcon_core.verb:set package 'amr' build argument 'catkin_skip_building_tests' from command line to 'False'
[0.439s] DEBUG:colcon.colcon_core.verb:Building package 'amr' with the following arguments: {'ament_cmake_args': None, 'build_base': '/home/lfvargas/amr_ws/build/amr', 'catkin_cmake_args': None, 'catkin_skip_building_tests': False, 'cmake_args': None, 'cmake_clean_cache': False, 'cmake_clean_first': False, 'cmake_force_configure': False, 'cmake_target': None, 'cmake_target_skip_unavailable': False, 'install_base': '/home/lfvargas/amr_ws/install/amr', 'merge_install': False, 'path': '/home/lfvargas/amr_ws/src/amr', 'symlink_install': True, 'test_result_base': None}
[0.439s] Level 5:colcon.colcon_core.verb:set package 'amr_bringup' build argument 'cmake_args' from command line to 'None'
[0.439s] Level 5:colcon.colcon_core.verb:set package 'amr_bringup' build argument 'cmake_target' from command line to 'None'
[0.439s] Level 5:colcon.colcon_core.verb:set package 'amr_bringup' build argument 'cmake_target_skip_unavailable' from command line to 'False'
[0.439s] Level 5:colcon.colcon_core.verb:set package 'amr_bringup' build argument 'cmake_clean_cache' from command line to 'False'
[0.439s] Level 5:colcon.colcon_core.verb:set package 'amr_bringup' build argument 'cmake_clean_first' from command line to 'False'
[0.439s] Level 5:colcon.colcon_core.verb:set package 'amr_bringup' build argument 'cmake_force_configure' from command line to 'False'
[0.439s] Level 5:colcon.colcon_core.verb:set package 'amr_bringup' build argument 'ament_cmake_args' from command line to 'None'
[0.439s] Level 5:colcon.colcon_core.verb:set package 'amr_bringup' build argument 'catkin_cmake_args' from command line to 'None'
[0.439s] Level 5:colcon.colcon_core.verb:set package 'amr_bringup' build argument 'catkin_skip_building_tests' from command line to 'False'
[0.439s] DEBUG:colcon.colcon_core.verb:Building package 'amr_bringup' with the following arguments: {'ament_cmake_args': None, 'build_base': '/home/lfvargas/amr_ws/build/amr_bringup', 'catkin_cmake_args': None, 'catkin_skip_building_tests': False, 'cmake_args': None, 'cmake_clean_cache': False, 'cmake_clean_first': False, 'cmake_force_configure': False, 'cmake_target': None, 'cmake_target_skip_unavailable': False, 'install_base': '/home/lfvargas/amr_ws/install/amr_bringup', 'merge_install': False, 'path': '/home/lfvargas/amr_ws/src/amr_bringup', 'symlink_install': True, 'test_result_base': None}
[0.440s] Level 5:colcon.colcon_core.verb:set package 'nova_nav2_bringup' build argument 'cmake_args' from command line to 'None'
[0.440s] Level 5:colcon.colcon_core.verb:set package 'nova_nav2_bringup' build argument 'cmake_target' from command line to 'None'
[0.440s] Level 5:colcon.colcon_core.verb:set package 'nova_nav2_bringup' build argument 'cmake_target_skip_unavailable' from command line to 'False'
[0.440s] Level 5:colcon.colcon_core.verb:set package 'nova_nav2_bringup' build argument 'cmake_clean_cache' from command line to 'False'
[0.440s] Level 5:colcon.colcon_core.verb:set package 'nova_nav2_bringup' build argument 'cmake_clean_first' from command line to 'False'
[0.440s] Level 5:colcon.colcon_core.verb:set package 'nova_nav2_bringup' build argument 'cmake_force_configure' from command line to 'False'
[0.440s] Level 5:colcon.colcon_core.verb:set package 'nova_nav2_bringup' build argument 'ament_cmake_args' from command line to 'None'
[0.440s] Level 5:colcon.colcon_core.verb:set package 'nova_nav2_bringup' build argument 'catkin_cmake_args' from command line to 'None'
[0.440s] Level 5:colcon.colcon_core.verb:set package 'nova_nav2_bringup' build argument 'catkin_skip_building_tests' from command line to 'False'
[0.440s] DEBUG:colcon.colcon_core.verb:Building package 'nova_nav2_bringup' with the following arguments: {'ament_cmake_args': None, 'build_base': '/home/lfvargas/amr_ws/build/nova_nav2_bringup', 'catkin_cmake_args': None, 'catkin_skip_building_tests': False, 'cmake_args': None, 'cmake_clean_cache': False, 'cmake_clean_first': False, 'cmake_force_configure': False, 'cmake_target': None, 'cmake_target_skip_unavailable': False, 'install_base': '/home/lfvargas/amr_ws/install/nova_nav2_bringup', 'merge_install': False, 'path': '/home/lfvargas/amr_ws/src/nav2_bringup', 'symlink_install': True, 'test_result_base': None}
[0.440s] INFO:colcon.colcon_core.executor:Executing jobs using 'parallel' executor
[0.441s] DEBUG:colcon.colcon_parallel_executor.executor.parallel:run_until_complete
[0.441s] INFO:colcon.colcon_ros.task.ament_python.build:Building ROS package in '/home/lfvargas/amr_ws/src/amr' with build type 'ament_python'
[0.441s] Level 1:colcon.colcon_core.shell:create_environment_hook('amr', 'ament_prefix_path')
[0.443s] INFO:colcon.colcon_core.plugin_system:Skipping extension 'colcon_core.shell.bat': Not used on non-Windows systems
[0.443s] INFO:colcon.colcon_core.shell:Creating environment hook '/home/lfvargas/amr_ws/install/amr/share/amr/hook/ament_prefix_path.ps1'
[0.444s] INFO:colcon.colcon_core.shell:Creating environment descriptor '/home/lfvargas/amr_ws/install/amr/share/amr/hook/ament_prefix_path.dsv'
[0.444s] INFO:colcon.colcon_core.shell:Creating environment hook '/home/lfvargas/amr_ws/install/amr/share/amr/hook/ament_prefix_path.sh'
[0.445s] INFO:colcon.colcon_core.shell:Skip shell extension 'powershell' for command environment: Not usable outside of PowerShell
[0.445s] DEBUG:colcon.colcon_core.shell:Skip shell extension 'dsv' for command environment
[0.449s] INFO:colcon.colcon_ros.task.ament_python.build:Building ROS package in '/home/lfvargas/amr_ws/src/amr_bringup' with build type 'ament_python'
[0.449s] Level 1:colcon.colcon_core.shell:create_environment_hook('amr_bringup', 'ament_prefix_path')
[0.449s] INFO:colcon.colcon_core.shell:Creating environment hook '/home/lfvargas/amr_ws/install/amr_bringup/share/amr_bringup/hook/ament_prefix_path.ps1'
[0.450s] INFO:colcon.colcon_core.shell:Creating environment descriptor '/home/lfvargas/amr_ws/install/amr_bringup/share/amr_bringup/hook/ament_prefix_path.dsv'
[0.450s] INFO:colcon.colcon_core.shell:Creating environment hook '/home/lfvargas/amr_ws/install/amr_bringup/share/amr_bringup/hook/ament_prefix_path.sh'
[0.450s] INFO:colcon.colcon_core.shell:Skip shell extension 'powershell' for command environment: Not usable outside of PowerShell
[0.451s] DEBUG:colcon.colcon_core.shell:Skip shell extension 'dsv' for command environment
[0.455s] INFO:colcon.colcon_ros.task.ament_cmake.build:Building ROS package in '/home/lfvargas/amr_ws/src/nav2_bringup' with build type 'ament_cmake'
[0.455s] INFO:colcon.colcon_cmake.task.cmake.build:Building CMake package in '/home/lfvargas/amr_ws/src/nav2_bringup'
[0.455s] INFO:colcon.colcon_core.shell:Skip shell extension 'powershell' for command environment: Not usable outside of PowerShell
[0.455s] DEBUG:colcon.colcon_core.shell:Skip shell extension 'dsv' for command environment
[0.774s] INFO:colcon.colcon_core.task.python.build:Building Python package in '/home/lfvargas/amr_ws/src/amr'
[0.775s] INFO:colcon.colcon_core.shell:Skip shell extension 'powershell' for command environment: Not usable outside of PowerShell
[0.775s] DEBUG:colcon.colcon_core.shell:Skip shell extension 'dsv' for command environment
[1.084s] INFO:colcon.colcon_core.task.python.build:Building Python package in '/home/lfvargas/amr_ws/src/amr_bringup'
[1.084s] INFO:colcon.colcon_core.shell:Skip shell extension 'powershell' for command environment: Not usable outside of PowerShell
[1.084s] DEBUG:colcon.colcon_core.shell:Skip shell extension 'dsv' for command environment
[1.092s] DEBUG:colcon.colcon_core.event_handler.log_command:Invoking command in '/home/lfvargas/amr_ws/build/nova_nav2_bringup': CMAKE_PREFIX_PATH=${CMAKE_PREFIX_PATH}:/home/lfvargas/amr_ws/install/amr_bringup:/home/lfvargas/amr_ws/install/amr /usr/bin/cmake /home/lfvargas/amr_ws/src/nav2_bringup -DAMENT_CMAKE_SYMLINK_INSTALL=1 -DCMAKE_INSTALL_PREFIX=/home/lfvargas/amr_ws/install/nova_nav2_bringup
[1.620s] DEBUG:colcon.colcon_core.event_handler.log_command:Invoking command in '/home/lfvargas/amr_ws/build/amr_bringup': PYTHONPATH=/home/lfvargas/amr_ws/build/amr_bringup/prefix_override:/usr/lib/python3/dist-packages/colcon_core/task/python/colcon_distutils_commands:/home/lfvargas/amr_ws/install/amr_bringup/lib/python3.10/site-packages:${PYTHONPATH} /usr/bin/python3 -W ignore:setup.py install is deprecated -W ignore:easy_install command is deprecated setup.py develop --editable --build-directory /home/lfvargas/amr_ws/build/amr_bringup/build --no-deps symlink_data
[1.634s] DEBUG:colcon.colcon_core.event_handler.log_command:Invoking command in '/home/lfvargas/amr_ws/build/amr': PYTHONPATH=/home/lfvargas/amr_ws/build/amr/prefix_override:/usr/lib/python3/dist-packages/colcon_core/task/python/colcon_distutils_commands:/home/lfvargas/amr_ws/install/amr/lib/python3.10/site-packages:${PYTHONPATH} /usr/bin/python3 -W ignore:setup.py install is deprecated -W ignore:easy_install command is deprecated setup.py develop --editable --build-directory /home/lfvargas/amr_ws/build/amr/build --no-deps symlink_data
[1.889s] DEBUG:colcon.colcon_core.event_handler.log_command:Invoked command in '/home/lfvargas/amr_ws/build/nova_nav2_bringup' returned '0': CMAKE_PREFIX_PATH=${CMAKE_PREFIX_PATH}:/home/lfvargas/amr_ws/install/amr_bringup:/home/lfvargas/amr_ws/install/amr /usr/bin/cmake /home/lfvargas/amr_ws/src/nav2_bringup -DAMENT_CMAKE_SYMLINK_INSTALL=1 -DCMAKE_INSTALL_PREFIX=/home/lfvargas/amr_ws/install/nova_nav2_bringup
[1.891s] DEBUG:colcon.colcon_core.event_handler.log_command:Invoking command in '/home/lfvargas/amr_ws/build/nova_nav2_bringup': CMAKE_PREFIX_PATH=${CMAKE_PREFIX_PATH}:/home/lfvargas/amr_ws/install/amr_bringup:/home/lfvargas/amr_ws/install/amr /usr/bin/cmake --build /home/lfvargas/amr_ws/build/nova_nav2_bringup -- -j8 -l8
[1.931s] DEBUG:colcon.colcon_core.event_handler.log_command:Invoked command in '/home/lfvargas/amr_ws/build/nova_nav2_bringup' returned '0': CMAKE_PREFIX_PATH=${CMAKE_PREFIX_PATH}:/home/lfvargas/amr_ws/install/amr_bringup:/home/lfvargas/amr_ws/install/amr /usr/bin/cmake --build /home/lfvargas/amr_ws/build/nova_nav2_bringup -- -j8 -l8
[1.942s] DEBUG:colcon.colcon_core.event_handler.log_command:Invoking command in '/home/lfvargas/amr_ws/build/nova_nav2_bringup': CMAKE_PREFIX_PATH=${CMAKE_PREFIX_PATH}:/home/lfvargas/amr_ws/install/amr_bringup:/home/lfvargas/amr_ws/install/amr /usr/bin/cmake --install /home/lfvargas/amr_ws/build/nova_nav2_bringup
[2.330s] Level 1:colcon.colcon_core.environment:create_environment_scripts_only(nova_nav2_bringup)
[2.331s] DEBUG:colcon.colcon_core.event_handler.log_command:Invoked command in '/home/lfvargas/amr_ws/build/nova_nav2_bringup' returned '0': CMAKE_PREFIX_PATH=${CMAKE_PREFIX_PATH}:/home/lfvargas/amr_ws/install/amr_bringup:/home/lfvargas/amr_ws/install/amr /usr/bin/cmake --install /home/lfvargas/amr_ws/build/nova_nav2_bringup
[2.333s] Level 1:colcon.colcon_core.environment:checking '/home/lfvargas/amr_ws/install/nova_nav2_bringup' for CMake module files
[2.334s] Level 1:colcon.colcon_core.environment:checking '/home/lfvargas/amr_ws/install/nova_nav2_bringup' for CMake config files
[2.334s] Level 1:colcon.colcon_core.shell:create_environment_hook('nova_nav2_bringup', 'cmake_prefix_path')
[2.334s] INFO:colcon.colcon_core.shell:Creating environment hook '/home/lfvargas/amr_ws/install/nova_nav2_bringup/share/nova_nav2_bringup/hook/cmake_prefix_path.ps1'
[2.335s] INFO:colcon.colcon_core.shell:Creating environment descriptor '/home/lfvargas/amr_ws/install/nova_nav2_bringup/share/nova_nav2_bringup/hook/cmake_prefix_path.dsv'
[2.335s] INFO:colcon.colcon_core.shell:Creating environment hook '/home/lfvargas/amr_ws/install/nova_nav2_bringup/share/nova_nav2_bringup/hook/cmake_prefix_path.sh'
[2.336s] Level 1:colcon.colcon_core.environment:checking '/home/lfvargas/amr_ws/install/nova_nav2_bringup/bin'
[2.336s] Level 1:colcon.colcon_core.environment:checking '/home/lfvargas/amr_ws/install/nova_nav2_bringup/lib/pkgconfig/nova_nav2_bringup.pc'
[2.336s] Level 1:colcon.colcon_core.environment:checking '/home/lfvargas/amr_ws/install/nova_nav2_bringup/lib/python3.10/site-packages'
[2.336s] Level 1:colcon.colcon_core.environment:checking '/home/lfvargas/amr_ws/install/nova_nav2_bringup/bin'
[2.337s] INFO:colcon.colcon_core.shell:Creating package script '/home/lfvargas/amr_ws/install/nova_nav2_bringup/share/nova_nav2_bringup/package.ps1'
[2.338s] INFO:colcon.colcon_core.shell:Creating package descriptor '/home/lfvargas/amr_ws/install/nova_nav2_bringup/share/nova_nav2_bringup/package.dsv'
[2.338s] INFO:colcon.colcon_core.shell:Creating package script '/home/lfvargas/amr_ws/install/nova_nav2_bringup/share/nova_nav2_bringup/package.sh'
[2.339s] INFO:colcon.colcon_core.shell:Creating package script '/home/lfvargas/amr_ws/install/nova_nav2_bringup/share/nova_nav2_bringup/package.bash'
[2.340s] INFO:colcon.colcon_core.shell:Creating package script '/home/lfvargas/amr_ws/install/nova_nav2_bringup/share/nova_nav2_bringup/package.zsh'
[2.340s] Level 1:colcon.colcon_core.environment:create_file_with_runtime_dependencies(/home/lfvargas/amr_ws/install/nova_nav2_bringup/share/colcon-core/packages/nova_nav2_bringup)
[2.341s] Level 1:colcon.colcon_core.environment:create_environment_scripts_only(nova_nav2_bringup)
[2.341s] Level 1:colcon.colcon_core.environment:checking '/home/lfvargas/amr_ws/install/nova_nav2_bringup' for CMake module files
[2.342s] Level 1:colcon.colcon_core.environment:checking '/home/lfvargas/amr_ws/install/nova_nav2_bringup' for CMake config files
[2.342s] Level 1:colcon.colcon_core.shell:create_environment_hook('nova_nav2_bringup', 'cmake_prefix_path')
[2.342s] INFO:colcon.colcon_core.shell:Creating environment hook '/home/lfvargas/amr_ws/install/nova_nav2_bringup/share/nova_nav2_bringup/hook/cmake_prefix_path.ps1'
[2.343s] INFO:colcon.colcon_core.shell:Creating environment descriptor '/home/lfvargas/amr_ws/install/nova_nav2_bringup/share/nova_nav2_bringup/hook/cmake_prefix_path.dsv'
[2.343s] INFO:colcon.colcon_core.shell:Creating environment hook '/home/lfvargas/amr_ws/install/nova_nav2_bringup/share/nova_nav2_bringup/hook/cmake_prefix_path.sh'
[2.344s] Level 1:colcon.colcon_core.environment:checking '/home/lfvargas/amr_ws/install/nova_nav2_bringup/bin'
[2.344s] Level 1:colcon.colcon_core.environment:checking '/home/lfvargas/amr_ws/install/nova_nav2_bringup/lib/pkgconfig/nova_nav2_bringup.pc'
[2.344s] Level 1:colcon.colcon_core.environment:checking '/home/lfvargas/amr_ws/install/nova_nav2_bringup/lib/python3.10/site-packages'
[2.344s] Level 1:colcon.colcon_core.environment:checking '/home/lfvargas/amr_ws/install/nova_nav2_bringup/bin'
[2.345s] INFO:colcon.colcon_core.shell:Creating package script '/home/lfvargas/amr_ws/install/nova_nav2_bringup/share/nova_nav2_bringup/package.ps1'
[2.345s] INFO:colcon.colcon_core.shell:Creating package descriptor '/home/lfvargas/amr_ws/install/nova_nav2_bringup/share/nova_nav2_bringup/package.dsv'
[2.346s] INFO:colcon.colcon_core.shell:Creating package script '/home/lfvargas/amr_ws/install/nova_nav2_bringup/share/nova_nav2_bringup/package.sh'
[2.346s] INFO:colcon.colcon_core.shell:Creating package script '/home/lfvargas/amr_ws/install/nova_nav2_bringup/share/nova_nav2_bringup/package.bash'
[2.346s] INFO:colcon.colcon_core.shell:Creating package script '/home/lfvargas/amr_ws/install/nova_nav2_bringup/share/nova_nav2_bringup/package.zsh'
[2.347s] Level 1:colcon.colcon_core.environment:create_file_with_runtime_dependencies(/home/lfvargas/amr_ws/install/nova_nav2_bringup/share/colcon-core/packages/nova_nav2_bringup)
[2.360s] Level 1:colcon.colcon_core.shell:create_environment_hook('amr', 'pythonpath_develop')
[2.361s] INFO:colcon.colcon_core.shell:Creating environment hook '/home/lfvargas/amr_ws/build/amr/share/amr/hook/pythonpath_develop.ps1'
[2.361s] DEBUG:colcon.colcon_core.event_handler.log_command:Invoked command in '/home/lfvargas/amr_ws/build/amr' returned '0': PYTHONPATH=/home/lfvargas/amr_ws/build/amr/prefix_override:/usr/lib/python3/dist-packages/colcon_core/task/python/colcon_distutils_commands:/home/lfvargas/amr_ws/install/amr/lib/python3.10/site-packages:${PYTHONPATH} /usr/bin/python3 -W ignore:setup.py install is deprecated -W ignore:easy_install command is deprecated setup.py develop --editable --build-directory /home/lfvargas/amr_ws/build/amr/build --no-deps symlink_data
[2.362s] INFO:colcon.colcon_core.shell:Creating environment descriptor '/home/lfvargas/amr_ws/build/amr/share/amr/hook/pythonpath_develop.dsv'
[2.362s] INFO:colcon.colcon_core.shell:Creating environment hook '/home/lfvargas/amr_ws/build/amr/share/amr/hook/pythonpath_develop.sh'
[2.362s] Level 1:colcon.colcon_core.environment:checking '/home/lfvargas/amr_ws/install/amr' for CMake module files
[2.363s] Level 1:colcon.colcon_core.environment:checking '/home/lfvargas/amr_ws/install/amr' for CMake config files
[2.363s] Level 1:colcon.colcon_core.environment:checking '/home/lfvargas/amr_ws/install/amr/lib'
[2.363s] Level 1:colcon.colcon_core.environment:checking '/home/lfvargas/amr_ws/install/amr/bin'
[2.364s] Level 1:colcon.colcon_core.environment:checking '/home/lfvargas/amr_ws/install/amr/lib/pkgconfig/amr.pc'
[2.364s] Level 1:colcon.colcon_core.environment:checking '/home/lfvargas/amr_ws/install/amr/lib/python3.10/site-packages'
[2.364s] Level 1:colcon.colcon_core.shell:create_environment_hook('amr', 'pythonpath')
[2.364s] INFO:colcon.colcon_core.shell:Creating environment hook '/home/lfvargas/amr_ws/install/amr/share/amr/hook/pythonpath.ps1'
[2.365s] INFO:colcon.colcon_core.shell:Creating environment descriptor '/home/lfvargas/amr_ws/install/amr/share/amr/hook/pythonpath.dsv'
[2.365s] INFO:colcon.colcon_core.shell:Creating environment hook '/home/lfvargas/amr_ws/install/amr/share/amr/hook/pythonpath.sh'
[2.366s] Level 1:colcon.colcon_core.environment:checking '/home/lfvargas/amr_ws/install/amr/bin'
[2.366s] Level 1:colcon.colcon_core.environment:create_environment_scripts_only(amr)
[2.366s] INFO:colcon.colcon_core.shell:Creating package script '/home/lfvargas/amr_ws/install/amr/share/amr/package.ps1'
[2.367s] INFO:colcon.colcon_core.shell:Creating package descriptor '/home/lfvargas/amr_ws/install/amr/share/amr/package.dsv'
[2.367s] INFO:colcon.colcon_core.shell:Creating package script '/home/lfvargas/amr_ws/install/amr/share/amr/package.sh'
[2.368s] INFO:colcon.colcon_core.shell:Creating package script '/home/lfvargas/amr_ws/install/amr/share/amr/package.bash'
[2.368s] INFO:colcon.colcon_core.shell:Creating package script '/home/lfvargas/amr_ws/install/amr/share/amr/package.zsh'
[2.369s] Level 1:colcon.colcon_core.environment:create_file_with_runtime_dependencies(/home/lfvargas/amr_ws/install/amr/share/colcon-core/packages/amr)
[2.369s] Level 1:colcon.colcon_core.shell:create_environment_hook('amr_bringup', 'pythonpath_develop')
[2.369s] INFO:colcon.colcon_core.shell:Creating environment hook '/home/lfvargas/amr_ws/build/amr_bringup/share/amr_bringup/hook/pythonpath_develop.ps1'
[2.370s] INFO:colcon.colcon_core.shell:Creating environment descriptor '/home/lfvargas/amr_ws/build/amr_bringup/share/amr_bringup/hook/pythonpath_develop.dsv'
[2.371s] DEBUG:colcon.colcon_core.event_handler.log_command:Invoked command in '/home/lfvargas/amr_ws/build/amr_bringup' returned '0': PYTHONPATH=/home/lfvargas/amr_ws/build/amr_bringup/prefix_override:/usr/lib/python3/dist-packages/colcon_core/task/python/colcon_distutils_commands:/home/lfvargas/amr_ws/install/amr_bringup/lib/python3.10/site-packages:${PYTHONPATH} /usr/bin/python3 -W ignore:setup.py install is deprecated -W ignore:easy_install command is deprecated setup.py develop --editable --build-directory /home/lfvargas/amr_ws/build/amr_bringup/build --no-deps symlink_data
[2.371s] INFO:colcon.colcon_core.shell:Creating environment hook '/home/lfvargas/amr_ws/build/amr_bringup/share/amr_bringup/hook/pythonpath_develop.sh'
[2.371s] Level 1:colcon.colcon_core.environment:checking '/home/lfvargas/amr_ws/install/amr_bringup' for CMake module files
[2.372s] Level 1:colcon.colcon_core.environment:checking '/home/lfvargas/amr_ws/install/amr_bringup' for CMake config files
[2.372s] Level 1:colcon.colcon_core.environment:checking '/home/lfvargas/amr_ws/install/amr_bringup/lib'
[2.372s] Level 1:colcon.colcon_core.environment:checking '/home/lfvargas/amr_ws/install/amr_bringup/bin'
[2.372s] Level 1:colcon.colcon_core.environment:checking '/home/lfvargas/amr_ws/install/amr_bringup/lib/pkgconfig/amr_bringup.pc'
[2.372s] Level 1:colcon.colcon_core.environment:checking '/home/lfvargas/amr_ws/install/amr_bringup/lib/python3.10/site-packages'
[2.372s] Level 1:colcon.colcon_core.shell:create_environment_hook('amr_bringup', 'pythonpath')
[2.373s] INFO:colcon.colcon_core.shell:Creating environment hook '/home/lfvargas/amr_ws/install/amr_bringup/share/amr_bringup/hook/pythonpath.ps1'
[2.373s] INFO:colcon.colcon_core.shell:Creating environment descriptor '/home/lfvargas/amr_ws/install/amr_bringup/share/amr_bringup/hook/pythonpath.dsv'
[2.373s] INFO:colcon.colcon_core.shell:Creating environment hook '/home/lfvargas/amr_ws/install/amr_bringup/share/amr_bringup/hook/pythonpath.sh'
[2.374s] Level 1:colcon.colcon_core.environment:checking '/home/lfvargas/amr_ws/install/amr_bringup/bin'
[2.374s] Level 1:colcon.colcon_core.environment:create_environment_scripts_only(amr_bringup)
[2.374s] INFO:colcon.colcon_core.shell:Creating package script '/home/lfvargas/amr_ws/install/amr_bringup/share/amr_bringup/package.ps1'
[2.375s] INFO:colcon.colcon_core.shell:Creating package descriptor '/home/lfvargas/amr_ws/install/amr_bringup/share/amr_bringup/package.dsv'
[2.375s] INFO:colcon.colcon_core.shell:Creating package script '/home/lfvargas/amr_ws/install/amr_bringup/share/amr_bringup/package.sh'
[2.376s] INFO:colcon.colcon_core.shell:Creating package script '/home/lfvargas/amr_ws/install/amr_bringup/share/amr_bringup/package.bash'
[2.376s] INFO:colcon.colcon_core.shell:Creating package script '/home/lfvargas/amr_ws/install/amr_bringup/share/amr_bringup/package.zsh'
[2.376s] Level 1:colcon.colcon_core.environment:create_file_with_runtime_dependencies(/home/lfvargas/amr_ws/install/amr_bringup/share/colcon-core/packages/amr_bringup)
[2.376s] DEBUG:colcon.colcon_parallel_executor.executor.parallel:closing loop
[2.376s] DEBUG:colcon.colcon_parallel_executor.executor.parallel:loop closed
[2.376s] DEBUG:colcon.colcon_parallel_executor.executor.parallel:run_until_complete finished with '0'
[2.376s] DEBUG:colcon.colcon_core.event_reactor:joining thread
[2.381s] INFO:colcon.colcon_core.plugin_system:Skipping extension 'colcon_notification.desktop_notification.terminal_notifier': Not used on non-Darwin systems
[2.381s] INFO:colcon.colcon_core.plugin_system:Skipping extension 'colcon_notification.desktop_notification.win32': Not used on non-Windows systems
[2.381s] INFO:colcon.colcon_notification.desktop_notification:Sending desktop notification using 'notify2'
[2.391s] DEBUG:colcon.colcon_core.event_reactor:joined thread
[2.392s] INFO:colcon.colcon_core.shell:Creating prefix script '/home/lfvargas/amr_ws/install/local_setup.ps1'
[2.392s] INFO:colcon.colcon_core.shell:Creating prefix util module '/home/lfvargas/amr_ws/install/_local_setup_util_ps1.py'
[2.394s] INFO:colcon.colcon_core.shell:Creating prefix chain script '/home/lfvargas/amr_ws/install/setup.ps1'
[2.395s] INFO:colcon.colcon_core.shell:Creating prefix script '/home/lfvargas/amr_ws/install/local_setup.sh'
[2.395s] INFO:colcon.colcon_core.shell:Creating prefix util module '/home/lfvargas/amr_ws/install/_local_setup_util_sh.py'
[2.396s] INFO:colcon.colcon_core.shell:Creating prefix chain script '/home/lfvargas/amr_ws/install/setup.sh'
[2.397s] INFO:colcon.colcon_core.shell:Creating prefix script '/home/lfvargas/amr_ws/install/local_setup.bash'
[2.397s] INFO:colcon.colcon_core.shell:Creating prefix chain script '/home/lfvargas/amr_ws/install/setup.bash'
[2.398s] INFO:colcon.colcon_core.shell:Creating prefix script '/home/lfvargas/amr_ws/install/local_setup.zsh'
[2.398s] INFO:colcon.colcon_core.shell:Creating prefix chain script '/home/lfvargas/amr_ws/install/setup.zsh'
