[1.642s] Invoking command in '/home/lfvargas/amr_ws/build/amr': PYTHONPATH=/home/lfvargas/amr_ws/build/amr/prefix_override:/usr/lib/python3/dist-packages/colcon_core/task/python/colcon_distutils_commands:/home/lfvargas/amr_ws/install/amr/lib/python3.10/site-packages:${PYTHONPATH} /usr/bin/python3 -W ignore:setup.py install is deprecated -W ignore:easy_install command is deprecated setup.py develop --editable --build-directory /home/lfvargas/amr_ws/build/amr/build --no-deps symlink_data
[1.993s] running develop
[2.260s] running egg_info
[2.261s] writing amr.egg-info/PKG-INFO
[2.261s] writing dependency_links to amr.egg-info/dependency_links.txt
[2.261s] writing entry points to amr.egg-info/entry_points.txt
[2.261s] writing requirements to amr.egg-info/requires.txt
[2.261s] writing top-level names to amr.egg-info/top_level.txt
[2.263s] reading manifest file 'amr.egg-info/SOURCES.txt'
[2.321s] writing manifest file 'amr.egg-info/SOURCES.txt'
[2.369s] running build_ext
[2.369s] Creating /home/lfvargas/amr_ws/install/amr/lib/python3.10/site-packages/amr.egg-link (link to .)
[2.370s] Installing node_trigger_goal_1 script to /home/lfvargas/amr_ws/install/amr/lib/amr
[2.370s] Installing node_trigger_goal_2 script to /home/lfvargas/amr_ws/install/amr/lib/amr
[2.370s] Installing node_trigger_goal_3 script to /home/lfvargas/amr_ws/install/amr/lib/amr
[2.371s] Installing node_trigger_goal_4 script to /home/lfvargas/amr_ws/install/amr/lib/amr
[2.371s] Installing node_trigger_goal_tb3_1 script to /home/lfvargas/amr_ws/install/amr/lib/amr
[2.371s] Installing node_trigger_goal_tb3_2 script to /home/lfvargas/amr_ws/install/amr/lib/amr
[2.371s] 
[2.371s] Installed /home/lfvargas/amr_ws/build/amr
[2.371s] running symlink_data
[2.445s] Invoked command in '/home/lfvargas/amr_ws/build/amr' returned '0': PYTHONPATH=/home/lfvargas/amr_ws/build/amr/prefix_override:/usr/lib/python3/dist-packages/colcon_core/task/python/colcon_distutils_commands:/home/lfvargas/amr_ws/install/amr/lib/python3.10/site-packages:${PYTHONPATH} /usr/bin/python3 -W ignore:setup.py install is deprecated -W ignore:easy_install command is deprecated setup.py develop --editable --build-directory /home/lfvargas/amr_ws/build/amr/build --no-deps symlink_data
