[1.137s] Invoking command in '/home/lfvargas/amr_ws/build/amr': PYTHONPATH=/home/lfvargas/amr_ws/build/amr/prefix_override:/usr/lib/python3/dist-packages/colcon_core/task/python/colcon_distutils_commands:/home/lfvargas/amr_ws/install/amr/lib/python3.10/site-packages:${PYTHONPATH} /usr/bin/python3 -W ignore:setup.py install is deprecated -W ignore:easy_install command is deprecated setup.py develop --editable --build-directory /home/lfvargas/amr_ws/build/amr/build --no-deps symlink_data
[1.453s] running develop
[1.690s] running egg_info
[1.690s] writing amr.egg-info/PKG-INFO
[1.690s] writing dependency_links to amr.egg-info/dependency_links.txt
[1.690s] writing entry points to amr.egg-info/entry_points.txt
[1.691s] writing requirements to amr.egg-info/requires.txt
[1.691s] writing top-level names to amr.egg-info/top_level.txt
[1.693s] reading manifest file 'amr.egg-info/SOURCES.txt'
[1.694s] writing manifest file 'amr.egg-info/SOURCES.txt'
[1.737s] running build_ext
[1.737s] Creating /home/lfvargas/amr_ws/install/amr/lib/python3.10/site-packages/amr.egg-link (link to .)
[1.738s] Installing node_trigger_goal_1 script to /home/lfvargas/amr_ws/install/amr/lib/amr
[1.738s] Installing node_trigger_goal_2 script to /home/lfvargas/amr_ws/install/amr/lib/amr
[1.738s] Installing node_trigger_goal_3 script to /home/lfvargas/amr_ws/install/amr/lib/amr
[1.738s] Installing node_trigger_goal_4 script to /home/lfvargas/amr_ws/install/amr/lib/amr
[1.738s] Installing node_trigger_goal_tb3_1 script to /home/lfvargas/amr_ws/install/amr/lib/amr
[1.739s] Installing node_trigger_goal_tb3_2 script to /home/lfvargas/amr_ws/install/amr/lib/amr
[1.739s] 
[1.739s] Installed /home/lfvargas/amr_ws/build/amr
[1.739s] running symlink_data
[1.784s] Invoked command in '/home/lfvargas/amr_ws/build/amr' returned '0': PYTHONPATH=/home/lfvargas/amr_ws/build/amr/prefix_override:/usr/lib/python3/dist-packages/colcon_core/task/python/colcon_distutils_commands:/home/lfvargas/amr_ws/install/amr/lib/python3.10/site-packages:${PYTHONPATH} /usr/bin/python3 -W ignore:setup.py install is deprecated -W ignore:easy_install command is deprecated setup.py develop --editable --build-directory /home/lfvargas/amr_ws/build/amr/build --no-deps symlink_data
