[0.513s] DEBUG:colcon:Command line arguments: ['/usr/bin/colcon', 'build', '--symlink-install']
[0.513s] DEBUG:colcon:Parsed command line arguments: Namespace(log_base=None, log_level=None, verb_name='build', build_base='build', install_base='install', merge_install=False, symlink_install=True, test_result_base=None, continue_on_error=False, executor='parallel', parallel_workers=8, event_handlers=None, ignore_user_meta=False, metas=['./colcon.meta'], base_paths=['.'], packages_ignore=None, packages_ignore_regex=None, paths=None, packages_up_to=None, packages_up_to_regex=None, packages_above=None, packages_above_and_dependencies=None, packages_above_depth=None, packages_select_by_dep=None, packages_skip_by_dep=None, packages_skip_up_to=None, packages_select_build_failed=False, packages_skip_build_finished=False, packages_select_test_failures=False, packages_skip_test_passed=False, packages_select=None, packages_skip=None, packages_select_regex=None, packages_skip_regex=None, packages_start=None, packages_end=None, allow_overriding=[], cmake_args=None, cmake_target=None, cmake_target_skip_unavailable=False, cmake_clean_cache=False, cmake_clean_first=False, cmake_force_configure=False, ament_cmake_args=None, catkin_cmake_args=None, catkin_skip_building_tests=False, mixin_files=None, mixin=None, verb_parser=<colcon_mixin.mixin.mixin_argument.MixinArgumentDecorator object at 0x7633711aa380>, verb_extension=<colcon_core.verb.build.BuildVerb object at 0x76337112b9d0>, main=<bound method BuildVerb.main of <colcon_core.verb.build.BuildVerb object at 0x76337112b9d0>>, mixin_verb=('build',))
[8.049s] Level 1:colcon.colcon_core.package_discovery:discover_packages(colcon_meta) check parameters
[8.049s] Level 1:colcon.colcon_core.package_discovery:discover_packages(recursive) check parameters
[8.050s] Level 1:colcon.colcon_core.package_discovery:discover_packages(ignore) check parameters
[8.050s] Level 1:colcon.colcon_core.package_discovery:discover_packages(path) check parameters
[8.050s] Level 1:colcon.colcon_core.package_discovery:discover_packages(colcon_meta) discover
[8.050s] Level 1:colcon.colcon_core.package_discovery:discover_packages(recursive) discover
[8.050s] INFO:colcon.colcon_core.package_discovery:Crawling recursively for packages in '/home/lfvargas/amr_ws'
[8.051s] Level 1:colcon.colcon_core.package_identification:_identify(.) by extensions ['ignore', 'ignore_ament_install']
[8.051s] Level 1:colcon.colcon_core.package_identification:_identify(.) by extension 'ignore'
[8.051s] Level 1:colcon.colcon_core.package_identification:_identify(.) by extension 'ignore_ament_install'
[8.052s] Level 1:colcon.colcon_core.package_identification:_identify(.) by extensions ['colcon_pkg']
[8.052s] Level 1:colcon.colcon_core.package_identification:_identify(.) by extension 'colcon_pkg'
[8.052s] Level 1:colcon.colcon_core.package_identification:_identify(.) by extensions ['colcon_meta']
[8.052s] Level 1:colcon.colcon_core.package_identification:_identify(.) by extension 'colcon_meta'
[8.053s] Level 1:colcon.colcon_core.package_identification:_identify(.) by extensions ['ros']
[8.053s] Level 1:colcon.colcon_core.package_identification:_identify(.) by extension 'ros'
[8.231s] Level 1:colcon.colcon_core.package_identification:_identify(.) by extensions ['cmake', 'python']
[8.231s] Level 1:colcon.colcon_core.package_identification:_identify(.) by extension 'cmake'
[8.232s] Level 1:colcon.colcon_core.package_identification:_identify(.) by extension 'python'
[8.232s] Level 1:colcon.colcon_core.package_identification:_identify(.) by extensions ['python_setup_py']
[8.232s] Level 1:colcon.colcon_core.package_identification:_identify(.) by extension 'python_setup_py'
[8.232s] Level 1:colcon.colcon_core.package_identification:_identify(build) by extensions ['ignore', 'ignore_ament_install']
[8.233s] Level 1:colcon.colcon_core.package_identification:_identify(build) by extension 'ignore'
[8.233s] Level 1:colcon.colcon_core.package_identification:_identify(build) ignored
[8.233s] Level 1:colcon.colcon_core.package_identification:_identify(install) by extensions ['ignore', 'ignore_ament_install']
[8.234s] Level 1:colcon.colcon_core.package_identification:_identify(install) by extension 'ignore'
[8.234s] Level 1:colcon.colcon_core.package_identification:_identify(install) ignored
[8.234s] Level 1:colcon.colcon_core.package_identification:_identify(log) by extensions ['ignore', 'ignore_ament_install']
[8.234s] Level 1:colcon.colcon_core.package_identification:_identify(log) by extension 'ignore'
[8.234s] Level 1:colcon.colcon_core.package_identification:_identify(log) ignored
[8.235s] Level 1:colcon.colcon_core.package_identification:_identify(src) by extensions ['ignore', 'ignore_ament_install']
[8.235s] Level 1:colcon.colcon_core.package_identification:_identify(src) by extension 'ignore'
[8.235s] Level 1:colcon.colcon_core.package_identification:_identify(src) by extension 'ignore_ament_install'
[8.235s] Level 1:colcon.colcon_core.package_identification:_identify(src) by extensions ['colcon_pkg']
[8.235s] Level 1:colcon.colcon_core.package_identification:_identify(src) by extension 'colcon_pkg'
[8.235s] Level 1:colcon.colcon_core.package_identification:_identify(src) by extensions ['colcon_meta']
[8.236s] Level 1:colcon.colcon_core.package_identification:_identify(src) by extension 'colcon_meta'
[8.236s] Level 1:colcon.colcon_core.package_identification:_identify(src) by extensions ['ros']
[8.236s] Level 1:colcon.colcon_core.package_identification:_identify(src) by extension 'ros'
[8.236s] Level 1:colcon.colcon_core.package_identification:_identify(src) by extensions ['cmake', 'python']
[8.236s] Level 1:colcon.colcon_core.package_identification:_identify(src) by extension 'cmake'
[8.236s] Level 1:colcon.colcon_core.package_identification:_identify(src) by extension 'python'
[8.236s] Level 1:colcon.colcon_core.package_identification:_identify(src) by extensions ['python_setup_py']
[8.236s] Level 1:colcon.colcon_core.package_identification:_identify(src) by extension 'python_setup_py'
[8.237s] Level 1:colcon.colcon_core.package_identification:_identify(src/amr) by extensions ['ignore', 'ignore_ament_install']
[8.237s] Level 1:colcon.colcon_core.package_identification:_identify(src/amr) by extension 'ignore'
[8.237s] Level 1:colcon.colcon_core.package_identification:_identify(src/amr) by extension 'ignore_ament_install'
[8.237s] Level 1:colcon.colcon_core.package_identification:_identify(src/amr) by extensions ['colcon_pkg']
[8.237s] Level 1:colcon.colcon_core.package_identification:_identify(src/amr) by extension 'colcon_pkg'
[8.237s] Level 1:colcon.colcon_core.package_identification:_identify(src/amr) by extensions ['colcon_meta']
[8.237s] Level 1:colcon.colcon_core.package_identification:_identify(src/amr) by extension 'colcon_meta'
[8.237s] Level 1:colcon.colcon_core.package_identification:_identify(src/amr) by extensions ['ros']
[8.238s] Level 1:colcon.colcon_core.package_identification:_identify(src/amr) by extension 'ros'
[8.266s] DEBUG:colcon.colcon_core.package_identification:Package 'src/amr' with type 'ros.ament_python' and name 'amr'
[8.266s] Level 1:colcon.colcon_core.package_identification:_identify(src/amr_bringup) by extensions ['ignore', 'ignore_ament_install']
[8.266s] Level 1:colcon.colcon_core.package_identification:_identify(src/amr_bringup) by extension 'ignore'
[8.267s] Level 1:colcon.colcon_core.package_identification:_identify(src/amr_bringup) by extension 'ignore_ament_install'
[8.267s] Level 1:colcon.colcon_core.package_identification:_identify(src/amr_bringup) by extensions ['colcon_pkg']
[8.267s] Level 1:colcon.colcon_core.package_identification:_identify(src/amr_bringup) by extension 'colcon_pkg'
[8.267s] Level 1:colcon.colcon_core.package_identification:_identify(src/amr_bringup) by extensions ['colcon_meta']
[8.267s] Level 1:colcon.colcon_core.package_identification:_identify(src/amr_bringup) by extension 'colcon_meta'
[8.267s] Level 1:colcon.colcon_core.package_identification:_identify(src/amr_bringup) by extensions ['ros']
[8.267s] Level 1:colcon.colcon_core.package_identification:_identify(src/amr_bringup) by extension 'ros'
[8.269s] DEBUG:colcon.colcon_core.package_identification:Package 'src/amr_bringup' with type 'ros.ament_python' and name 'amr_bringup'
[8.269s] Level 1:colcon.colcon_core.package_identification:_identify(src/nav2_bringup) by extensions ['ignore', 'ignore_ament_install']
[8.269s] Level 1:colcon.colcon_core.package_identification:_identify(src/nav2_bringup) by extension 'ignore'
[8.269s] Level 1:colcon.colcon_core.package_identification:_identify(src/nav2_bringup) by extension 'ignore_ament_install'
[8.270s] Level 1:colcon.colcon_core.package_identification:_identify(src/nav2_bringup) by extensions ['colcon_pkg']
[8.270s] Level 1:colcon.colcon_core.package_identification:_identify(src/nav2_bringup) by extension 'colcon_pkg'
[8.270s] Level 1:colcon.colcon_core.package_identification:_identify(src/nav2_bringup) by extensions ['colcon_meta']
[8.270s] Level 1:colcon.colcon_core.package_identification:_identify(src/nav2_bringup) by extension 'colcon_meta'
[8.270s] Level 1:colcon.colcon_core.package_identification:_identify(src/nav2_bringup) by extensions ['ros']
[8.270s] Level 1:colcon.colcon_core.package_identification:_identify(src/nav2_bringup) by extension 'ros'
[8.284s] DEBUG:colcon.colcon_core.package_identification:Package 'src/nav2_bringup' with type 'ros.ament_cmake' and name 'nova_nav2_bringup'
[8.284s] Level 1:colcon.colcon_core.package_identification:_identify(web) by extensions ['ignore', 'ignore_ament_install']
[8.284s] Level 1:colcon.colcon_core.package_identification:_identify(web) by extension 'ignore'
[8.285s] Level 1:colcon.colcon_core.package_identification:_identify(web) by extension 'ignore_ament_install'
[8.285s] Level 1:colcon.colcon_core.package_identification:_identify(web) by extensions ['colcon_pkg']
[8.285s] Level 1:colcon.colcon_core.package_identification:_identify(web) by extension 'colcon_pkg'
[8.285s] Level 1:colcon.colcon_core.package_identification:_identify(web) by extensions ['colcon_meta']
[8.285s] Level 1:colcon.colcon_core.package_identification:_identify(web) by extension 'colcon_meta'
[8.285s] Level 1:colcon.colcon_core.package_identification:_identify(web) by extensions ['ros']
[8.285s] Level 1:colcon.colcon_core.package_identification:_identify(web) by extension 'ros'
[8.285s] Level 1:colcon.colcon_core.package_identification:_identify(web) by extensions ['cmake', 'python']
[8.285s] Level 1:colcon.colcon_core.package_identification:_identify(web) by extension 'cmake'
[8.285s] Level 1:colcon.colcon_core.package_identification:_identify(web) by extension 'python'
[8.286s] Level 1:colcon.colcon_core.package_identification:_identify(web) by extensions ['python_setup_py']
[8.286s] Level 1:colcon.colcon_core.package_identification:_identify(web) by extension 'python_setup_py'
[8.286s] Level 1:colcon.colcon_core.package_discovery:discover_packages(recursive) using defaults
[8.286s] Level 1:colcon.colcon_core.package_discovery:discover_packages(ignore) discover
[8.286s] Level 1:colcon.colcon_core.package_discovery:discover_packages(ignore) using defaults
[8.286s] Level 1:colcon.colcon_core.package_discovery:discover_packages(path) discover
[8.286s] Level 1:colcon.colcon_core.package_discovery:discover_packages(path) using defaults
[9.252s] Level 1:colcon.colcon_core.package_discovery:discover_packages(prefix_path) check parameters
[9.252s] Level 1:colcon.colcon_core.package_discovery:discover_packages(prefix_path) discover
[9.464s] DEBUG:colcon.colcon_installed_package_information.package_discovery:Found 3 installed packages in /home/lfvargas/amr_ws/install
[9.466s] DEBUG:colcon.colcon_installed_package_information.package_discovery:Found 3 installed packages in /home/lfvargas/ros2_ws2/install
[9.485s] DEBUG:colcon.colcon_installed_package_information.package_discovery:Found 17 installed packages in /home/lfvargas/ros2_ws/install
[9.494s] DEBUG:colcon.colcon_installed_package_information.package_discovery:Found 504 installed packages in /opt/ros/humble
[9.504s] Level 1:colcon.colcon_core.package_discovery:discover_packages(prefix_path) using defaults
[10.060s] Level 5:colcon.colcon_core.verb:set package 'amr' build argument 'cmake_args' from command line to 'None'
[10.060s] Level 5:colcon.colcon_core.verb:set package 'amr' build argument 'cmake_target' from command line to 'None'
[10.060s] Level 5:colcon.colcon_core.verb:set package 'amr' build argument 'cmake_target_skip_unavailable' from command line to 'False'
[10.060s] Level 5:colcon.colcon_core.verb:set package 'amr' build argument 'cmake_clean_cache' from command line to 'False'
[10.060s] Level 5:colcon.colcon_core.verb:set package 'amr' build argument 'cmake_clean_first' from command line to 'False'
[10.060s] Level 5:colcon.colcon_core.verb:set package 'amr' build argument 'cmake_force_configure' from command line to 'False'
[10.060s] Level 5:colcon.colcon_core.verb:set package 'amr' build argument 'ament_cmake_args' from command line to 'None'
[10.060s] Level 5:colcon.colcon_core.verb:set package 'amr' build argument 'catkin_cmake_args' from command line to 'None'
[10.060s] Level 5:colcon.colcon_core.verb:set package 'amr' build argument 'catkin_skip_building_tests' from command line to 'False'
[10.060s] DEBUG:colcon.colcon_core.verb:Building package 'amr' with the following arguments: {'ament_cmake_args': None, 'build_base': '/home/lfvargas/amr_ws/build/amr', 'catkin_cmake_args': None, 'catkin_skip_building_tests': False, 'cmake_args': None, 'cmake_clean_cache': False, 'cmake_clean_first': False, 'cmake_force_configure': False, 'cmake_target': None, 'cmake_target_skip_unavailable': False, 'install_base': '/home/lfvargas/amr_ws/install/amr', 'merge_install': False, 'path': '/home/lfvargas/amr_ws/src/amr', 'symlink_install': True, 'test_result_base': None}
[10.061s] Level 5:colcon.colcon_core.verb:set package 'amr_bringup' build argument 'cmake_args' from command line to 'None'
[10.061s] Level 5:colcon.colcon_core.verb:set package 'amr_bringup' build argument 'cmake_target' from command line to 'None'
[10.061s] Level 5:colcon.colcon_core.verb:set package 'amr_bringup' build argument 'cmake_target_skip_unavailable' from command line to 'False'
[10.061s] Level 5:colcon.colcon_core.verb:set package 'amr_bringup' build argument 'cmake_clean_cache' from command line to 'False'
[10.061s] Level 5:colcon.colcon_core.verb:set package 'amr_bringup' build argument 'cmake_clean_first' from command line to 'False'
[10.061s] Level 5:colcon.colcon_core.verb:set package 'amr_bringup' build argument 'cmake_force_configure' from command line to 'False'
[10.061s] Level 5:colcon.colcon_core.verb:set package 'amr_bringup' build argument 'ament_cmake_args' from command line to 'None'
[10.061s] Level 5:colcon.colcon_core.verb:set package 'amr_bringup' build argument 'catkin_cmake_args' from command line to 'None'
[10.061s] Level 5:colcon.colcon_core.verb:set package 'amr_bringup' build argument 'catkin_skip_building_tests' from command line to 'False'
[10.061s] DEBUG:colcon.colcon_core.verb:Building package 'amr_bringup' with the following arguments: {'ament_cmake_args': None, 'build_base': '/home/lfvargas/amr_ws/build/amr_bringup', 'catkin_cmake_args': None, 'catkin_skip_building_tests': False, 'cmake_args': None, 'cmake_clean_cache': False, 'cmake_clean_first': False, 'cmake_force_configure': False, 'cmake_target': None, 'cmake_target_skip_unavailable': False, 'install_base': '/home/lfvargas/amr_ws/install/amr_bringup', 'merge_install': False, 'path': '/home/lfvargas/amr_ws/src/amr_bringup', 'symlink_install': True, 'test_result_base': None}
[10.061s] Level 5:colcon.colcon_core.verb:set package 'nova_nav2_bringup' build argument 'cmake_args' from command line to 'None'
[10.061s] Level 5:colcon.colcon_core.verb:set package 'nova_nav2_bringup' build argument 'cmake_target' from command line to 'None'
[10.061s] Level 5:colcon.colcon_core.verb:set package 'nova_nav2_bringup' build argument 'cmake_target_skip_unavailable' from command line to 'False'
[10.061s] Level 5:colcon.colcon_core.verb:set package 'nova_nav2_bringup' build argument 'cmake_clean_cache' from command line to 'False'
[10.061s] Level 5:colcon.colcon_core.verb:set package 'nova_nav2_bringup' build argument 'cmake_clean_first' from command line to 'False'
[10.061s] Level 5:colcon.colcon_core.verb:set package 'nova_nav2_bringup' build argument 'cmake_force_configure' from command line to 'False'
[10.061s] Level 5:colcon.colcon_core.verb:set package 'nova_nav2_bringup' build argument 'ament_cmake_args' from command line to 'None'
[10.061s] Level 5:colcon.colcon_core.verb:set package 'nova_nav2_bringup' build argument 'catkin_cmake_args' from command line to 'None'
[10.061s] Level 5:colcon.colcon_core.verb:set package 'nova_nav2_bringup' build argument 'catkin_skip_building_tests' from command line to 'False'
[10.061s] DEBUG:colcon.colcon_core.verb:Building package 'nova_nav2_bringup' with the following arguments: {'ament_cmake_args': None, 'build_base': '/home/lfvargas/amr_ws/build/nova_nav2_bringup', 'catkin_cmake_args': None, 'catkin_skip_building_tests': False, 'cmake_args': None, 'cmake_clean_cache': False, 'cmake_clean_first': False, 'cmake_force_configure': False, 'cmake_target': None, 'cmake_target_skip_unavailable': False, 'install_base': '/home/lfvargas/amr_ws/install/nova_nav2_bringup', 'merge_install': False, 'path': '/home/lfvargas/amr_ws/src/nav2_bringup', 'symlink_install': True, 'test_result_base': None}
[10.062s] INFO:colcon.colcon_core.executor:Executing jobs using 'parallel' executor
[10.062s] DEBUG:colcon.colcon_parallel_executor.executor.parallel:run_until_complete
[10.063s] INFO:colcon.colcon_ros.task.ament_python.build:Building ROS package in '/home/lfvargas/amr_ws/src/amr' with build type 'ament_python'
[10.063s] Level 1:colcon.colcon_core.shell:create_environment_hook('amr', 'ament_prefix_path')
[10.259s] INFO:colcon.colcon_core.plugin_system:Skipping extension 'colcon_core.shell.bat': Not used on non-Windows systems
[10.260s] INFO:colcon.colcon_core.shell:Creating environment hook '/home/lfvargas/amr_ws/install/amr/share/amr/hook/ament_prefix_path.ps1'
[10.264s] INFO:colcon.colcon_core.shell:Creating environment descriptor '/home/lfvargas/amr_ws/install/amr/share/amr/hook/ament_prefix_path.dsv'
[10.290s] INFO:colcon.colcon_core.shell:Creating environment hook '/home/lfvargas/amr_ws/install/amr/share/amr/hook/ament_prefix_path.sh'
[10.296s] INFO:colcon.colcon_core.shell:Skip shell extension 'powershell' for command environment: Not usable outside of PowerShell
[10.296s] DEBUG:colcon.colcon_core.shell:Skip shell extension 'dsv' for command environment
[10.325s] INFO:colcon.colcon_ros.task.ament_python.build:Building ROS package in '/home/lfvargas/amr_ws/src/amr_bringup' with build type 'ament_python'
[10.326s] Level 1:colcon.colcon_core.shell:create_environment_hook('amr_bringup', 'ament_prefix_path')
[10.328s] INFO:colcon.colcon_core.shell:Creating environment hook '/home/lfvargas/amr_ws/install/amr_bringup/share/amr_bringup/hook/ament_prefix_path.ps1'
[10.330s] INFO:colcon.colcon_core.shell:Creating environment descriptor '/home/lfvargas/amr_ws/install/amr_bringup/share/amr_bringup/hook/ament_prefix_path.dsv'
[10.332s] INFO:colcon.colcon_core.shell:Creating environment hook '/home/lfvargas/amr_ws/install/amr_bringup/share/amr_bringup/hook/ament_prefix_path.sh'
[10.334s] INFO:colcon.colcon_core.shell:Skip shell extension 'powershell' for command environment: Not usable outside of PowerShell
[10.334s] DEBUG:colcon.colcon_core.shell:Skip shell extension 'dsv' for command environment
[10.354s] INFO:colcon.colcon_ros.task.ament_cmake.build:Building ROS package in '/home/lfvargas/amr_ws/src/nav2_bringup' with build type 'ament_cmake'
[10.354s] INFO:colcon.colcon_cmake.task.cmake.build:Building CMake package in '/home/lfvargas/amr_ws/src/nav2_bringup'
[10.355s] INFO:colcon.colcon_core.shell:Skip shell extension 'powershell' for command environment: Not usable outside of PowerShell
[10.356s] DEBUG:colcon.colcon_core.shell:Skip shell extension 'dsv' for command environment
[10.698s] INFO:colcon.colcon_core.task.python.build:Building Python package in '/home/lfvargas/amr_ws/src/amr'
[10.698s] INFO:colcon.colcon_core.shell:Skip shell extension 'powershell' for command environment: Not usable outside of PowerShell
[10.698s] DEBUG:colcon.colcon_core.shell:Skip shell extension 'dsv' for command environment
[11.067s] INFO:colcon.colcon_core.task.python.build:Building Python package in '/home/lfvargas/amr_ws/src/amr_bringup'
[11.067s] INFO:colcon.colcon_core.shell:Skip shell extension 'powershell' for command environment: Not usable outside of PowerShell
[11.067s] DEBUG:colcon.colcon_core.shell:Skip shell extension 'dsv' for command environment
[11.182s] DEBUG:colcon.colcon_core.event_handler.log_command:Invoking command in '/home/lfvargas/amr_ws/build/nova_nav2_bringup': CMAKE_PREFIX_PATH=${CMAKE_PREFIX_PATH}:/home/lfvargas/amr_ws/install/amr_bringup:/home/lfvargas/amr_ws/install/amr /usr/bin/cmake --build /home/lfvargas/amr_ws/build/nova_nav2_bringup -- -j8 -l8
[12.803s] DEBUG:colcon.colcon_core.event_handler.log_command:Invoked command in '/home/lfvargas/amr_ws/build/nova_nav2_bringup' returned '0': CMAKE_PREFIX_PATH=${CMAKE_PREFIX_PATH}:/home/lfvargas/amr_ws/install/amr_bringup:/home/lfvargas/amr_ws/install/amr /usr/bin/cmake --build /home/lfvargas/amr_ws/build/nova_nav2_bringup -- -j8 -l8
[13.016s] DEBUG:colcon.colcon_core.event_handler.log_command:Invoking command in '/home/lfvargas/amr_ws/build/nova_nav2_bringup': CMAKE_PREFIX_PATH=${CMAKE_PREFIX_PATH}:/home/lfvargas/amr_ws/install/amr_bringup:/home/lfvargas/amr_ws/install/amr /usr/bin/cmake --install /home/lfvargas/amr_ws/build/nova_nav2_bringup
[13.420s] Level 1:colcon.colcon_core.environment:create_environment_scripts_only(nova_nav2_bringup)
[13.422s] DEBUG:colcon.colcon_core.event_handler.log_command:Invoked command in '/home/lfvargas/amr_ws/build/nova_nav2_bringup' returned '0': CMAKE_PREFIX_PATH=${CMAKE_PREFIX_PATH}:/home/lfvargas/amr_ws/install/amr_bringup:/home/lfvargas/amr_ws/install/amr /usr/bin/cmake --install /home/lfvargas/amr_ws/build/nova_nav2_bringup
[13.485s] Level 1:colcon.colcon_core.environment:checking '/home/lfvargas/amr_ws/install/nova_nav2_bringup' for CMake module files
[13.485s] Level 1:colcon.colcon_core.environment:checking '/home/lfvargas/amr_ws/install/nova_nav2_bringup' for CMake config files
[13.485s] Level 1:colcon.colcon_core.shell:create_environment_hook('nova_nav2_bringup', 'cmake_prefix_path')
[13.486s] INFO:colcon.colcon_core.shell:Creating environment hook '/home/lfvargas/amr_ws/install/nova_nav2_bringup/share/nova_nav2_bringup/hook/cmake_prefix_path.ps1'
[13.486s] INFO:colcon.colcon_core.shell:Creating environment descriptor '/home/lfvargas/amr_ws/install/nova_nav2_bringup/share/nova_nav2_bringup/hook/cmake_prefix_path.dsv'
[13.486s] INFO:colcon.colcon_core.shell:Creating environment hook '/home/lfvargas/amr_ws/install/nova_nav2_bringup/share/nova_nav2_bringup/hook/cmake_prefix_path.sh'
[13.487s] Level 1:colcon.colcon_core.environment:checking '/home/lfvargas/amr_ws/install/nova_nav2_bringup/bin'
[13.487s] Level 1:colcon.colcon_core.environment:checking '/home/lfvargas/amr_ws/install/nova_nav2_bringup/lib/pkgconfig/nova_nav2_bringup.pc'
[13.487s] Level 1:colcon.colcon_core.environment:checking '/home/lfvargas/amr_ws/install/nova_nav2_bringup/lib/python3.10/site-packages'
[13.488s] Level 1:colcon.colcon_core.environment:checking '/home/lfvargas/amr_ws/install/nova_nav2_bringup/bin'
[13.488s] INFO:colcon.colcon_core.shell:Creating package script '/home/lfvargas/amr_ws/install/nova_nav2_bringup/share/nova_nav2_bringup/package.ps1'
[13.526s] INFO:colcon.colcon_core.shell:Creating package descriptor '/home/lfvargas/amr_ws/install/nova_nav2_bringup/share/nova_nav2_bringup/package.dsv'
[13.529s] INFO:colcon.colcon_core.shell:Creating package script '/home/lfvargas/amr_ws/install/nova_nav2_bringup/share/nova_nav2_bringup/package.sh'
[13.532s] INFO:colcon.colcon_core.shell:Creating package script '/home/lfvargas/amr_ws/install/nova_nav2_bringup/share/nova_nav2_bringup/package.bash'
[13.536s] INFO:colcon.colcon_core.shell:Creating package script '/home/lfvargas/amr_ws/install/nova_nav2_bringup/share/nova_nav2_bringup/package.zsh'
[13.539s] Level 1:colcon.colcon_core.environment:create_file_with_runtime_dependencies(/home/lfvargas/amr_ws/install/nova_nav2_bringup/share/colcon-core/packages/nova_nav2_bringup)
[13.541s] Level 1:colcon.colcon_core.environment:create_environment_scripts_only(nova_nav2_bringup)
[13.542s] Level 1:colcon.colcon_core.environment:checking '/home/lfvargas/amr_ws/install/nova_nav2_bringup' for CMake module files
[13.544s] Level 1:colcon.colcon_core.environment:checking '/home/lfvargas/amr_ws/install/nova_nav2_bringup' for CMake config files
[13.545s] Level 1:colcon.colcon_core.shell:create_environment_hook('nova_nav2_bringup', 'cmake_prefix_path')
[13.546s] INFO:colcon.colcon_core.shell:Creating environment hook '/home/lfvargas/amr_ws/install/nova_nav2_bringup/share/nova_nav2_bringup/hook/cmake_prefix_path.ps1'
[13.547s] INFO:colcon.colcon_core.shell:Creating environment descriptor '/home/lfvargas/amr_ws/install/nova_nav2_bringup/share/nova_nav2_bringup/hook/cmake_prefix_path.dsv'
[13.548s] INFO:colcon.colcon_core.shell:Creating environment hook '/home/lfvargas/amr_ws/install/nova_nav2_bringup/share/nova_nav2_bringup/hook/cmake_prefix_path.sh'
[13.550s] Level 1:colcon.colcon_core.environment:checking '/home/lfvargas/amr_ws/install/nova_nav2_bringup/bin'
[13.550s] Level 1:colcon.colcon_core.environment:checking '/home/lfvargas/amr_ws/install/nova_nav2_bringup/lib/pkgconfig/nova_nav2_bringup.pc'
[13.551s] Level 1:colcon.colcon_core.environment:checking '/home/lfvargas/amr_ws/install/nova_nav2_bringup/lib/python3.10/site-packages'
[13.553s] Level 1:colcon.colcon_core.environment:checking '/home/lfvargas/amr_ws/install/nova_nav2_bringup/bin'
[13.554s] INFO:colcon.colcon_core.shell:Creating package script '/home/lfvargas/amr_ws/install/nova_nav2_bringup/share/nova_nav2_bringup/package.ps1'
[13.555s] INFO:colcon.colcon_core.shell:Creating package descriptor '/home/lfvargas/amr_ws/install/nova_nav2_bringup/share/nova_nav2_bringup/package.dsv'
[13.570s] INFO:colcon.colcon_core.shell:Creating package script '/home/lfvargas/amr_ws/install/nova_nav2_bringup/share/nova_nav2_bringup/package.sh'
[13.571s] INFO:colcon.colcon_core.shell:Creating package script '/home/lfvargas/amr_ws/install/nova_nav2_bringup/share/nova_nav2_bringup/package.bash'
[13.572s] INFO:colcon.colcon_core.shell:Creating package script '/home/lfvargas/amr_ws/install/nova_nav2_bringup/share/nova_nav2_bringup/package.zsh'
[13.573s] Level 1:colcon.colcon_core.environment:create_file_with_runtime_dependencies(/home/lfvargas/amr_ws/install/nova_nav2_bringup/share/colcon-core/packages/nova_nav2_bringup)
[16.189s] DEBUG:colcon.colcon_core.event_handler.log_command:Invoking command in '/home/lfvargas/amr_ws/build/amr': PYTHONPATH=/home/lfvargas/amr_ws/build/amr/prefix_override:/usr/lib/python3/dist-packages/colcon_core/task/python/colcon_distutils_commands:/home/lfvargas/amr_ws/install/amr/lib/python3.10/site-packages:${PYTHONPATH} /usr/bin/python3 -W ignore:setup.py install is deprecated -W ignore:easy_install command is deprecated setup.py develop --editable --build-directory /home/lfvargas/amr_ws/build/amr/build --no-deps symlink_data
[16.196s] DEBUG:colcon.colcon_core.event_handler.log_command:Invoking command in '/home/lfvargas/amr_ws/build/amr_bringup': PYTHONPATH=/home/lfvargas/amr_ws/build/amr_bringup/prefix_override:/usr/lib/python3/dist-packages/colcon_core/task/python/colcon_distutils_commands:/home/lfvargas/amr_ws/install/amr_bringup/lib/python3.10/site-packages:${PYTHONPATH} /usr/bin/python3 -W ignore:setup.py install is deprecated -W ignore:easy_install command is deprecated setup.py develop --editable --build-directory /home/lfvargas/amr_ws/build/amr_bringup/build --no-deps symlink_data
[17.022s] Level 1:colcon.colcon_core.shell:create_environment_hook('amr_bringup', 'pythonpath_develop')
[17.023s] INFO:colcon.colcon_core.shell:Creating environment hook '/home/lfvargas/amr_ws/build/amr_bringup/share/amr_bringup/hook/pythonpath_develop.ps1'
[17.023s] DEBUG:colcon.colcon_core.event_handler.log_command:Invoked command in '/home/lfvargas/amr_ws/build/amr_bringup' returned '0': PYTHONPATH=/home/lfvargas/amr_ws/build/amr_bringup/prefix_override:/usr/lib/python3/dist-packages/colcon_core/task/python/colcon_distutils_commands:/home/lfvargas/amr_ws/install/amr_bringup/lib/python3.10/site-packages:${PYTHONPATH} /usr/bin/python3 -W ignore:setup.py install is deprecated -W ignore:easy_install command is deprecated setup.py develop --editable --build-directory /home/lfvargas/amr_ws/build/amr_bringup/build --no-deps symlink_data
[17.023s] INFO:colcon.colcon_core.shell:Creating environment descriptor '/home/lfvargas/amr_ws/build/amr_bringup/share/amr_bringup/hook/pythonpath_develop.dsv'
[17.024s] INFO:colcon.colcon_core.shell:Creating environment hook '/home/lfvargas/amr_ws/build/amr_bringup/share/amr_bringup/hook/pythonpath_develop.sh'
[17.024s] Level 1:colcon.colcon_core.environment:checking '/home/lfvargas/amr_ws/install/amr_bringup' for CMake module files
[17.025s] Level 1:colcon.colcon_core.environment:checking '/home/lfvargas/amr_ws/install/amr_bringup' for CMake config files
[17.025s] Level 1:colcon.colcon_core.environment:checking '/home/lfvargas/amr_ws/install/amr_bringup/lib'
[17.025s] Level 1:colcon.colcon_core.environment:checking '/home/lfvargas/amr_ws/install/amr_bringup/bin'
[17.025s] Level 1:colcon.colcon_core.environment:checking '/home/lfvargas/amr_ws/install/amr_bringup/lib/pkgconfig/amr_bringup.pc'
[17.025s] Level 1:colcon.colcon_core.environment:checking '/home/lfvargas/amr_ws/install/amr_bringup/lib/python3.10/site-packages'
[17.025s] Level 1:colcon.colcon_core.shell:create_environment_hook('amr_bringup', 'pythonpath')
[17.026s] INFO:colcon.colcon_core.shell:Creating environment hook '/home/lfvargas/amr_ws/install/amr_bringup/share/amr_bringup/hook/pythonpath.ps1'
[17.026s] INFO:colcon.colcon_core.shell:Creating environment descriptor '/home/lfvargas/amr_ws/install/amr_bringup/share/amr_bringup/hook/pythonpath.dsv'
[17.026s] INFO:colcon.colcon_core.shell:Creating environment hook '/home/lfvargas/amr_ws/install/amr_bringup/share/amr_bringup/hook/pythonpath.sh'
[17.027s] Level 1:colcon.colcon_core.environment:checking '/home/lfvargas/amr_ws/install/amr_bringup/bin'
[17.027s] Level 1:colcon.colcon_core.environment:create_environment_scripts_only(amr_bringup)
[17.027s] INFO:colcon.colcon_core.shell:Creating package script '/home/lfvargas/amr_ws/install/amr_bringup/share/amr_bringup/package.ps1'
[17.036s] INFO:colcon.colcon_core.shell:Creating package descriptor '/home/lfvargas/amr_ws/install/amr_bringup/share/amr_bringup/package.dsv'
[17.036s] INFO:colcon.colcon_core.shell:Creating package script '/home/lfvargas/amr_ws/install/amr_bringup/share/amr_bringup/package.sh'
[17.036s] INFO:colcon.colcon_core.shell:Creating package script '/home/lfvargas/amr_ws/install/amr_bringup/share/amr_bringup/package.bash'
[17.037s] INFO:colcon.colcon_core.shell:Creating package script '/home/lfvargas/amr_ws/install/amr_bringup/share/amr_bringup/package.zsh'
[17.037s] Level 1:colcon.colcon_core.environment:create_file_with_runtime_dependencies(/home/lfvargas/amr_ws/install/amr_bringup/share/colcon-core/packages/amr_bringup)
[17.075s] Level 1:colcon.colcon_core.shell:create_environment_hook('amr', 'pythonpath_develop')
[17.075s] INFO:colcon.colcon_core.shell:Creating environment hook '/home/lfvargas/amr_ws/build/amr/share/amr/hook/pythonpath_develop.ps1'
[17.076s] DEBUG:colcon.colcon_core.event_handler.log_command:Invoked command in '/home/lfvargas/amr_ws/build/amr' returned '0': PYTHONPATH=/home/lfvargas/amr_ws/build/amr/prefix_override:/usr/lib/python3/dist-packages/colcon_core/task/python/colcon_distutils_commands:/home/lfvargas/amr_ws/install/amr/lib/python3.10/site-packages:${PYTHONPATH} /usr/bin/python3 -W ignore:setup.py install is deprecated -W ignore:easy_install command is deprecated setup.py develop --editable --build-directory /home/lfvargas/amr_ws/build/amr/build --no-deps symlink_data
[17.076s] INFO:colcon.colcon_core.shell:Creating environment descriptor '/home/lfvargas/amr_ws/build/amr/share/amr/hook/pythonpath_develop.dsv'
[17.077s] INFO:colcon.colcon_core.shell:Creating environment hook '/home/lfvargas/amr_ws/build/amr/share/amr/hook/pythonpath_develop.sh'
[17.077s] Level 1:colcon.colcon_core.environment:checking '/home/lfvargas/amr_ws/install/amr' for CMake module files
[17.078s] Level 1:colcon.colcon_core.environment:checking '/home/lfvargas/amr_ws/install/amr' for CMake config files
[17.115s] Level 1:colcon.colcon_core.environment:checking '/home/lfvargas/amr_ws/install/amr/lib'
[17.115s] Level 1:colcon.colcon_core.environment:checking '/home/lfvargas/amr_ws/install/amr/bin'
[17.116s] Level 1:colcon.colcon_core.environment:checking '/home/lfvargas/amr_ws/install/amr/lib/pkgconfig/amr.pc'
[17.116s] Level 1:colcon.colcon_core.environment:checking '/home/lfvargas/amr_ws/install/amr/lib/python3.10/site-packages'
[17.116s] Level 1:colcon.colcon_core.shell:create_environment_hook('amr', 'pythonpath')
[17.116s] INFO:colcon.colcon_core.shell:Creating environment hook '/home/lfvargas/amr_ws/install/amr/share/amr/hook/pythonpath.ps1'
[17.117s] INFO:colcon.colcon_core.shell:Creating environment descriptor '/home/lfvargas/amr_ws/install/amr/share/amr/hook/pythonpath.dsv'
[17.117s] INFO:colcon.colcon_core.shell:Creating environment hook '/home/lfvargas/amr_ws/install/amr/share/amr/hook/pythonpath.sh'
[17.118s] Level 1:colcon.colcon_core.environment:checking '/home/lfvargas/amr_ws/install/amr/bin'
[17.118s] Level 1:colcon.colcon_core.environment:create_environment_scripts_only(amr)
[17.118s] INFO:colcon.colcon_core.shell:Creating package script '/home/lfvargas/amr_ws/install/amr/share/amr/package.ps1'
[17.119s] INFO:colcon.colcon_core.shell:Creating package descriptor '/home/lfvargas/amr_ws/install/amr/share/amr/package.dsv'
[17.120s] INFO:colcon.colcon_core.shell:Creating package script '/home/lfvargas/amr_ws/install/amr/share/amr/package.sh'
[17.120s] INFO:colcon.colcon_core.shell:Creating package script '/home/lfvargas/amr_ws/install/amr/share/amr/package.bash'
[17.121s] INFO:colcon.colcon_core.shell:Creating package script '/home/lfvargas/amr_ws/install/amr/share/amr/package.zsh'
[17.121s] Level 1:colcon.colcon_core.environment:create_file_with_runtime_dependencies(/home/lfvargas/amr_ws/install/amr/share/colcon-core/packages/amr)
[17.121s] DEBUG:colcon.colcon_parallel_executor.executor.parallel:closing loop
[17.121s] DEBUG:colcon.colcon_parallel_executor.executor.parallel:loop closed
[17.122s] DEBUG:colcon.colcon_parallel_executor.executor.parallel:run_until_complete finished with '0'
[17.122s] DEBUG:colcon.colcon_core.event_reactor:joining thread
[17.131s] INFO:colcon.colcon_core.plugin_system:Skipping extension 'colcon_notification.desktop_notification.terminal_notifier': Not used on non-Darwin systems
[17.132s] INFO:colcon.colcon_core.plugin_system:Skipping extension 'colcon_notification.desktop_notification.win32': Not used on non-Windows systems
[17.132s] INFO:colcon.colcon_notification.desktop_notification:Sending desktop notification using 'notify2'
[17.144s] DEBUG:colcon.colcon_core.event_reactor:joined thread
[17.145s] INFO:colcon.colcon_core.shell:Creating prefix script '/home/lfvargas/amr_ws/install/local_setup.ps1'
[17.174s] INFO:colcon.colcon_core.shell:Creating prefix util module '/home/lfvargas/amr_ws/install/_local_setup_util_ps1.py'
[17.176s] INFO:colcon.colcon_core.shell:Creating prefix chain script '/home/lfvargas/amr_ws/install/setup.ps1'
[17.178s] INFO:colcon.colcon_core.shell:Creating prefix script '/home/lfvargas/amr_ws/install/local_setup.sh'
[17.179s] INFO:colcon.colcon_core.shell:Creating prefix util module '/home/lfvargas/amr_ws/install/_local_setup_util_sh.py'
[17.180s] INFO:colcon.colcon_core.shell:Creating prefix chain script '/home/lfvargas/amr_ws/install/setup.sh'
[17.182s] INFO:colcon.colcon_core.shell:Creating prefix script '/home/lfvargas/amr_ws/install/local_setup.bash'
[17.183s] INFO:colcon.colcon_core.shell:Creating prefix chain script '/home/lfvargas/amr_ws/install/setup.bash'
[17.185s] INFO:colcon.colcon_core.shell:Creating prefix script '/home/lfvargas/amr_ws/install/local_setup.zsh'
[17.187s] INFO:colcon.colcon_core.shell:Creating prefix chain script '/home/lfvargas/amr_ws/install/setup.zsh'
