[0.637s] Invoking command in '/home/lfvargas/amr_ws/build/nova_nav2_bringup': CMAKE_PREFIX_PATH=${CMAKE_PREFIX_PATH}:/home/lfvargas/amr_ws/install/amr_bringup:/home/lfvargas/amr_ws/install/amr /usr/bin/cmake /home/lfvargas/amr_ws/src/nav2_bringup -DAMENT_CMAKE_SYMLINK_INSTALL=1 -DCMAKE_INSTALL_PREFIX=/home/lfvargas/amr_ws/install/nova_nav2_bringup
[0.696s] -- The C compiler identification is GNU 11.4.0
[0.758s] -- The CXX compiler identification is GNU 11.4.0
[0.765s] -- Detecting C compiler ABI info
[0.836s] -- Detecting C compiler ABI info - done
[0.844s] -- Check for working C compiler: /usr/bin/cc - skipped
[0.844s] -- Detecting C compile features
[0.845s] -- Detecting C compile features - done
[0.848s] -- Detecting CXX compiler ABI info
[0.929s] -- Detecting CXX compiler ABI info - done
[0.937s] -- Check for working CXX compiler: /usr/bin/c++ - skipped
[0.938s] -- Detecting CXX compile features
[0.938s] -- Detecting CXX compile features - done
[0.941s] -- Found ament_cmake: 1.3.12 (/opt/ros/humble/share/ament_cmake/cmake)
[1.148s] -- Found Python3: /usr/bin/python3 (found version "3.10.12") found components: Interpreter 
[1.218s] -- Override CMake install command with custom implementation using symlinks instead of copying resources
[1.256s] -- Found nav2_common: 1.1.18 (/opt/ros/humble/share/nav2_common/cmake)
[1.259s] -- Found navigation2: 1.1.18 (/opt/ros/humble/share/navigation2/cmake)
[1.260s] -- Setting build type to Release as none was specified.
[1.264s] -- Found ament_lint_auto: 0.12.14 (/opt/ros/humble/share/ament_lint_auto/cmake)
[1.399s] -- Added test 'copyright' to check source files copyright and LICENSE
[1.412s] -- Added test 'flake8' to check Python code syntax and style conventions
[1.414s] -- Added test 'lint_cmake' to check CMake code style
[1.415s] -- Added test 'pep257' to check Python code against some of the docstring style conventions in PEP 257
[1.423s] -- Added test 'xmllint' to check XML markup files
[1.425s] -- Configuring done
[1.428s] -- Generating done
[1.429s] -- Build files have been written to: /home/lfvargas/amr_ws/build/nova_nav2_bringup
[1.434s] Invoked command in '/home/lfvargas/amr_ws/build/nova_nav2_bringup' returned '0': CMAKE_PREFIX_PATH=${CMAKE_PREFIX_PATH}:/home/lfvargas/amr_ws/install/amr_bringup:/home/lfvargas/amr_ws/install/amr /usr/bin/cmake /home/lfvargas/amr_ws/src/nav2_bringup -DAMENT_CMAKE_SYMLINK_INSTALL=1 -DCMAKE_INSTALL_PREFIX=/home/lfvargas/amr_ws/install/nova_nav2_bringup
[1.436s] Invoking command in '/home/lfvargas/amr_ws/build/nova_nav2_bringup': CMAKE_PREFIX_PATH=${CMAKE_PREFIX_PATH}:/home/lfvargas/amr_ws/install/amr_bringup:/home/lfvargas/amr_ws/install/amr /usr/bin/cmake --build /home/lfvargas/amr_ws/build/nova_nav2_bringup -- -j8 -l8
[1.476s] Invoked command in '/home/lfvargas/amr_ws/build/nova_nav2_bringup' returned '0': CMAKE_PREFIX_PATH=${CMAKE_PREFIX_PATH}:/home/lfvargas/amr_ws/install/amr_bringup:/home/lfvargas/amr_ws/install/amr /usr/bin/cmake --build /home/lfvargas/amr_ws/build/nova_nav2_bringup -- -j8 -l8
[1.487s] Invoking command in '/home/lfvargas/amr_ws/build/nova_nav2_bringup': CMAKE_PREFIX_PATH=${CMAKE_PREFIX_PATH}:/home/lfvargas/amr_ws/install/amr_bringup:/home/lfvargas/amr_ws/install/amr /usr/bin/cmake --install /home/lfvargas/amr_ws/build/nova_nav2_bringup
[1.495s] -- Install configuration: "Release"
[1.495s] -- Execute custom install script
[1.496s] -- Symlinking: /home/lfvargas/amr_ws/install/nova_nav2_bringup/share/nova_nav2_bringup/launch/amr_simulation_launch.py
[1.505s] -- Symlinking: /home/lfvargas/amr_ws/install/nova_nav2_bringup/share/nova_nav2_bringup/launch/bringup_launch.py
[1.515s] -- Symlinking: /home/lfvargas/amr_ws/install/nova_nav2_bringup/share/nova_nav2_bringup/launch/cloned_multi_tb3_simulation_launch.py
[1.526s] -- Symlinking: /home/lfvargas/amr_ws/install/nova_nav2_bringup/share/nova_nav2_bringup/launch/localization_launch.py
[1.537s] -- Symlinking: /home/lfvargas/amr_ws/install/nova_nav2_bringup/share/nova_nav2_bringup/launch/navigation_launch.py
[1.546s] -- Symlinking: /home/lfvargas/amr_ws/install/nova_nav2_bringup/share/nova_nav2_bringup/launch/nova_launch.py
[1.555s] -- Symlinking: /home/lfvargas/amr_ws/install/nova_nav2_bringup/share/nova_nav2_bringup/launch/rviz_launch.py
[1.564s] -- Symlinking: /home/lfvargas/amr_ws/install/nova_nav2_bringup/share/nova_nav2_bringup/launch/slam_launch.py
[1.573s] -- Symlinking: /home/lfvargas/amr_ws/install/nova_nav2_bringup/share/nova_nav2_bringup/launch/tb3_real_launch.py
[1.583s] -- Symlinking: /home/lfvargas/amr_ws/install/nova_nav2_bringup/share/nova_nav2_bringup/launch/unique_multi_tb3_simulation_launch.py
[1.593s] -- Symlinking: /home/lfvargas/amr_ws/install/nova_nav2_bringup/share/nova_nav2_bringup/maps/turtlebot3_world.pgm
[1.602s] -- Symlinking: /home/lfvargas/amr_ws/install/nova_nav2_bringup/share/nova_nav2_bringup/maps/turtlebot3_world.yaml
[1.611s] -- Symlinking: /home/lfvargas/amr_ws/install/nova_nav2_bringup/share/nova_nav2_bringup/rviz/nav2_default_view.rviz
[1.621s] -- Symlinking: /home/lfvargas/amr_ws/install/nova_nav2_bringup/share/nova_nav2_bringup/rviz/nav2_namespaced_view.rviz
[1.631s] -- Symlinking: /home/lfvargas/amr_ws/install/nova_nav2_bringup/share/nova_nav2_bringup/worlds/model.sdf
[1.640s] -- Symlinking: /home/lfvargas/amr_ws/install/nova_nav2_bringup/share/nova_nav2_bringup/worlds/waffle.model
[1.649s] -- Symlinking: /home/lfvargas/amr_ws/install/nova_nav2_bringup/share/nova_nav2_bringup/worlds/world_only.model
[1.659s] -- Symlinking: /home/lfvargas/amr_ws/install/nova_nav2_bringup/share/nova_nav2_bringup/params/nav2_multirobot_params_1.yaml
[1.668s] -- Symlinking: /home/lfvargas/amr_ws/install/nova_nav2_bringup/share/nova_nav2_bringup/params/nav2_multirobot_params_2.yaml
[1.677s] -- Symlinking: /home/lfvargas/amr_ws/install/nova_nav2_bringup/share/nova_nav2_bringup/params/nav2_multirobot_params_all.yaml
[1.687s] -- Symlinking: /home/lfvargas/amr_ws/install/nova_nav2_bringup/share/nova_nav2_bringup/params/nav2_params.yaml
[1.697s] -- Symlinking: /home/lfvargas/amr_ws/install/nova_nav2_bringup/share/nova_nav2_bringup/params/old_params.yaml
[1.706s] -- Symlinking: /home/lfvargas/amr_ws/install/nova_nav2_bringup/share/nova_nav2_bringup/urdf/turtlebot3_waffle.urdf
[1.715s] -- Symlinking: /home/lfvargas/amr_ws/install/nova_nav2_bringup/share/nova_nav2_bringup/urdf/turtlebot3_waffle_1.urdf
[1.726s] -- Symlinking: /home/lfvargas/amr_ws/install/nova_nav2_bringup/share/ament_index/resource_index/package_run_dependencies/nova_nav2_bringup
[1.735s] -- Symlinking: /home/lfvargas/amr_ws/install/nova_nav2_bringup/share/ament_index/resource_index/parent_prefix_path/nova_nav2_bringup
[1.745s] -- Symlinking: /home/lfvargas/amr_ws/install/nova_nav2_bringup/share/nova_nav2_bringup/environment/ament_prefix_path.sh
[1.754s] -- Symlinking: /home/lfvargas/amr_ws/install/nova_nav2_bringup/share/nova_nav2_bringup/environment/ament_prefix_path.dsv
[1.763s] -- Symlinking: /home/lfvargas/amr_ws/install/nova_nav2_bringup/share/nova_nav2_bringup/environment/path.sh
[1.773s] -- Symlinking: /home/lfvargas/amr_ws/install/nova_nav2_bringup/share/nova_nav2_bringup/environment/path.dsv
[1.782s] -- Symlinking: /home/lfvargas/amr_ws/install/nova_nav2_bringup/share/nova_nav2_bringup/local_setup.bash
[1.792s] -- Symlinking: /home/lfvargas/amr_ws/install/nova_nav2_bringup/share/nova_nav2_bringup/local_setup.sh
[1.801s] -- Symlinking: /home/lfvargas/amr_ws/install/nova_nav2_bringup/share/nova_nav2_bringup/local_setup.zsh
[1.811s] -- Symlinking: /home/lfvargas/amr_ws/install/nova_nav2_bringup/share/nova_nav2_bringup/local_setup.dsv
[1.821s] -- Symlinking: /home/lfvargas/amr_ws/install/nova_nav2_bringup/share/nova_nav2_bringup/package.dsv
[1.832s] -- Symlinking: /home/lfvargas/amr_ws/install/nova_nav2_bringup/share/ament_index/resource_index/packages/nova_nav2_bringup
[1.842s] -- Symlinking: /home/lfvargas/amr_ws/install/nova_nav2_bringup/share/nova_nav2_bringup/cmake/nova_nav2_bringupConfig.cmake
[1.852s] -- Symlinking: /home/lfvargas/amr_ws/install/nova_nav2_bringup/share/nova_nav2_bringup/cmake/nova_nav2_bringupConfig-version.cmake
[1.863s] -- Symlinking: /home/lfvargas/amr_ws/install/nova_nav2_bringup/share/nova_nav2_bringup/package.xml
[1.876s] Invoked command in '/home/lfvargas/amr_ws/build/nova_nav2_bringup' returned '0': CMAKE_PREFIX_PATH=${CMAKE_PREFIX_PATH}:/home/lfvargas/amr_ws/install/amr_bringup:/home/lfvargas/amr_ws/install/amr /usr/bin/cmake --install /home/lfvargas/amr_ws/build/nova_nav2_bringup
